2023-10-15 11:03:07,802 [INFO] Activator:176 - 


2023-10-15 11:03:07,810 [INFO] Activator:177 - !SESSION log4j initialized
2023-10-15 11:03:16,373 [INFO] LogOutputStream:77 - [STDOUT_REDIRECT] 
2023-10-15 11:03:38,175 [ERROR] LogOutputStream:75 - [STDERR_REDIRECT] SLF4J: Failed to load class "org.slf4j.impl.StaticLoggerBinder".
2023-10-15 11:03:38,176 [ERROR] LogOutputStream:75 - [STDERR_REDIRECT] SLF4J: Defaulting to no-operation (NOP) logger implementation
2023-10-15 11:03:38,178 [ERROR] LogOutputStream:75 - [STDERR_REDIRECT] SLF4J: See http://www.slf4j.org/codes.html#StaticLoggerBinder for further details.
2023-10-15 17:45:57,101 [INFO] ApplicationProperties:184 - Using Application install path: /app/stm32cubeide/plugins/com.st.stm32cube.common.mx_6.8.0.202302231600
2023-10-15 17:45:57,129 [INFO] DbMcusXml:78 - Set database path to: /app/stm32cubeide/plugins/com.st.stm32cube.common.mx_6.8.0.202302231600//db//mcu/
2023-10-15 17:45:57,130 [INFO] ApiDb:274 - Set plugin database path to: /app/stm32cubeide/plugins/com.st.stm32cube.common.mx_6.8.0.202302231600//db//plugins/boardmanager/
2023-10-15 17:45:57,133 [WARN] ApiDb:259 - Overriding images path with different value:  => /app/stm32cubeide/plugins/com.st.stm32cube.common.mx_6.8.0.202302231600//db//plugins/mcufinder/images/
2023-10-15 17:45:57,154 [INFO] ApiDb:250 - Set database path to: /home/alhasanbondok/.stmcufinder/plugins/mcufinder//mcu/
2023-10-15 17:45:57,156 [INFO] DbMcusAds:125 - Set database path to: /home/alhasanbondok/.stmcufinder/plugins/mcufinder//mcu/
2023-10-15 17:45:57,667 [INFO] CrossReferenceDbSqlite:203 - Set database path to: /home/alhasanbondok/.stmcufinder/plugins/mcufinder//mcu/cs/
2023-10-15 17:45:57,824 [INFO] RulesReader:64 - Compatibility file has been processed (293 Rules)
2023-10-15 17:45:57,910 [INFO] DbMcusXml:78 - Set database path to: /app/stm32cubeide/plugins/com.st.stm32cube.common.mx_6.8.0.202302231600//db//mcu/
2023-10-15 17:45:57,910 [INFO] ApiDb:274 - Set plugin database path to: /app/stm32cubeide/plugins/com.st.stm32cube.common.mx_6.8.0.202302231600//db//plugins/boardmanager/
2023-10-15 17:45:57,911 [INFO] ApiDb:261 - Set plugin images path to: /app/stm32cubeide/plugins/com.st.stm32cube.common.mx_6.8.0.202302231600//db//plugins/mcufinder/images/
2023-10-15 17:45:57,911 [WARN] DbFile:41 - Overriding database path with different value: /home/alhasanbondok/.stmcufinder/plugins/mcufinder/ => /home/alhasanbondok/.stmcufinder/plugins/mcufinder
2023-10-15 17:45:57,911 [INFO] ApiDb:250 - Set database path to: /home/alhasanbondok/.stmcufinder/plugins/mcufinder//mcu/
2023-10-15 17:45:57,911 [WARN] DbFile:41 - Overriding database path with different value: /home/alhasanbondok/.stmcufinder/plugins/mcufinder/ => /home/alhasanbondok/.stmcufinder/plugins/mcufinder
2023-10-15 17:45:57,911 [INFO] DbMcusAds:125 - Set database path to: /home/alhasanbondok/.stmcufinder/plugins/mcufinder//mcu/
2023-10-15 17:45:57,912 [WARN] DbFile:41 - Overriding database path with different value: /home/alhasanbondok/.stmcufinder/plugins/mcufinder/ => /home/alhasanbondok/.stmcufinder/plugins/mcufinder
2023-10-15 17:45:57,912 [WARN] DbFile:41 - Overriding database path with different value: /home/alhasanbondok/.stmcufinder/plugins/mcufinder/ => /home/alhasanbondok/.stmcufinder/plugins/mcufinder
2023-10-15 17:45:57,912 [INFO] CrossReferenceDbSqlite:203 - Set database path to: /home/alhasanbondok/.stmcufinder/plugins/mcufinder//mcu/cs/
2023-10-15 17:45:58,023 [INFO] MainPanel:253 - HeapMemory: 519045120
2023-10-15 17:45:58,186 [INFO] DbMcusXml:78 - Set database path to: /app/stm32cubeide/plugins/com.st.stm32cube.common.mx_6.8.0.202302231600//db//mcu/
2023-10-15 17:45:58,186 [INFO] ApiDb:274 - Set plugin database path to: /app/stm32cubeide/plugins/com.st.stm32cube.common.mx_6.8.0.202302231600//db//plugins/boardmanager/
2023-10-15 17:45:58,187 [INFO] ApiDb:261 - Set plugin images path to: /app/stm32cubeide/plugins/com.st.stm32cube.common.mx_6.8.0.202302231600//db//plugins/mcufinder/images/
2023-10-15 17:45:58,187 [WARN] DbFile:41 - Overriding database path with different value: /home/alhasanbondok/.stmcufinder/plugins/mcufinder/ => /home/alhasanbondok/.stmcufinder/plugins/mcufinder
2023-10-15 17:45:58,188 [INFO] ApiDb:250 - Set database path to: /home/alhasanbondok/.stmcufinder/plugins/mcufinder//mcu/
2023-10-15 17:45:58,188 [WARN] DbFile:41 - Overriding database path with different value: /home/alhasanbondok/.stmcufinder/plugins/mcufinder/ => /home/alhasanbondok/.stmcufinder/plugins/mcufinder
2023-10-15 17:45:58,188 [INFO] DbMcusAds:125 - Set database path to: /home/alhasanbondok/.stmcufinder/plugins/mcufinder//mcu/
2023-10-15 17:45:58,188 [WARN] DbFile:41 - Overriding database path with different value: /home/alhasanbondok/.stmcufinder/plugins/mcufinder/ => /home/alhasanbondok/.stmcufinder/plugins/mcufinder
2023-10-15 17:45:58,189 [WARN] DbFile:41 - Overriding database path with different value: /home/alhasanbondok/.stmcufinder/plugins/mcufinder/ => /home/alhasanbondok/.stmcufinder/plugins/mcufinder
2023-10-15 17:45:58,189 [INFO] CrossReferenceDbSqlite:203 - Set database path to: /home/alhasanbondok/.stmcufinder/plugins/mcufinder//mcu/cs/
2023-10-15 17:45:58,219 [INFO] ApplicationProperties:184 - Using Application install path: /app/stm32cubeide/plugins/com.st.stm32cube.common.mx_6.8.0.202302231600
2023-10-15 17:45:58,222 [INFO] PluginManage:196 - Search for loadable plugins [exclusion list=, ]
2023-10-15 17:45:58,224 [INFO] PluginManage:310 - Check plugin analytics
2023-10-15 17:45:58,430 [INFO] AnalyticsPlugin:253 - Accepted Software Licenses: 
2023-10-15 17:45:58,430 [INFO] AnalyticsPlugin:255 - Accepted CMSIS Pack Licenses: 
2023-10-15 17:45:58,430 [INFO] AnalyticsPlugin:257 - Accepted Firmware Licenses: FW.F4.1.27.0
2023-10-15 17:45:58,436 [INFO] PluginManage:359 - Loaded plugin analytics (category:tool,tabindex:-1)
2023-10-15 17:45:58,437 [INFO] PluginManage:310 - Check plugin cadmodel
2023-10-15 17:45:58,494 [INFO] CADModel:105 - Init CAD model plugin
2023-10-15 17:45:58,495 [INFO] PluginManage:359 - Loaded plugin cadmodel (category:power,tabindex:5)
2023-10-15 17:45:58,495 [INFO] PluginManage:310 - Check plugin clock
2023-10-15 17:45:58,507 [INFO] PluginManage:359 - Loaded plugin clock (category:base,tabindex:2)
2023-10-15 17:45:58,507 [INFO] PluginManage:310 - Check plugin ddr
2023-10-15 17:45:58,511 [INFO] PluginManage:359 - Loaded plugin ddr (category:tool,tabindex:6)
2023-10-15 17:45:58,511 [INFO] PluginManage:310 - Check plugin filemanager
2023-10-15 17:45:58,689 [INFO] PluginManage:359 - Loaded plugin filemanager (category:base,tabindex:10)
2023-10-15 17:45:58,689 [INFO] PluginManage:310 - Check plugin ipmanager
2023-10-15 17:45:58,697 [INFO] PluginManage:359 - Loaded plugin ipmanager (category:base,tabindex:5)
2023-10-15 17:45:58,697 [INFO] PluginManage:310 - Check plugin lpbam
2023-10-15 17:45:58,708 [INFO] PluginManage:359 - Loaded plugin lpbam (category:base,tabindex:0)
2023-10-15 17:45:58,708 [INFO] PluginManage:310 - Check plugin pinoutandconfiguration
2023-10-15 17:45:58,720 [INFO] PluginManage:359 - Loaded plugin pinoutandconfiguration (category:base,tabindex:1)
2023-10-15 17:45:58,720 [INFO] PluginManage:310 - Check plugin pinoutconfig
2023-10-15 17:45:58,829 [WARN] SupportedApi:132 - Cannot load RTOS API schema: s4s-elt-must-match.1: The content of 'definitions' must match (annotation?, (simpleType | complexType)?, (unique | key | keyref)*)). A problem was found starting at: attribute.
2023-10-15 17:45:59,025 [INFO] PluginManage:359 - Loaded plugin pinoutconfig (category:base,tabindex:0)
2023-10-15 17:45:59,026 [INFO] PluginManage:310 - Check plugin power
2023-10-15 17:45:59,044 [INFO] PluginManage:359 - Loaded plugin power (category:power,tabindex:4)
2023-10-15 17:45:59,044 [INFO] PluginManage:310 - Check plugin projectmanager
2023-10-15 17:45:59,065 [INFO] PluginManage:359 - Loaded plugin projectmanager (category:projectmanager,tabindex:3)
2023-10-15 17:45:59,065 [INFO] PluginManage:310 - Check plugin thirdparty
2023-10-15 17:45:59,219 [WARN] IntegrityCheckThread:84 - waiting for thirdparty lock release [integrity check]
2023-10-15 17:45:59,220 [INFO] PluginManage:359 - Loaded plugin thirdparty (category:base,tabindex:-1)
2023-10-15 17:45:59,220 [INFO] IntegrityCheckThread:86 - entering critical section [integrity check]
2023-10-15 17:45:59,220 [INFO] PluginManage:310 - Check plugin tools
2023-10-15 17:45:59,224 [INFO] PluginManage:359 - Loaded plugin tools (category:base,tabindex:7)
2023-10-15 17:45:59,225 [INFO] PluginManage:310 - Check plugin tutovideos
2023-10-15 17:45:59,227 [INFO] ThirdPartyUpdaterWithRetryManager:70 - Updater plugin not ready yet. [1/15]
2023-10-15 17:45:59,499 [INFO] PluginManage:359 - Loaded plugin tutovideos (category:base,tabindex:-1)
2023-10-15 17:45:59,499 [INFO] PluginManage:310 - Check plugin updater
2023-10-15 17:45:59,518 [INFO] PluginManage:359 - Loaded plugin updater (category:base,tabindex:12)
2023-10-15 17:45:59,519 [INFO] PluginManage:283 - PluginManage : Loaded plugins [15]
2023-10-15 17:45:59,815 [INFO] PinOutPanel:1499 - setPackage(No Configuration,No Configuration)
2023-10-15 17:45:59,932 [INFO] CADModel:165 - CPN selected for project level
2023-10-15 17:45:59,933 [INFO] CADModel:114 - Register for checkConnection events
2023-10-15 17:45:59,948 [INFO] IPUIPlugin:80 - create IPUIPlugin
2023-10-15 17:45:59,951 [INFO] PluginManager:220 - loadIPPluginJar : add plateformsettings
2023-10-15 17:45:59,956 [INFO] IPUIPlugin:80 - create IPUIPlugin
2023-10-15 17:45:59,956 [INFO] PluginManager:220 - loadIPPluginJar : add dfsdm
2023-10-15 17:45:59,962 [INFO] IPUIPlugin:80 - create IPUIPlugin
2023-10-15 17:45:59,962 [INFO] PluginManager:220 - loadIPPluginJar : add gpio
2023-10-15 17:45:59,971 [INFO] IPUIPlugin:80 - create IPUIPlugin
2023-10-15 17:45:59,972 [INFO] PluginManager:220 - loadIPPluginJar : add opamp
2023-10-15 17:45:59,975 [INFO] IPUIPlugin:80 - create IPUIPlugin
2023-10-15 17:45:59,975 [INFO] PluginManager:220 - loadIPPluginJar : add pdm2pcm
2023-10-15 17:45:59,979 [INFO] IPUIPlugin:80 - create IPUIPlugin
2023-10-15 17:45:59,979 [INFO] PluginManager:220 - loadIPPluginJar : add ipddr
2023-10-15 17:45:59,987 [INFO] IPUIPlugin:80 - create IPUIPlugin
2023-10-15 17:45:59,987 [INFO] PluginManager:220 - loadIPPluginJar : add mdma
2023-10-15 17:45:59,991 [INFO] IPUIPlugin:80 - create IPUIPlugin
2023-10-15 17:45:59,991 [INFO] PluginManager:220 - loadIPPluginJar : add usart
2023-10-15 17:45:59,994 [INFO] IPUIPlugin:80 - create IPUIPlugin
2023-10-15 17:45:59,994 [INFO] PluginManager:220 - loadIPPluginJar : add tracer_emb
2023-10-15 17:45:59,997 [INFO] IPUIPlugin:80 - create IPUIPlugin
2023-10-15 17:45:59,997 [INFO] PluginManager:220 - loadIPPluginJar : add ucpd
2023-10-15 17:46:00,006 [INFO] IPUIPlugin:80 - create IPUIPlugin
2023-10-15 17:46:00,007 [INFO] PluginManager:220 - loadIPPluginJar : add freertos
2023-10-15 17:46:00,014 [INFO] IPUIPlugin:80 - create IPUIPlugin
2023-10-15 17:46:00,014 [INFO] PluginManager:220 - loadIPPluginJar : add fmc
2023-10-15 17:46:00,024 [INFO] IPUIPlugin:80 - create IPUIPlugin
2023-10-15 17:46:00,025 [INFO] PluginManager:220 - loadIPPluginJar : add linkedlist
2023-10-15 17:46:00,033 [INFO] IPUIPlugin:80 - create IPUIPlugin
2023-10-15 17:46:00,034 [INFO] PluginManager:220 - loadIPPluginJar : add dma
2023-10-15 17:46:00,037 [INFO] IPUIPlugin:80 - create IPUIPlugin
2023-10-15 17:46:00,037 [INFO] PluginManager:220 - loadIPPluginJar : add hash
2023-10-15 17:46:00,043 [INFO] IPUIPlugin:80 - create IPUIPlugin
2023-10-15 17:46:00,043 [INFO] PluginManager:220 - loadIPPluginJar : add stm32_wpan
2023-10-15 17:46:00,047 [INFO] IPUIPlugin:80 - create IPUIPlugin
2023-10-15 17:46:00,047 [INFO] PluginManager:220 - loadIPPluginJar : add i3c
2023-10-15 17:46:00,050 [INFO] IPUIPlugin:80 - create IPUIPlugin
2023-10-15 17:46:00,051 [INFO] PluginManager:220 - loadIPPluginJar : add touchsensing
2023-10-15 17:46:00,053 [INFO] IPUIPlugin:80 - create IPUIPlugin
2023-10-15 17:46:00,053 [INFO] PluginManager:220 - loadIPPluginJar : add cryp
2023-10-15 17:46:00,058 [INFO] IPUIPlugin:80 - create IPUIPlugin
2023-10-15 17:46:00,059 [INFO] PluginManager:220 - loadIPPluginJar : add nvic
2023-10-15 17:46:00,060 [INFO] IPUIPlugin:80 - create IPUIPlugin
2023-10-15 17:46:00,060 [INFO] PluginManager:220 - loadIPPluginJar : add ltdc
2023-10-15 17:46:00,064 [INFO] IPUIPlugin:80 - create IPUIPlugin
2023-10-15 17:46:00,064 [INFO] PluginManager:220 - loadIPPluginJar : add gtzc
2023-10-15 17:46:00,068 [INFO] IPUIPlugin:80 - create IPUIPlugin
2023-10-15 17:46:00,068 [INFO] PluginManager:220 - loadIPPluginJar : add usbx
2023-10-15 17:46:00,071 [INFO] IPUIPlugin:80 - create IPUIPlugin
2023-10-15 17:46:00,071 [INFO] PluginManager:220 - loadIPPluginJar : add ts
2023-10-15 17:46:00,074 [INFO] IPUIPlugin:80 - create IPUIPlugin
2023-10-15 17:46:00,074 [INFO] PluginManager:220 - loadIPPluginJar : add genericplugin
2023-10-15 17:46:00,078 [INFO] IPUIPlugin:80 - create IPUIPlugin
2023-10-15 17:46:00,079 [INFO] PluginManager:220 - loadIPPluginJar : add can
2023-10-15 17:46:00,083 [INFO] IPUIPlugin:80 - create IPUIPlugin
2023-10-15 17:46:00,083 [INFO] PluginManager:220 - loadIPPluginJar : add openamp
2023-10-15 17:46:00,085 [INFO] IPUIPlugin:80 - create IPUIPlugin
2023-10-15 17:46:00,086 [INFO] PluginManager:220 - loadIPPluginJar : add fatfs
2023-10-15 17:46:00,090 [INFO] IPUIPlugin:80 - create IPUIPlugin
2023-10-15 17:46:00,090 [INFO] PluginManager:220 - loadIPPluginJar : add i2s
2023-10-15 17:46:00,099 [INFO] IPUIPlugin:80 - create IPUIPlugin
2023-10-15 17:46:00,099 [INFO] PluginManager:220 - loadIPPluginJar : add adc
2023-10-15 17:46:00,107 [INFO] IPUIPlugin:80 - create IPUIPlugin
2023-10-15 17:46:00,107 [INFO] PluginManager:220 - loadIPPluginJar : add gic
2023-10-15 17:46:00,113 [INFO] IPUIPlugin:80 - create IPUIPlugin
2023-10-15 17:46:00,113 [INFO] PluginManager:220 - loadIPPluginJar : add sai
2023-10-15 17:46:00,117 [INFO] IPUIPlugin:80 - create IPUIPlugin
2023-10-15 17:46:00,117 [INFO] PluginManager:220 - loadIPPluginJar : add aes
2023-10-15 17:46:00,120 [INFO] IPUIPlugin:80 - create IPUIPlugin
2023-10-15 17:46:00,121 [INFO] PluginManager:220 - loadIPPluginJar : add spi
2023-10-15 17:46:00,124 [INFO] IPUIPlugin:80 - create IPUIPlugin
2023-10-15 17:46:00,124 [INFO] PluginManager:220 - loadIPPluginJar : add gfxmmu
2023-10-15 17:46:00,126 [INFO] IPUIPlugin:80 - create IPUIPlugin
2023-10-15 17:46:00,126 [INFO] PluginManager:220 - loadIPPluginJar : add quadspi
2023-10-15 17:46:00,129 [INFO] IPUIPlugin:80 - create IPUIPlugin
2023-10-15 17:46:00,129 [INFO] PluginManager:220 - loadIPPluginJar : add tim
2023-10-15 17:46:00,136 [INFO] IPUIPlugin:80 - create IPUIPlugin
2023-10-15 17:46:00,136 [INFO] PluginManager:220 - loadIPPluginJar : add tsc
2023-10-15 17:46:00,140 [INFO] IPUIPlugin:80 - create IPUIPlugin
2023-10-15 17:46:00,140 [INFO] PluginManager:220 - loadIPPluginJar : add i2c
2023-10-15 17:46:00,143 [INFO] IPUIPlugin:80 - create IPUIPlugin
2023-10-15 17:46:00,144 [INFO] PluginManager:220 - loadIPPluginJar : add lorawan
2023-10-15 17:46:00,146 [INFO] IPUIPlugin:80 - create IPUIPlugin
2023-10-15 17:46:00,146 [INFO] PluginManager:220 - loadIPPluginJar : add comp
2023-10-15 17:46:00,152 [INFO] IPUIPlugin:80 - create IPUIPlugin
2023-10-15 17:46:00,152 [INFO] PluginManager:220 - loadIPPluginJar : add resmgrutility
2023-10-15 17:46:00,155 [INFO] IPUIPlugin:80 - create IPUIPlugin
2023-10-15 17:46:00,156 [INFO] PluginManager:220 - loadIPPluginJar : add dma3
2023-10-15 17:46:00,284 [INFO] CADModel:165 - CPN selected for project level
2023-10-15 17:46:00,284 [INFO] CADModel:114 - Register for checkConnection events
2023-10-15 17:46:00,284 [FATAL] Updater:308 - Updater called before beeing initialized
2023-10-15 17:46:00,284 [ERROR] CADModel:125 - Updater not yet initialized, retry later 
2023-10-15 17:46:00,488 [INFO] CADModel:165 - CPN selected for project level
2023-10-15 17:46:00,488 [INFO] CADModel:114 - Register for checkConnection events
2023-10-15 17:46:00,488 [FATAL] Updater:308 - Updater called before beeing initialized
2023-10-15 17:46:00,488 [ERROR] CADModel:125 - Updater not yet initialized, retry later 
2023-10-15 17:46:00,494 [FATAL] Updater:308 - Updater called before beeing initialized
2023-10-15 17:46:00,621 [FATAL] Updater:308 - Updater called before beeing initialized
2023-10-15 17:46:00,628 [INFO] DbMcusAds:53 - JSON generation date=Tue Mar 07 09:50:55 CET 2023 (1678179055114)
2023-10-15 17:46:00,628 [FATAL] Updater:308 - Updater called before beeing initialized
2023-10-15 17:46:00,687 [WARN] DetailPanel:346 - Failed to get advertising image, set to default
2023-10-15 17:46:00,816 [FATAL] Updater:308 - Updater called before beeing initialized
2023-10-15 17:46:00,819 [FATAL] Updater:308 - Updater called before beeing initialized
2023-10-15 17:46:00,819 [FATAL] Updater:308 - Updater called before beeing initialized
2023-10-15 17:46:00,819 [WARN] DetailPanel:346 - Failed to get advertising image, set to default
2023-10-15 17:46:00,820 [FATAL] Updater:308 - Updater called before beeing initialized
2023-10-15 17:46:00,866 [ERROR] Updater:1120 - MainUpdater not yet initialized. External WinMGr cannot be set.
2023-10-15 17:46:00,869 [INFO] Updater:1056 - Updater Version found : 6.8.0
2023-10-15 17:46:00,889 [INFO] ApplicationProperties:184 - Using Application install path: /app/stm32cubeide/plugins/com.st.stm32cube.common.mx_6.8.0.202302231600
2023-10-15 17:46:01,024 [INFO] MainUpdater:2854 - connection check result : 10
2023-10-15 17:46:01,025 [INFO] MainUpdater:283 - Updater Check For Update Now.
2023-10-15 17:46:01,025 [INFO] MicroXplorer:498 - Change Database Version : DB.6.0.80
2023-10-15 17:46:01,204 [INFO] CheckServerUpdateThread:120 - End of CheckServer Thread
2023-10-15 17:46:01,234 [INFO] MainUpdater:2854 - connection check result : 10
2023-10-15 17:46:01,235 [INFO] MainUpdater:2854 - connection check result : 10
2023-10-15 17:46:01,279 [INFO] MicroXplorer:468 - Change Database Path : 
2023-10-15 17:46:01,280 [INFO] MicroXplorer:498 - Change Database Version : DB.6.0.80
2023-10-15 17:46:01,281 [WARN] ThirdParty:871 - waiting for thirdparty lock release [close project]
2023-10-15 17:46:02,365 [WARN] PackLoader:240 - Cannot read IP mode file for STMicroelectronics.X-CUBE-SMBUS.2.1.0
2023-10-15 17:46:02,404 [WARN] PackLoader:240 - Cannot read IP mode file for STMicroelectronics.X-CUBE-AZRTOS-F7.1.1.0
2023-10-15 17:46:02,416 [WARN] PackLoader:240 - Cannot read IP mode file for STMicroelectronics.FP-SNS-MOTENV1.4.3.2
2023-10-15 17:46:02,427 [WARN] PackLoader:240 - Cannot read IP mode file for STMicroelectronics.X-CUBE-BLE1.6.2.4
2023-10-15 17:46:02,431 [WARN] PackLoader:240 - Cannot read IP mode file for STMicroelectronics.FP-SNS-FLIGHT1.5.0.2
2023-10-15 17:46:02,441 [WARN] PackLoader:240 - Cannot read IP mode file for STMicroelectronics.X-CUBE-DISPLAY.3.0.0
2023-10-15 17:46:02,452 [WARN] PackLoader:240 - Cannot read IP mode file for STMicroelectronics.X-CUBE-BLE1.7.0.0
2023-10-15 17:46:02,459 [WARN] PackLoader:240 - Cannot read IP mode file for emotas.I-CUBE-CANOPEN.1.3.0
2023-10-15 17:46:02,462 [WARN] PackLoader:240 - Cannot read IP mode file for STMicroelectronics.X-CUBE-TOUCHGFX.4.22.0
2023-10-15 17:46:02,465 [WARN] PackLoader:240 - Cannot read IP mode file for STMicroelectronics.X-CUBE-TOUCHGFX.4.22.1
2023-10-15 17:46:02,469 [WARN] PackLoader:240 - Cannot read IP mode file for STMicroelectronics.FP-SNS-SMARTAG2.1.2.0
2023-10-15 17:46:02,480 [INFO] LogOutputStream:77 - [STDOUT_REDIRECT] 1 : Invalid condition id : UX_CORESTACK_Condition cause : null
2023-10-15 17:46:02,481 [INFO] LogOutputStream:77 - [STDOUT_REDIRECT] 1 : Invalid condition id : UX_CORESTACK_Condition cause : null
2023-10-15 17:46:02,481 [INFO] LogOutputStream:77 - [STDOUT_REDIRECT] 1 : Invalid condition id : UX_CORESTACK_Condition cause : null
2023-10-15 17:46:02,481 [INFO] LogOutputStream:77 - [STDOUT_REDIRECT] 1 : Invalid condition id : UX_CORESTACK_Condition cause : null
2023-10-15 17:46:02,482 [INFO] LogOutputStream:77 - [STDOUT_REDIRECT] 1 : Invalid condition id : UX_CORESTACK_Condition cause : null
2023-10-15 17:46:02,487 [WARN] PackLoader:240 - Cannot read IP mode file for STMicroelectronics.X-CUBE-AZRTOS-WL.2.0.0
2023-10-15 17:46:02,495 [WARN] PackLoader:240 - Cannot read IP mode file for WES.I-CUBE-Cesium.1.3.0
2023-10-15 17:46:02,500 [WARN] PackLoader:240 - Cannot read IP mode file for STMicroelectronics.X-CUBE-BLE2.3.3.0
2023-10-15 17:46:02,507 [WARN] PackLoader:240 - Cannot read IP mode file for STMicroelectronics.X-CUBE-ALGOBUILD.1.3.0
2023-10-15 17:46:02,527 [WARN] PackLoader:240 - Cannot read IP mode file for STMicroelectronics.X-CUBE-AZRTOS-G0.1.1.0
2023-10-15 17:46:02,535 [WARN] PackLoader:240 - Cannot read IP mode file for STMicroelectronics.X-CUBE-NFC4.3.0.0
2023-10-15 17:46:02,539 [WARN] PackLoader:240 - Cannot read IP mode file for STMicroelectronics.FP-ATR-SIGFOX1.3.2.0
2023-10-15 17:46:02,575 [WARN] PackLoader:240 - Cannot read IP mode file for SEGGER.I-CUBE-embOS.1.3.1
2023-10-15 17:46:02,622 [WARN] PackLoader:240 - Cannot read IP mode file for STMicroelectronics.X-CUBE-GNSS1.6.0.0
2023-10-15 17:46:02,639 [WARN] PackLoader:240 - Cannot read IP mode file for STMicroelectronics.X-CUBE-AZRTOS-F4.1.1.0
2023-10-15 17:46:02,644 [WARN] PackLoader:240 - Cannot read IP mode file for wolfSSL.I-CUBE-wolfSSL.5.6.3
2023-10-15 17:46:02,660 [WARN] PackLoader:240 - Cannot read IP mode file for STMicroelectronics.X-CUBE-AZRTOS-L5.2.0.0
2023-10-15 17:46:02,702 [WARN] PackLoader:240 - Cannot read IP mode file for STMicroelectronics.X-CUBE-MEMS1.9.6.0
2023-10-15 17:46:02,847 [WARN] PackLoader:240 - Cannot read IP mode file for ITTIA_DB.I-CUBE-ITTIADB.8.8.0
2023-10-15 17:46:02,853 [WARN] PackLoader:240 - Cannot read IP mode file for STMicroelectronics.X-CUBE-BLEMGR.2.0.0
2023-10-15 17:46:02,913 [WARN] ConditionMgr:438 - getConditionDescription Invalid condition id : UX DEVICE CLASS RTOS Condition cause : null
2023-10-15 17:46:02,914 [WARN] ConditionMgr:438 - getConditionDescription Invalid condition id : UX DEVICE CLASS RTOS Condition cause : null
2023-10-15 17:46:02,917 [WARN] PackLoader:240 - Cannot read IP mode file for STMicroelectronics.X-CUBE-AZRTOS-H7.3.1.0
2023-10-15 17:46:02,918 [WARN] ConditionMgr:1039 - genDependencies : Invalid condition id : UX DEVICE CLASS RTOS Condition cause : null
2023-10-15 17:46:02,918 [WARN] ConditionMgr:1039 - genDependencies : Invalid condition id : UX DEVICE CLASS RTOS Condition cause : null
2023-10-15 17:46:02,919 [WARN] ConditionMgr:1039 - genDependencies : Invalid condition id : UX DEVICE CLASS RTOS Condition cause : null
2023-10-15 17:46:02,919 [WARN] ConditionMgr:1039 - genDependencies : Invalid condition id : UX DEVICE CLASS RTOS Condition cause : null
2023-10-15 17:46:02,919 [WARN] ConditionMgr:1039 - genDependencies : Invalid condition id : UX DEVICE CLASS RTOS Condition cause : null
2023-10-15 17:46:02,924 [WARN] PackLoader:240 - Cannot read IP mode file for STMicroelectronics.X-CUBE-NFC7.1.0.1
2023-10-15 17:46:02,930 [WARN] PackLoader:240 - Cannot read IP mode file for STMicroelectronics.X-CUBE-NFC6.3.0.0
2023-10-15 17:46:02,936 [WARN] PackLoader:240 - Cannot read IP mode file for STMicroelectronics.X-CUBE-EEPRMA1.4.1.0
2023-10-15 17:46:02,939 [WARN] PackLoader:240 - Cannot read IP mode file for STMicroelectronics.X-CUBE-AI.8.1.0
2023-10-15 17:46:02,954 [WARN] ConditionMgr:438 - getConditionDescription Invalid condition id : LAN8742 Phy interface Condition cause : null
2023-10-15 17:46:02,954 [WARN] PackLoader:240 - Cannot read IP mode file for STMicroelectronics.X-CUBE-AZRTOS-L4.2.0.0
2023-10-15 17:46:02,955 [WARN] ConditionMgr:1039 - genDependencies : Invalid condition id : LAN8742 Phy interface Condition cause : null
2023-10-15 17:46:02,956 [WARN] ConditionMgr:1039 - genDependencies : Invalid condition id : LAN8742 Phy interface Condition cause : null
2023-10-15 17:46:02,956 [WARN] ConditionMgr:1039 - genDependencies : Invalid condition id : LAN8742 Phy interface Condition cause : null
2023-10-15 17:46:02,962 [WARN] PackLoader:240 - Cannot read IP mode file for STMicroelectronics.X-CUBE-SFXS2LP1.4.0.0
2023-10-15 17:46:02,965 [WARN] PackLoader:240 - Cannot read IP mode file for STMicroelectronics.X-CUBE-ISPU.1.1.0
2023-10-15 17:46:02,976 [WARN] ConditionMgr:438 - getConditionDescription Invalid condition id : UX DEVICE CLASS RTOS Condition cause : null
2023-10-15 17:46:02,976 [WARN] ConditionMgr:438 - getConditionDescription Invalid condition id : UX DEVICE CLASS RTOS Condition cause : null
2023-10-15 17:46:02,978 [WARN] PackLoader:240 - Cannot read IP mode file for STMicroelectronics.X-CUBE-AZRTOS-WB.2.0.0
2023-10-15 17:46:02,979 [WARN] ConditionMgr:1039 - genDependencies : Invalid condition id : UX DEVICE CLASS RTOS Condition cause : null
2023-10-15 17:46:02,979 [WARN] ConditionMgr:1039 - genDependencies : Invalid condition id : UX DEVICE CLASS RTOS Condition cause : null
2023-10-15 17:46:02,979 [WARN] ConditionMgr:1039 - genDependencies : Invalid condition id : UX DEVICE CLASS RTOS Condition cause : null
2023-10-15 17:46:02,980 [WARN] ConditionMgr:1039 - genDependencies : Invalid condition id : UX DEVICE CLASS RTOS Condition cause : null
2023-10-15 17:46:02,980 [WARN] ConditionMgr:1039 - genDependencies : Invalid condition id : UX DEVICE CLASS RTOS Condition cause : null
2023-10-15 17:46:02,983 [WARN] PackLoader:240 - Cannot read IP mode file for STMicroelectronics.X-CUBE-FREERTOS.1.0.1
2023-10-15 17:46:02,996 [WARN] PackLoader:240 - Cannot read IP mode file for STMicroelectronics.X-CUBE-AZRTOS-L5.1.1.0
2023-10-15 17:46:03,000 [WARN] PackLoader:240 - Cannot read IP mode file for STMicroelectronics.X-CUBE-AI.8.0.1
2023-10-15 17:46:03,008 [WARN] PackLoader:240 - Cannot read IP mode file for STMicroelectronics.X-CUBE-SUBG2.5.0.0
2023-10-15 17:46:03,021 [WARN] PackLoader:240 - Cannot read IP mode file for STMicroelectronics.X-CUBE-TOF1.3.3.1
2023-10-15 17:46:03,041 [WARN] PackLoader:240 - Cannot read IP mode file for STMicroelectronics.X-CUBE-AZRTOS-G4.2.0.0
2023-10-15 17:46:03,051 [WARN] PackLoader:240 - Cannot read IP mode file for Infineon.AIROC-Wi-Fi-Bluetooth-STM32.1.5.1
2023-10-15 17:46:03,058 [WARN] PackLoader:240 - Cannot read IP mode file for STMicroelectronics.X-CUBE-FREERTOS.1.1.0
2023-10-15 17:46:03,062 [WARN] PackLoader:240 - Cannot read IP mode file for portGmbH.I-Cube-SoM-uGOAL.1.1.0
2023-10-15 17:46:03,064 [WARN] PackLoader:240 - Cannot read IP mode file for STMicroelectronics.X-CUBE-ALS.1.0.1
2023-10-15 17:46:03,075 [WARN] PackLoader:240 - Cannot read IP mode file for STMicroelectronics.X-CUBE-AZRTOS-WB.1.1.0
2023-10-15 17:46:03,079 [WARN] PackLoader:240 - Cannot read IP mode file for STMicroelectronics.FP-ATR-ASTRA1.2.0.0
2023-10-15 17:46:03,080 [INFO] ThirdParty:978 - Integrity check success = true
2023-10-15 17:46:03,080 [INFO] IntegrityCheckThread:100 - exiting critical section [integrity check]
2023-10-15 17:46:03,080 [INFO] IntegrityCheckThread:103 - End integrity checks thread
2023-10-15 17:46:03,080 [INFO] ThirdParty:873 - entering critical section [close project]
2023-10-15 17:46:03,081 [INFO] ThirdParty:883 - exiting critical section [close project]
2023-10-15 17:46:03,086 [INFO] PinOutPanel:1499 - setPackage(No Configuration,No Configuration)
2023-10-15 17:46:03,092 [INFO] UtilMem:75 - Begin LoadConfig() Used Memory: 291004056 Bytes (519045120)
2023-10-15 17:46:03,093 [INFO] MicroXplorer:468 - Change Database Path : 
2023-10-15 17:46:03,093 [INFO] MicroXplorer:498 - Change Database Version : DB.6.0.80
2023-10-15 17:46:03,093 [INFO] OpenFileManager:308 - Change cursor
2023-10-15 17:46:03,137 [INFO] Mcu:1937 - Initializing MCU STM32F446R(C-E)Tx STM32F446RETx STM32F446RET6
2023-10-15 17:46:05,422 [INFO] Context:659 - Trying to add GPIOservice into a context  which must be forbidden
2023-10-15 17:46:06,353 [INFO] RtosManager:555 - Registered RTOS mode: class=CMSIS, group=RTOS, mode=CMSIS_V1, owner=FREERTOS
2023-10-15 17:46:06,353 [INFO] RtosManager:555 - Registered RTOS mode: class=CMSIS, group=RTOS2, mode=CMSIS_V2, owner=FREERTOS
2023-10-15 17:46:06,353 [INFO] RtosManager:555 - Registered RTOS mode: class=RTOS, group=Core, mode=CMSIS_V1, owner=FREERTOS
2023-10-15 17:46:06,353 [INFO] RtosManager:555 - Registered RTOS mode: class=RTOS, group=Core, mode=CMSIS_V2, owner=FREERTOS
2023-10-15 17:46:06,354 [WARN] ModelIntegratedComponent:184 - Missing modes for component STMicroelectronics:FreeRTOS:0.0.1:STMicroelectronics:RTOS:FreeRTOS:Core:::10.2.0:
2023-10-15 17:46:06,381 [WARN] ModelIntegratedComponent:63 - No mode defined for component null
2023-10-15 17:46:06,382 [WARN] ModelIntegratedComponent:63 - No mode defined for component null
2023-10-15 17:46:06,382 [WARN] ModelIntegratedComponent:63 - No mode defined for component null
2023-10-15 17:46:06,382 [WARN] ModelIntegratedComponent:63 - No mode defined for component null
2023-10-15 17:46:06,382 [WARN] ModelIntegratedComponent:63 - No mode defined for component null
2023-10-15 17:46:06,382 [WARN] ModelIntegratedComponent:63 - No mode defined for component null
2023-10-15 17:46:06,382 [WARN] ModelIntegratedComponent:63 - No mode defined for component null
2023-10-15 17:46:06,382 [WARN] ModelIntegratedComponent:63 - No mode defined for component null
2023-10-15 17:46:06,382 [WARN] ModelIntegratedComponent:63 - No mode defined for component null
2023-10-15 17:46:06,382 [WARN] ModelIntegratedComponent:63 - No mode defined for component null
2023-10-15 17:46:06,382 [WARN] ModelIntegratedComponent:63 - No mode defined for component null
2023-10-15 17:46:06,383 [WARN] ModelIntegratedComponent:63 - No mode defined for component null
2023-10-15 17:46:06,383 [WARN] ModelIntegratedComponent:63 - No mode defined for component null
2023-10-15 17:46:06,383 [WARN] ModelIntegratedComponent:63 - No mode defined for component null
2023-10-15 17:46:06,383 [WARN] ModelIntegratedComponent:63 - No mode defined for component null
2023-10-15 17:46:06,383 [WARN] ModelIntegratedComponent:63 - No mode defined for component null
2023-10-15 17:46:06,383 [WARN] ModelIntegratedComponent:63 - No mode defined for component null
2023-10-15 17:46:06,383 [WARN] ModelIntegratedComponent:63 - No mode defined for component null
2023-10-15 17:46:06,383 [WARN] ModelIntegratedComponent:63 - No mode defined for component null
2023-10-15 17:46:06,383 [WARN] ModelIntegratedComponent:63 - No mode defined for component null
2023-10-15 17:46:06,383 [WARN] ModelIntegratedComponent:63 - No mode defined for component null
2023-10-15 17:46:06,383 [WARN] ModelIntegratedComponent:63 - No mode defined for component null
2023-10-15 17:46:06,383 [WARN] ModelIntegratedComponent:63 - No mode defined for component null
2023-10-15 17:46:06,383 [WARN] ModelIntegratedComponent:63 - No mode defined for component null
2023-10-15 17:46:06,383 [WARN] ModelIntegratedComponent:63 - No mode defined for component null
2023-10-15 17:46:06,384 [WARN] ModelIntegratedComponent:63 - No mode defined for component null
2023-10-15 17:46:06,384 [WARN] ModelIntegratedComponent:63 - No mode defined for component null
2023-10-15 17:46:06,384 [WARN] ModelIntegratedComponent:63 - No mode defined for component null
2023-10-15 17:46:06,384 [WARN] ModelIntegratedComponent:63 - No mode defined for component null
2023-10-15 17:46:06,384 [WARN] ModelIntegratedComponent:63 - No mode defined for component null
2023-10-15 17:46:06,384 [WARN] ModelIntegratedComponent:63 - No mode defined for component null
2023-10-15 17:46:06,384 [WARN] ModelIntegratedComponent:63 - No mode defined for component null
2023-10-15 17:46:06,384 [WARN] ModelIntegratedComponent:63 - No mode defined for component null
2023-10-15 17:46:06,422 [INFO] ThirdPartyModel:298 - Start build external matchings
2023-10-15 17:46:07,084 [INFO] ThirdPartyModel:316 - End build external matchings
2023-10-15 17:46:07,113 [INFO] ImportTextPane:194 - (OptionalMessage_ERROR) IP (RCC) : Invalid parameter (48MHZClocksFreq_Value)
2023-10-15 17:46:07,113 [INFO] ImportTextPane:194 - (OptionalMessage_ERROR) IP (RCC) : Invalid parameter (EthernetFreq_Value)
2023-10-15 17:46:07,118 [INFO] ImportTextPane:194 - (OptionalMessage_ERROR) IP (RCC) : Parameter (FLatency) has Id (AdvancedSettings) currently not set
2023-10-15 17:46:07,118 [INFO] ImportTextPane:194 - (OptionalMessage_ERROR) IP (RCC) : Invalid parameter (FamilyName)
2023-10-15 17:46:07,118 [INFO] ImportTextPane:194 - (OptionalMessage_ERROR) IP (RCC) : Invalid parameter (I2SClocksFreq_Value)
2023-10-15 17:46:07,120 [INFO] ImportTextPane:194 - (OptionalMessage_ERROR) IP (RCC) : Parameter (SDIOFreq_Value) has invalid value (168000000)
2023-10-15 17:46:07,120 [INFO] ImportTextPane:194 - (OptionalMessage_ERROR) IP (RCC) : Parameter (USBFreq_Value) has invalid value (168000000)
2023-10-15 17:46:07,121 [INFO] ImportTextPane:194 - (OptionalMessage_ERROR) IP (RCC) : Invalid parameter (VCOInputMFreq_Value)
2023-10-15 17:46:07,121 [INFO] ImportTextPane:194 - (OptionalMessage_ERROR) IP (RCC) : Invalid parameter (VcooutputI2S)
2023-10-15 17:46:07,459 [INFO] UtilMem:75 - End LoadConfig() Used Memory: 409295648 Bytes (519045120)
2023-10-15 17:46:07,702 [INFO] ApiDb:581 - Connected to CubeFinder SQLite database (/home/alhasanbondok/.stmcufinder/plugins/mcufinder/mcu/cube-finder-db.db)
2023-10-15 17:46:07,823 [INFO] ApiDb:668 - CubeFinder database Data Model version=2.1
2023-10-15 17:46:07,823 [INFO] ApiDb:669 - CubeFinder database Configuration version=3.0.37
2023-10-15 17:46:07,823 [INFO] ApiDb:670 - CubeFinder database generation date=2023-08-09 (1691586011)
2023-10-15 17:46:07,824 [INFO] ApiDb:671 - CubeFinder database FW Pack versions=[FP-ATR-ASTRA1_V2.0.0, FP-SNS-FLIGHT1_V5.0.1, FP-SNS-FLIGHT1_V5.0.2, FP-SNS-MOTENV1_V4.3.1, FP-SNS-MOTENV1_V4.3.2, STM32Cube_FW_C0_V1.1.0, STM32Cube_FW_F4_V1.27.1, STM32Cube_FW_F7_V1.17.0, STM32Cube_FW_G0_V1.6.1, STM32Cube_FW_G4_V1.5.1, STM32Cube_FW_H5_V0.5.1, STM32Cube_FW_H5_V1.1.0, STM32Cube_FW_H7_V1.11.0, STM32Cube_FW_L0_V1.12.2, STM32Cube_FW_L5_V1.5.0, STM32Cube_FW_U5_V1.3.0, STM32Cube_FW_U5_V1.3.0RC4, STM32Cube_FW_WBA_V1.0.0RC1, STM32Cube_FW_WBA_V1.1.0, STM32Cube_FW_WBA_V1.1.0RC1, STM32Cube_FW_WB_V1.15.0RC1, STM32Cube_FW_WB_V1.16.0, STM32Cube_FW_WB_V1.16.0RC2, STM32Cube_FW_WB_V1.17.0, STM32Cube_FW_WL_V1.3.0, X-CUBE-ALGOBUILD_V1.3.0, X-CUBE-ALS_V1.0.1, X-CUBE-AZRTOS-F4_V1.1.0, X-CUBE-AZRTOS-F7_V1.1.0, X-CUBE-AZRTOS-G0_V1.1.0, X-CUBE-AZRTOS-G4_V2.0.0, X-CUBE-AZRTOS-H7_V3.1.0, X-CUBE-AZRTOS-L4_V1.0.0, X-CUBE-AZRTOS-L4_V2.0.0, X-CUBE-AZRTOS-L5_V1.1.0, X-CUBE-AZRTOS-WB_V1.1.0, X-CUBE-AZRTOS-WL_V2.0.0, X-CUBE-BLE1_V7.0.0, X-CUBE-BLE2_V3.3.0, X-CUBE-BLEMGR_V2.0.0, X-CUBE-EEPRMA1_V4.1.0, X-CUBE-FREERTOS_V1.1.0, X-CUBE-GNSS1_V6.0.0, X-CUBE-MEMS1_V9.1.0, X-CUBE-MEMS1_V9.4.0, X-CUBE-MEMS1_V9.6.0, X-CUBE-NFC4_V3.0.0, X-CUBE-NFC7_V1.0.0, X-CUBE-SFXS2LP1_V4.0.0, X-CUBE-SUBG2_V5.0.0, X-CUBE-TOF1_V3.3.1]
2023-10-15 17:46:10,314 [INFO] ApiDb:240 - Found 297 in-development CPN: [B-G473E-ZEST1S, B-WB1M-WPAN1, B-WL5M-SUBG1, NUCLEO-C031C6, NUCLEO-H503RB, NUCLEO-H563ZI, NUCLEO-U545RE-Q, NUCLEO-U5A5ZJ-Q, NUCLEO-WBA52CG, STEVAL-PROTEUS1, STEVAL-STWINBX1, STM320518-EVAL, STM32C0116-DK, STM32C011D6Y3TR, STM32C011D6Y6TR, STM32C011F4P3, STM32C011F4P6, STM32C011F4U3, STM32C011F4U6TR, STM32C011F6P3, STM32C011F6P6, STM32C011F6U3, STM32C011F6U6TR, STM32C011J4M3, STM32C011J4M6, STM32C011J6M3, STM32C011J6M6, STM32C0316-DK, STM32C031C4T3, STM32C031C4T6, STM32C031C4U3, STM32C031C4U6, STM32C031C6T3, STM32C031C6T6, STM32C031C6U3, STM32C031C6U6, STM32C031F4P3, STM32C031F4P6, STM32C031F6P3, STM32C031F6P6, STM32C031G4U3, STM32C031G4U6, STM32C031G6U3, STM32C031G6U6, STM32C031K4T3, STM32C031K4T6, STM32C031K4U3, STM32C031K4U6, STM32C031K6T3, STM32C031K6T6, STM32C031K6U3, STM32C031K6U6, STM32G071K8TXN, STM32G071K8UXN, STM32G081GBU6N, STM32G081KBT6N, STM32G081KBUXN, STM32G0B1CCT6N, STM32G0B1KCT6, STM32G0B1NEY6TR, STM32G0B1RCT6N, STM32G0C1CCT6, STM32G0C1CCT6N, STM32G0C1CCU6N, STM32G0C1CET6N, STM32G0C1CEU6N, STM32G0C1KCT6, STM32G0C1NEY6TR, STM32G0C1RCI6N, STM32G0C1RCT6N, STM32G0C1REI6N, STM32G0C1RET6N, STM32G0C1VCI6, STM32G0C1VEI6, STM32G471CCT6, STM32G471CCU6, STM32G471CET3, STM32G471CET6, STM32G471CEU3, STM32G471CEU6, STM32G471MCT6, STM32G471MET3, STM32G471MET6, STM32G471MEY6TR, STM32G471QCT6, STM32G471QET3, STM32G471RCT6, STM32G471RET3, STM32G471RET6, STM32G471VCH6, STM32G471VCI6, STM32G471VCT6, STM32G471VEH3, STM32G471VEH6, STM32G471VEI3, STM32G471VEI6, STM32G471VET3, STM32G471VET6, STM32G474CCT6, STM32H503CBT6, STM32H503CBU6, STM32H503EBY6TR, STM32H503KBU6, STM32H503RBT6, STM32H562AGI6, STM32H562AII6, STM32H562IGK6, STM32H562IGT6, STM32H562IIK6, STM32H562IIT6, STM32H562RGT6, STM32H562RGV6, STM32H562RIT6, STM32H562RIV6, STM32H562VGT6, STM32H562VIT6, STM32H562ZGT6, STM32H562ZIT6, STM32H563AGI6, STM32H563AII3Q, STM32H563AII6, STM32H563IGK6, STM32H563IGT6, STM32H563IIK3Q, STM32H563IIK6, STM32H563IIT3Q, STM32H563IIT6, STM32H563MIY3QTR, STM32H563RGT6, STM32H563RGV6, STM32H563RIT6, STM32H563RIV6, STM32H563VGT6, STM32H563VIT3Q, STM32H563VIT6, STM32H563ZGT6, STM32H563ZIT3Q, STM32H563ZIT6, STM32H573AII3Q, STM32H573AII6, STM32H573I-DK, STM32H573IIK3Q, STM32H573IIK6, STM32H573IIT3Q, STM32H573IIT6, STM32H573MIY3QTR, STM32H573RIT6, STM32H573RIV6, STM32H573VIT3Q, STM32H573VIT6, STM32H573ZIT3Q, STM32H573ZIT6, STM32L4R5QGI6STR, STM32MP131AAE3, STM32MP131AAF3, STM32MP131AAG3, STM32MP131CAE3, STM32MP131CAF3, STM32MP131CAG3, STM32MP131DAE7, STM32MP131DAF7, STM32MP131DAG7, STM32MP131FAE7, STM32MP131FAF7, STM32MP131FAG7, STM32MP133AAE3, STM32MP133AAF3, STM32MP133AAG3, STM32MP133CAE3, STM32MP133CAF3, STM32MP133CAG3, STM32MP133DAE7, STM32MP133DAF7, STM32MP133DAG7, STM32MP133FAE7, STM32MP133FAF7, STM32MP133FAG7, STM32MP135AAE3, STM32MP135AAF3, STM32MP135AAG3, STM32MP135CAE3, STM32MP135CAF3, STM32MP135CAG3, STM32MP135DAE7, STM32MP135DAF7, STM32MP135DAG7, STM32MP135F-DK, STM32MP135FAE7, STM32MP135FAF7, STM32MP135FAF7T, STM32MP135FAF7U, STM32MP135FAG7, STM32U535CBT6, STM32U535CBT6Q, STM32U535CBU6, STM32U535CBU6Q, STM32U535CCT6, STM32U535CCT6Q, STM32U535CCU6, STM32U535CCU6Q, STM32U535CET6, STM32U535CET6Q, STM32U535CEU6, STM32U535CEU6Q, STM32U535JEY6QTR, STM32U535NCY6QTR, STM32U535NEY6QTR, STM32U535RBI6, STM32U535RBI6Q, STM32U535RBT6, STM32U535RBT6Q, STM32U535RCI6, STM32U535RCI6Q, STM32U535RCT6, STM32U535RCT6Q, STM32U535REI6, STM32U535REI6Q, STM32U535RET6, STM32U535RET6Q, STM32U535VCI6, STM32U535VCI6Q, STM32U535VCT6, STM32U535VCT6Q, STM32U535VEI6, STM32U535VEI6Q, STM32U535VET6, STM32U535VET6Q, STM32U545CET6, STM32U545CET6Q, STM32U545CEU6, STM32U545CEU6Q, STM32U545JEY6QTR, STM32U545NEY6QTR, STM32U545REI6, STM32U545REI6Q, STM32U545RET6, STM32U545RET6Q, STM32U545VEI6, STM32U545VEI6Q, STM32U545VET6, STM32U545VET6Q, STM32U595AIH6, STM32U595AIH6Q, STM32U595AJH6, STM32U595AJH6Q, STM32U595QII6, STM32U595QII6Q, STM32U595QJI6, STM32U595QJI6Q, STM32U595RIT6, STM32U595RIT6Q, STM32U595RJT6, STM32U595RJT6Q, STM32U595VIT6, STM32U595VIT6Q, STM32U595VJT6, STM32U595VJT6Q, STM32U595ZIT6, STM32U595ZIT6Q, STM32U595ZIY6QTR, STM32U595ZJT6, STM32U595ZJT6Q, STM32U595ZJY6QTR, STM32U599BJY6QTR, STM32U599NIH6Q, STM32U599NJH6Q, STM32U599VIT6Q, STM32U599VJT6, STM32U599VJT6Q, STM32U599ZIT6Q, STM32U599ZIY6QTR, STM32U599ZJT6Q, STM32U599ZJY6QTR, STM32U5A5AJH6, STM32U5A5AJH6Q, STM32U5A5QJI6, STM32U5A5QJI6Q, STM32U5A5RJT6, STM32U5A5RJT6Q, STM32U5A5VJT6, STM32U5A5VJT6Q, STM32U5A5ZJT6, STM32U5A5ZJT6Q, STM32U5A5ZJY6QTR, STM32U5A9BJY6QTR, STM32U5A9J-DK, STM32U5A9NJH6Q, STM32U5A9VJT6Q, STM32U5A9ZJT6Q, STM32U5A9ZJY6QTR, STM32WB1MMCH6, STM32WBA52CEU6, STM32WBA52CEU6T, STM32WBA52CGU6, STM32WBA52CGU6T, STM32WL5MOCH6, STM32WL5MOCH6TR]
2023-10-15 17:46:10,320 [INFO] DbMcus:216 - Found 3825 MCUs, 3825 are supported
2023-10-15 17:46:10,323 [INFO] ApiDb:423 - Load user favorites file /home/alhasanbondok/.stm32cubeide/favorites.mcus.txt: 0 item(s)
2023-10-15 17:46:10,323 [INFO] ApiDb:427 - User favorites MCUs=[]
2023-10-15 17:46:10,324 [INFO] DbMcus:222 - Set 0 / 0 favorites MCUs
2023-10-15 17:46:10,833 [WARN] ThirdParty:833 - waiting for thirdparty lock release [change project]
2023-10-15 17:46:10,833 [INFO] ThirdParty:835 - entering critical section [change project]
2023-10-15 17:46:10,833 [INFO] ThirdParty:1030 - CMSIS Pack Vendor :STMicroelectronics X-CUBE-ISPU 1.1.0
2023-10-15 17:46:10,833 [INFO] ThirdParty:1030 - CMSIS Pack Vendor :STMicroelectronics X-CUBE-GNSS1 6.0.0
2023-10-15 17:46:10,833 [INFO] ThirdParty:1030 - CMSIS Pack Vendor :STMicroelectronics USB_HOST 2.0.0
2023-10-15 17:46:10,834 [INFO] ThirdParty:1030 - CMSIS Pack Vendor :STMicroelectronics X-CUBE-AZRTOS-F4 1.1.0
2023-10-15 17:46:10,834 [INFO] ThirdParty:1030 - CMSIS Pack Vendor :STMicroelectronics LIBJPEG 8.0.0
2023-10-15 17:46:10,834 [INFO] ThirdParty:1030 - CMSIS Pack Vendor :wolfSSL I-CUBE-wolfSSL 5.6.3
2023-10-15 17:46:10,834 [INFO] ThirdParty:1030 - CMSIS Pack Vendor :STMicroelectronics X-CUBE-SMBUS 2.1.0
2023-10-15 17:46:10,834 [INFO] ThirdParty:1030 - CMSIS Pack Vendor :STMicroelectronics USB_DEVICE 3.0.0
2023-10-15 17:46:10,834 [INFO] ThirdParty:1030 - CMSIS Pack Vendor :STMicroelectronics X-CUBE-AZRTOS-WB 2.0.0
2023-10-15 17:46:10,834 [INFO] ThirdParty:1030 - CMSIS Pack Vendor :STMicroelectronics X-CUBE-FREERTOS 1.0.1
2023-10-15 17:46:10,834 [INFO] ThirdParty:1030 - CMSIS Pack Vendor :STMicroelectronics X-CUBE-AZRTOS-F7 1.1.0
2023-10-15 17:46:10,834 [INFO] ThirdParty:1030 - CMSIS Pack Vendor :STMicroelectronics X-CUBE-AZRTOS-L5 2.0.0
2023-10-15 17:46:10,834 [INFO] ThirdParty:1030 - CMSIS Pack Vendor :STMicroelectronics USB_DEVICE 2.0.0
2023-10-15 17:46:10,834 [INFO] ThirdParty:1030 - CMSIS Pack Vendor :STMicroelectronics X-CUBE-MEMS1 9.6.0
2023-10-15 17:46:10,835 [INFO] ThirdParty:1030 - CMSIS Pack Vendor :ITTIA_DB I-CUBE-ITTIADB 8.8.0
2023-10-15 17:46:10,835 [INFO] ThirdParty:1030 - CMSIS Pack Vendor :STMicroelectronics FP-SNS-MOTENV1 4.3.2
2023-10-15 17:46:10,835 [INFO] ThirdParty:1030 - CMSIS Pack Vendor :STMicroelectronics X-CUBE-ALGOBUILD 1.3.0
2023-10-15 17:46:10,835 [INFO] ThirdParty:1030 - CMSIS Pack Vendor :STMicroelectronics X-CUBE-BLE1 6.2.4
2023-10-15 17:46:10,835 [INFO] ThirdParty:1030 - CMSIS Pack Vendor :STMicroelectronics X-CUBE-AZRTOS-L5 1.1.0
2023-10-15 17:46:10,835 [INFO] ThirdParty:1030 - CMSIS Pack Vendor :STMicroelectronics FreeRTOS 0.0.1
2023-10-15 17:46:10,835 [INFO] ThirdParty:1030 - CMSIS Pack Vendor :STMicroelectronics X-CUBE-AZRTOS-G0 1.1.0
2023-10-15 17:46:10,835 [INFO] ThirdParty:1030 - CMSIS Pack Vendor :STMicroelectronics X-CUBE-BLEMGR 2.0.0
2023-10-15 17:46:10,835 [INFO] ThirdParty:1030 - CMSIS Pack Vendor :STMicroelectronics X-CUBE-AI 8.0.1
2023-10-15 17:46:10,835 [INFO] ThirdParty:1030 - CMSIS Pack Vendor :STMicroelectronics X-CUBE-NFC4 3.0.0
2023-10-15 17:46:10,835 [INFO] ThirdParty:1030 - CMSIS Pack Vendor :STMicroelectronics X-CUBE-SUBG2 5.0.0
2023-10-15 17:46:10,835 [INFO] ThirdParty:1030 - CMSIS Pack Vendor :STMicroelectronics STM32_WPAN 1.0.0
2023-10-15 17:46:10,836 [INFO] ThirdParty:1030 - CMSIS Pack Vendor :STMicroelectronics lwIP 2.0.3
2023-10-15 17:46:10,836 [INFO] ThirdParty:1030 - CMSIS Pack Vendor :STMicroelectronics FP-SNS-FLIGHT1 5.0.2
2023-10-15 17:46:10,836 [INFO] ThirdParty:1030 - CMSIS Pack Vendor :STMicroelectronics USB_HOST 1.0.0
2023-10-15 17:46:10,836 [INFO] ThirdParty:1030 - CMSIS Pack Vendor :STMicroelectronics X-CUBE-TOF1 3.3.1
2023-10-15 17:46:10,836 [INFO] ThirdParty:1030 - CMSIS Pack Vendor :STMicroelectronics X-CUBE-AZRTOS-G4 2.0.0
2023-10-15 17:46:10,836 [INFO] ThirdParty:1030 - CMSIS Pack Vendor :STMicroelectronics PDM2PCM 3.1.0
2023-10-15 17:46:10,836 [INFO] ThirdParty:1030 - CMSIS Pack Vendor :STMicroelectronics X-CUBE-AZRTOS-H7 3.1.0
2023-10-15 17:46:10,836 [INFO] ThirdParty:1030 - CMSIS Pack Vendor :Infineon AIROC-Wi-Fi-Bluetooth-STM32 1.5.1
2023-10-15 17:46:10,836 [INFO] ThirdParty:1030 - CMSIS Pack Vendor :STMicroelectronics PDM2PCM 3.3.0
2023-10-15 17:46:10,836 [INFO] ThirdParty:1030 - CMSIS Pack Vendor :STMicroelectronics X-CUBE-DISPLAY 3.0.0
2023-10-15 17:46:10,836 [INFO] ThirdParty:1030 - CMSIS Pack Vendor :STMicroelectronics X-CUBE-BLE1 7.0.0
2023-10-15 17:46:10,836 [INFO] ThirdParty:1030 - CMSIS Pack Vendor :STMicroelectronics FP-ATR-SIGFOX1 3.2.0
2023-10-15 17:46:10,837 [INFO] ThirdParty:1030 - CMSIS Pack Vendor :STMicroelectronics HAL Drivers 0.0.0
2023-10-15 17:46:10,837 [INFO] ThirdParty:1030 - CMSIS Pack Vendor :STMicroelectronics MBEDTLS 2.16.2
2023-10-15 17:46:10,837 [INFO] ThirdParty:1030 - CMSIS Pack Vendor :emotas I-CUBE-CANOPEN 1.3.0
2023-10-15 17:46:10,837 [INFO] ThirdParty:1030 - CMSIS Pack Vendor :STMicroelectronics X-CUBE-FREERTOS 1.1.0
2023-10-15 17:46:10,837 [INFO] ThirdParty:1030 - CMSIS Pack Vendor :STMicroelectronics X-CUBE-TOUCHGFX 4.22.0
2023-10-15 17:46:10,837 [INFO] ThirdParty:1030 - CMSIS Pack Vendor :STMicroelectronics X-CUBE-NFC7 1.0.1
2023-10-15 17:46:10,837 [INFO] ThirdParty:1030 - CMSIS Pack Vendor :STMicroelectronics MBEDTLS 2.14.1
2023-10-15 17:46:10,837 [INFO] ThirdParty:1030 - CMSIS Pack Vendor :STMicroelectronics X-CUBE-TOUCHGFX 4.22.1
2023-10-15 17:46:10,837 [INFO] ThirdParty:1030 - CMSIS Pack Vendor :STMicroelectronics X-CUBE-NFC6 3.0.0
2023-10-15 17:46:10,837 [INFO] ThirdParty:1030 - CMSIS Pack Vendor :STMicroelectronics X-CUBE-EEPRMA1 4.1.0
2023-10-15 17:46:10,837 [INFO] ThirdParty:1030 - CMSIS Pack Vendor :portGmbH I-Cube-SoM-uGOAL 1.1.0
2023-10-15 17:46:10,837 [INFO] ThirdParty:1030 - CMSIS Pack Vendor :STMicroelectronics X-CUBE-ALS 1.0.1
2023-10-15 17:46:10,837 [INFO] ThirdParty:1030 - CMSIS Pack Vendor :STMicroelectronics ThreadX 1.0.0
2023-10-15 17:46:10,838 [INFO] ThirdParty:1030 - CMSIS Pack Vendor :STMicroelectronics FP-SNS-SMARTAG2 1.2.0
2023-10-15 17:46:10,838 [INFO] ThirdParty:1030 - CMSIS Pack Vendor :STMicroelectronics X-CUBE-AZRTOS-WB 1.1.0
2023-10-15 17:46:10,838 [INFO] ThirdParty:1030 - CMSIS Pack Vendor :STMicroelectronics X-CUBE-AZRTOS-WL 2.0.0
2023-10-15 17:46:10,838 [INFO] ThirdParty:1030 - CMSIS Pack Vendor :SEGGER I-CUBE-embOS 1.3.1
2023-10-15 17:46:10,838 [INFO] ThirdParty:1030 - CMSIS Pack Vendor :STMicroelectronics USB_DEVICE 1.0.0
2023-10-15 17:46:10,838 [INFO] ThirdParty:1030 - CMSIS Pack Vendor :STMicroelectronics X-CUBE-AI 8.1.0
2023-10-15 17:46:10,838 [INFO] ThirdParty:1030 - CMSIS Pack Vendor :STMicroelectronics X-CUBE-AZRTOS-L4 2.0.0
2023-10-15 17:46:10,838 [INFO] ThirdParty:1030 - CMSIS Pack Vendor :STMicroelectronics ThreadX 0.0.2
2023-10-15 17:46:10,838 [INFO] ThirdParty:1030 - CMSIS Pack Vendor :WES I-CUBE-Cesium 1.3.0
2023-10-15 17:46:10,838 [INFO] ThirdParty:1030 - CMSIS Pack Vendor :STMicroelectronics FP-ATR-ASTRA1 2.0.0
2023-10-15 17:46:10,838 [INFO] ThirdParty:1030 - CMSIS Pack Vendor :STMicroelectronics lwIP 2.1.2
2023-10-15 17:46:10,838 [INFO] ThirdParty:1030 - CMSIS Pack Vendor :STMicroelectronics X-CUBE-SFXS2LP1 4.0.0
2023-10-15 17:46:10,839 [INFO] ThirdParty:1030 - CMSIS Pack Vendor :STMicroelectronics X-CUBE-BLE2 3.3.0
2023-10-15 17:46:10,839 [INFO] ThirdParty:1030 - CMSIS Pack Vendor :STMicroelectronics PDM2PCM 3.2.0
2023-10-15 17:46:10,839 [INFO] ThirdParty:841 - exiting critical section [change project]
2023-10-15 17:46:11,473 [INFO] PinOutPanel:1499 - setPackage(No Configuration,No Configuration)
2023-10-15 17:46:11,474 [INFO] PinOutPanel:1499 - setPackage(STM32F446RETx,LQFP64)
2023-10-15 17:46:12,461 [INFO] UtilMem:75 - Before build in PCC Used Memory: 238450392 Bytes (519045120)
2023-10-15 17:46:13,641 [INFO] UtilMem:75 - After build in PCC Used Memory: 394958000 Bytes (519045120)
2023-10-15 17:46:13,737 [INFO] IPUIPlugin:80 - create IPUIPlugin
2023-10-15 17:46:13,737 [INFO] IPUIPlugin:80 - create IPUIPlugin
2023-10-15 17:46:13,737 [INFO] IPUIPlugin:80 - create IPUIPlugin
2023-10-15 17:46:13,738 [INFO] IPUIPlugin:80 - create IPUIPlugin
2023-10-15 17:46:13,738 [INFO] IPUIPlugin:80 - create IPUIPlugin
2023-10-15 17:46:13,739 [INFO] IPUIPlugin:80 - create IPUIPlugin
2023-10-15 17:46:13,739 [INFO] IPUIPlugin:80 - create IPUIPlugin
2023-10-15 17:46:13,740 [INFO] IPUIPlugin:80 - create IPUIPlugin
2023-10-15 17:46:13,740 [INFO] IPUIPlugin:80 - create IPUIPlugin
2023-10-15 17:46:13,740 [INFO] IPUIPlugin:80 - create IPUIPlugin
2023-10-15 17:46:13,741 [INFO] IPUIPlugin:80 - create IPUIPlugin
2023-10-15 17:46:13,741 [INFO] IPUIPlugin:80 - create IPUIPlugin
2023-10-15 17:46:13,741 [INFO] IPUIPlugin:80 - create IPUIPlugin
2023-10-15 17:46:13,741 [INFO] IPUIPlugin:80 - create IPUIPlugin
2023-10-15 17:46:13,743 [INFO] IPUIPlugin:80 - create IPUIPlugin
2023-10-15 17:46:13,744 [INFO] IPUIPlugin:80 - create IPUIPlugin
2023-10-15 17:46:13,744 [INFO] IPUIPlugin:80 - create IPUIPlugin
2023-10-15 17:46:13,744 [INFO] IPUIPlugin:80 - create IPUIPlugin
2023-10-15 17:46:13,745 [INFO] IPUIPlugin:80 - create IPUIPlugin
2023-10-15 17:46:13,745 [INFO] IPUIPlugin:80 - create IPUIPlugin
2023-10-15 17:46:13,746 [INFO] IPUIPlugin:80 - create IPUIPlugin
2023-10-15 17:46:13,747 [INFO] IPUIPlugin:80 - create IPUIPlugin
2023-10-15 17:46:13,747 [INFO] IPUIPlugin:80 - create IPUIPlugin
2023-10-15 17:46:13,748 [INFO] IPUIPlugin:80 - create IPUIPlugin
2023-10-15 17:46:13,748 [INFO] IPUIPlugin:80 - create IPUIPlugin
2023-10-15 17:46:13,748 [INFO] IPUIPlugin:80 - create IPUIPlugin
2023-10-15 17:46:13,749 [INFO] IPUIPlugin:80 - create IPUIPlugin
2023-10-15 17:46:13,750 [INFO] IPUIPlugin:80 - create IPUIPlugin
2023-10-15 17:46:13,750 [INFO] IPUIPlugin:80 - create IPUIPlugin
2023-10-15 17:46:13,751 [INFO] IPUIPlugin:80 - create IPUIPlugin
2023-10-15 17:46:13,752 [INFO] IPUIPlugin:80 - create IPUIPlugin
2023-10-15 17:46:13,753 [INFO] IPUIPlugin:80 - create IPUIPlugin
2023-10-15 17:46:13,753 [INFO] IPUIPlugin:80 - create IPUIPlugin
2023-10-15 17:46:13,755 [INFO] IPUIPlugin:80 - create IPUIPlugin
2023-10-15 17:46:13,756 [INFO] IPUIPlugin:80 - create IPUIPlugin
2023-10-15 17:46:13,756 [INFO] IPUIPlugin:80 - create IPUIPlugin
2023-10-15 17:46:13,757 [INFO] IPUIPlugin:80 - create IPUIPlugin
2023-10-15 17:46:13,757 [INFO] IPUIPlugin:80 - create IPUIPlugin
2023-10-15 17:46:13,758 [INFO] IPUIPlugin:80 - create IPUIPlugin
2023-10-15 17:46:13,759 [INFO] IPUIPlugin:80 - create IPUIPlugin
2023-10-15 17:46:13,759 [INFO] IPUIPlugin:80 - create IPUIPlugin
2023-10-15 17:46:13,760 [INFO] IPUIPlugin:80 - create IPUIPlugin
2023-10-15 17:46:13,761 [INFO] IPUIPlugin:80 - create IPUIPlugin
2023-10-15 17:46:13,762 [INFO] IPUIPlugin:80 - create IPUIPlugin
2023-10-15 17:46:13,763 [INFO] IPUIPlugin:80 - create IPUIPlugin
2023-10-15 17:46:13,763 [INFO] IPUIPlugin:80 - create IPUIPlugin
2023-10-15 17:46:13,764 [INFO] IPUIPlugin:80 - create IPUIPlugin
2023-10-15 17:46:13,765 [INFO] IPUIPlugin:80 - create IPUIPlugin
2023-10-15 17:46:13,766 [INFO] IPUIPlugin:80 - create IPUIPlugin
2023-10-15 17:46:13,766 [INFO] IPUIPlugin:80 - create IPUIPlugin
2023-10-15 17:46:13,766 [INFO] IPUIPlugin:80 - create IPUIPlugin
2023-10-15 17:46:13,767 [INFO] IPUIPlugin:80 - create IPUIPlugin
2023-10-15 17:46:13,767 [INFO] IPUIPlugin:80 - create IPUIPlugin
2023-10-15 17:46:13,767 [INFO] IPUIPlugin:80 - create IPUIPlugin
2023-10-15 17:46:13,767 [INFO] IPUIPlugin:80 - create IPUIPlugin
2023-10-15 17:46:13,769 [INFO] IPUIPlugin:80 - create IPUIPlugin
2023-10-15 17:46:13,770 [INFO] IPUIPlugin:80 - create IPUIPlugin
2023-10-15 17:46:13,773 [INFO] IPUIPlugin:80 - create IPUIPlugin
2023-10-15 17:46:13,774 [INFO] IPUIPlugin:80 - create IPUIPlugin
2023-10-15 17:46:13,775 [INFO] IPUIPlugin:80 - create IPUIPlugin
2023-10-15 17:46:13,884 [INFO] ApiDbMcu:507 - Load IP Config File for PDM2PCM
2023-10-15 17:46:14,344 [INFO] CADModel:165 - CPN selected for project levelSTM32F446RET6
2023-10-15 17:46:14,345 [INFO] CADModel:114 - Register for checkConnection events
2023-10-15 17:46:14,389 [INFO] OpenFileManager:328 - Restore cursor
2023-10-15 17:56:17,010 [INFO] Gpio:273 - dependency for GPIO [RCC, SYS, TIM1, TIM3, TIM4, TIM8, USART2]
2023-10-15 17:56:48,691 [INFO] UtilMem:75 - End SaveConfig() Used Memory: 223101240 Bytes (519045120)
2023-10-15 17:56:50,595 [INFO] UtilMem:75 - End SaveConfig() Used Memory: 250863760 Bytes (519045120)
2023-10-15 17:56:52,281 [INFO] UtilMem:75 - End SaveConfig() Used Memory: 326361232 Bytes (519045120)
2023-10-15 17:56:53,016 [INFO] BlockDiagram:2759 - set Specific Code input for plugin: TIM1_8
2023-10-15 17:56:53,016 [INFO] BlockDiagram:2759 - set Specific Code input for plugin: TIM1_8
2023-10-15 17:56:53,016 [INFO] BlockDiagram:2759 - set Specific Code input for plugin: TIM1_8
2023-10-15 17:56:53,016 [INFO] BlockDiagram:2759 - set Specific Code input for plugin: SYS
2023-10-15 17:56:53,016 [INFO] BlockDiagram:2759 - set Specific Code input for plugin: RCC
2023-10-15 17:56:53,016 [INFO] BlockDiagram:2759 - set Specific Code input for plugin: NVIC
2023-10-15 17:56:53,016 [INFO] BlockDiagram:2759 - set Specific Code input for plugin: USART
2023-10-15 17:56:53,016 [INFO] BlockDiagram:2759 - set Specific Code input for plugin: TIM1_8
2023-10-15 17:56:53,017 [INFO] BlockDiagram:2759 - set Specific Code input for plugin: GPIO
2023-10-15 17:56:53,018 [INFO] CodeGenerator:793 - code generatio: config db path: /app/stm32cubeide/plugins/com.st.stm32cube.common.mx_6.8.0.202302231600//db/
2023-10-15 17:56:53,546 [INFO] CodeEngine:255 - oldGeneratedFile, /home/alhasanbondok/STM32CubeIDE/workspace/SoC_advanced_project/MXTmpFiles/license.tmp_save
2023-10-15 17:56:54,106 [INFO] CodeEngine:279 - Generated code: /home/alhasanbondok/STM32CubeIDE/workspace/SoC_advanced_project/MXTmpFiles/license.tmp
2023-10-15 17:56:54,176 [INFO] CodeEngine:255 - oldGeneratedFile, /home/alhasanbondok/STM32CubeIDE/workspace/SoC_advanced_project/MXTmpFiles/gpio.tmp_save
2023-10-15 17:56:54,375 [INFO] CodeEngine:279 - Generated code: /home/alhasanbondok/STM32CubeIDE/workspace/SoC_advanced_project/MXTmpFiles/gpio.tmp
2023-10-15 17:56:54,930 [INFO] CodeEngine:255 - oldGeneratedFile, /home/alhasanbondok/STM32CubeIDE/workspace/SoC_advanced_project/Core/Src/stm32f4xx_it.c_save
2023-10-15 17:56:55,159 [INFO] CodeEngine:279 - Generated code: /home/alhasanbondok/STM32CubeIDE/workspace/SoC_advanced_project/Core/Src/stm32f4xx_it.c
2023-10-15 17:56:55,162 [INFO] CodeEngine:255 - oldGeneratedFile, /home/alhasanbondok/STM32CubeIDE/workspace/SoC_advanced_project/Core/Inc/stm32f4xx_it.h_save
2023-10-15 17:56:55,335 [INFO] CodeEngine:279 - Generated code: /home/alhasanbondok/STM32CubeIDE/workspace/SoC_advanced_project/Core/Inc/stm32f4xx_it.h
2023-10-15 17:56:55,340 [INFO] CodeEngine:255 - oldGeneratedFile, /home/alhasanbondok/STM32CubeIDE/workspace/SoC_advanced_project/Core/Src/stm32f4xx_hal_msp.c_save
2023-10-15 17:56:55,602 [INFO] CodeEngine:279 - Generated code: /home/alhasanbondok/STM32CubeIDE/workspace/SoC_advanced_project/Core/Src/stm32f4xx_hal_msp.c
2023-10-15 17:56:55,604 [INFO] CodeEngine:255 - oldGeneratedFile, /home/alhasanbondok/STM32CubeIDE/workspace/SoC_advanced_project/MXTmpFiles/system.tmp_save
2023-10-15 17:56:55,761 [INFO] CodeEngine:279 - Generated code: /home/alhasanbondok/STM32CubeIDE/workspace/SoC_advanced_project/MXTmpFiles/system.tmp
2023-10-15 17:56:55,765 [INFO] CodeEngine:311 - oldGeneratedFile, /home/alhasanbondok/STM32CubeIDE/workspace/SoC_advanced_project/Core/Inc/stm32f4xx_hal_conf.h_save
2023-10-15 17:56:55,935 [INFO] CodeEngine:335 - Generated code: /home/alhasanbondok/STM32CubeIDE/workspace/SoC_advanced_project/Core/Inc/stm32f4xx_hal_conf.h
2023-10-15 17:56:55,986 [WARN] IPConfigManager:2937 - Warning: the RefConfig PLL2P_FOR_MCO is not available in your config.xml file
2023-10-15 17:56:55,997 [WARN] IPConfigManager:3431 - IP not found : TIM
2023-10-15 17:56:55,997 [WARN] CodeGenerator:3754 - IP not found : null
2023-10-15 17:56:56,000 [INFO] CodeEngine:255 - oldGeneratedFile, /home/alhasanbondok/STM32CubeIDE/workspace/SoC_advanced_project/Core/Inc/main.h_save
2023-10-15 17:56:56,307 [INFO] CodeEngine:279 - Generated code: /home/alhasanbondok/STM32CubeIDE/workspace/SoC_advanced_project/Core/Inc/main.h
2023-10-15 17:56:56,310 [INFO] CodeEngine:255 - oldGeneratedFile, /home/alhasanbondok/STM32CubeIDE/workspace/SoC_advanced_project/Core/Src/main.c_save
2023-10-15 17:56:56,827 [INFO] CodeEngine:279 - Generated code: /home/alhasanbondok/STM32CubeIDE/workspace/SoC_advanced_project/Core/Src/main.c
2023-10-15 17:56:58,105 [INFO] ProjectBuilder:2996 - Time for Copy HAL[1] : 79mS.
2023-10-15 17:56:58,125 [INFO] ProjectBuilder:4304 - Project Generator version: 3.19.2
2023-10-15 17:56:58,876 [INFO] ConfigFileManager:1483 - The Die is : DIE421
2023-10-15 17:56:58,896 [INFO] ApiDbMcu:507 - Load IP Config File for FATFS
2023-10-15 17:56:58,953 [INFO] ApiDbMcu:507 - Load IP Config File for FREERTOS
2023-10-15 17:56:58,961 [INFO] ApiDbMcu:507 - Load IP Config File for LIBJPEG
2023-10-15 17:56:59,000 [INFO] ApiDbMcu:507 - Load IP Config File for MBEDTLS
2023-10-15 17:56:59,009 [INFO] ApiDbMcu:507 - Load IP Config File for USB_DEVICE
2023-10-15 17:56:59,014 [INFO] ApiDbMcu:507 - Load IP Config File for USB_HOST
2023-10-15 17:57:00,657 [INFO] LogOutputStream:77 - [STDOUT_REDIRECT] 
2023-10-15 17:57:02,027 [INFO] ProjectBuilder:4505 - Time for Generating toolchain IDE Files: 3901mS.
2023-10-15 17:57:02,028 [INFO] ProjectBuilder:2867 - Time for Copy CMSIS : 1mS.
2023-10-15 17:57:02,029 [INFO] ProjectBuilder:2867 - Time for Copy CMSIS : 1mS.
2023-10-15 18:00:45,936 [INFO] UtilMem:75 - End SaveConfig() Used Memory: 288593216 Bytes (703594496)
2023-10-15 18:00:47,602 [INFO] UtilMem:75 - End SaveConfig() Used Memory: 313759040 Bytes (703594496)
2023-10-15 18:00:49,159 [INFO] UtilMem:75 - End SaveConfig() Used Memory: 349672784 Bytes (703594496)
2023-10-15 18:00:49,722 [INFO] BlockDiagram:2759 - set Specific Code input for plugin: TIM1_8
2023-10-15 18:00:49,722 [INFO] BlockDiagram:2759 - set Specific Code input for plugin: TIM1_8
2023-10-15 18:00:49,722 [INFO] BlockDiagram:2759 - set Specific Code input for plugin: TIM1_8
2023-10-15 18:00:49,723 [INFO] BlockDiagram:2759 - set Specific Code input for plugin: SYS
2023-10-15 18:00:49,723 [INFO] BlockDiagram:2759 - set Specific Code input for plugin: RCC
2023-10-15 18:00:49,723 [INFO] BlockDiagram:2759 - set Specific Code input for plugin: NVIC
2023-10-15 18:00:49,723 [INFO] BlockDiagram:2759 - set Specific Code input for plugin: USART
2023-10-15 18:00:49,723 [INFO] BlockDiagram:2759 - set Specific Code input for plugin: TIM1_8
2023-10-15 18:00:49,724 [INFO] BlockDiagram:2759 - set Specific Code input for plugin: GPIO
2023-10-15 18:00:49,725 [INFO] CodeGenerator:793 - code generatio: config db path: /app/stm32cubeide/plugins/com.st.stm32cube.common.mx_6.8.0.202302231600//db/
2023-10-15 18:00:50,148 [INFO] CodeEngine:255 - oldGeneratedFile, /home/alhasanbondok/STM32CubeIDE/workspace/SoC_advanced_project/MXTmpFiles/license.tmp_save
2023-10-15 18:00:50,357 [INFO] CodeEngine:279 - Generated code: /home/alhasanbondok/STM32CubeIDE/workspace/SoC_advanced_project/MXTmpFiles/license.tmp
2023-10-15 18:00:50,389 [INFO] CodeEngine:255 - oldGeneratedFile, /home/alhasanbondok/STM32CubeIDE/workspace/SoC_advanced_project/MXTmpFiles/gpio.tmp_save
2023-10-15 18:00:50,543 [INFO] CodeEngine:279 - Generated code: /home/alhasanbondok/STM32CubeIDE/workspace/SoC_advanced_project/MXTmpFiles/gpio.tmp
2023-10-15 18:00:51,004 [INFO] CodeEngine:255 - oldGeneratedFile, /home/alhasanbondok/STM32CubeIDE/workspace/SoC_advanced_project/Core/Src/stm32f4xx_it.c_save
2023-10-15 18:00:51,271 [INFO] CodeEngine:279 - Generated code: /home/alhasanbondok/STM32CubeIDE/workspace/SoC_advanced_project/Core/Src/stm32f4xx_it.c
2023-10-15 18:00:51,273 [INFO] CodeEngine:255 - oldGeneratedFile, /home/alhasanbondok/STM32CubeIDE/workspace/SoC_advanced_project/Core/Inc/stm32f4xx_it.h_save
2023-10-15 18:00:51,456 [INFO] CodeEngine:279 - Generated code: /home/alhasanbondok/STM32CubeIDE/workspace/SoC_advanced_project/Core/Inc/stm32f4xx_it.h
2023-10-15 18:00:51,461 [INFO] CodeEngine:255 - oldGeneratedFile, /home/alhasanbondok/STM32CubeIDE/workspace/SoC_advanced_project/Core/Src/stm32f4xx_hal_msp.c_save
2023-10-15 18:00:51,721 [INFO] CodeEngine:279 - Generated code: /home/alhasanbondok/STM32CubeIDE/workspace/SoC_advanced_project/Core/Src/stm32f4xx_hal_msp.c
2023-10-15 18:00:51,723 [INFO] CodeEngine:255 - oldGeneratedFile, /home/alhasanbondok/STM32CubeIDE/workspace/SoC_advanced_project/MXTmpFiles/system.tmp_save
2023-10-15 18:00:51,906 [INFO] CodeEngine:279 - Generated code: /home/alhasanbondok/STM32CubeIDE/workspace/SoC_advanced_project/MXTmpFiles/system.tmp
2023-10-15 18:00:51,909 [INFO] CodeEngine:311 - oldGeneratedFile, /home/alhasanbondok/STM32CubeIDE/workspace/SoC_advanced_project/Core/Inc/stm32f4xx_hal_conf.h_save
2023-10-15 18:00:52,129 [INFO] CodeEngine:335 - Generated code: /home/alhasanbondok/STM32CubeIDE/workspace/SoC_advanced_project/Core/Inc/stm32f4xx_hal_conf.h
2023-10-15 18:00:52,159 [WARN] IPConfigManager:2937 - Warning: the RefConfig PLL2P_FOR_MCO is not available in your config.xml file
2023-10-15 18:00:52,166 [WARN] IPConfigManager:3431 - IP not found : TIM
2023-10-15 18:00:52,166 [WARN] CodeGenerator:3754 - IP not found : null
2023-10-15 18:00:52,170 [INFO] CodeEngine:255 - oldGeneratedFile, /home/alhasanbondok/STM32CubeIDE/workspace/SoC_advanced_project/Core/Inc/main.h_save
2023-10-15 18:00:52,359 [INFO] CodeEngine:279 - Generated code: /home/alhasanbondok/STM32CubeIDE/workspace/SoC_advanced_project/Core/Inc/main.h
2023-10-15 18:00:52,361 [INFO] CodeEngine:255 - oldGeneratedFile, /home/alhasanbondok/STM32CubeIDE/workspace/SoC_advanced_project/Core/Src/main.c_save
2023-10-15 18:00:52,644 [INFO] CodeEngine:279 - Generated code: /home/alhasanbondok/STM32CubeIDE/workspace/SoC_advanced_project/Core/Src/main.c
2023-10-15 18:00:53,603 [INFO] ProjectBuilder:2996 - Time for Copy HAL[1] : 69mS.
2023-10-15 18:00:53,606 [INFO] ProjectBuilder:4304 - Project Generator version: 3.19.2
2023-10-15 18:00:54,281 [INFO] ConfigFileManager:1483 - The Die is : DIE421
2023-10-15 18:00:56,565 [INFO] ProjectBuilder:4505 - Time for Generating toolchain IDE Files: 2959mS.
2023-10-15 18:00:56,566 [INFO] ProjectBuilder:2867 - Time for Copy CMSIS : 0mS.
2023-10-15 18:00:56,567 [INFO] ProjectBuilder:2867 - Time for Copy CMSIS : 1mS.
