2023-10-21 14:58:42,302 [INFO] Activator:176 - 


2023-10-21 14:58:42,310 [INFO] Activator:177 - !SESSION log4j initialized
2023-10-21 14:58:51,676 [INFO] LogOutputStream:77 - [STDOUT_REDIRECT] 
2023-10-21 14:59:14,819 [ERROR] LogOutputStream:75 - [STDERR_REDIRECT] SLF4J: Failed to load class "org.slf4j.impl.StaticLoggerBinder".
2023-10-21 14:59:14,820 [ERROR] LogOutputStream:75 - [STDERR_REDIRECT] SLF4J: Defaulting to no-operation (NOP) logger implementation
2023-10-21 14:59:14,821 [ERROR] LogOutputStream:75 - [STDERR_REDIRECT] SLF4J: See http://www.slf4j.org/codes.html#StaticLoggerBinder for further details.
2023-10-21 19:07:19,998 [INFO] ApplicationProperties:184 - Using Application install path: /app/stm32cubeide/plugins/com.st.stm32cube.common.mx_6.8.0.202302231600
2023-10-21 19:07:20,062 [INFO] DbMcusXml:78 - Set database path to: /app/stm32cubeide/plugins/com.st.stm32cube.common.mx_6.8.0.202302231600//db//mcu/
2023-10-21 19:07:20,065 [INFO] ApiDb:274 - Set plugin database path to: /app/stm32cubeide/plugins/com.st.stm32cube.common.mx_6.8.0.202302231600//db//plugins/boardmanager/
2023-10-21 19:07:20,080 [WARN] ApiDb:259 - Overriding images path with different value:  => /app/stm32cubeide/plugins/com.st.stm32cube.common.mx_6.8.0.202302231600//db//plugins/mcufinder/images/
2023-10-21 19:07:20,177 [INFO] ApiDb:250 - Set database path to: /home/alhasanbondok/.stmcufinder/plugins/mcufinder//mcu/
2023-10-21 19:07:20,180 [INFO] DbMcusAds:125 - Set database path to: /home/alhasanbondok/.stmcufinder/plugins/mcufinder//mcu/
2023-10-21 19:07:20,718 [INFO] CrossReferenceDbSqlite:203 - Set database path to: /home/alhasanbondok/.stmcufinder/plugins/mcufinder//mcu/cs/
2023-10-21 19:07:21,073 [INFO] RulesReader:64 - Compatibility file has been processed (293 Rules)
2023-10-21 19:07:21,264 [INFO] DbMcusXml:78 - Set database path to: /app/stm32cubeide/plugins/com.st.stm32cube.common.mx_6.8.0.202302231600//db//mcu/
2023-10-21 19:07:21,264 [INFO] ApiDb:274 - Set plugin database path to: /app/stm32cubeide/plugins/com.st.stm32cube.common.mx_6.8.0.202302231600//db//plugins/boardmanager/
2023-10-21 19:07:21,264 [INFO] ApiDb:261 - Set plugin images path to: /app/stm32cubeide/plugins/com.st.stm32cube.common.mx_6.8.0.202302231600//db//plugins/mcufinder/images/
2023-10-21 19:07:21,264 [WARN] DbFile:41 - Overriding database path with different value: /home/alhasanbondok/.stmcufinder/plugins/mcufinder/ => /home/alhasanbondok/.stmcufinder/plugins/mcufinder
2023-10-21 19:07:21,265 [INFO] ApiDb:250 - Set database path to: /home/alhasanbondok/.stmcufinder/plugins/mcufinder//mcu/
2023-10-21 19:07:21,265 [WARN] DbFile:41 - Overriding database path with different value: /home/alhasanbondok/.stmcufinder/plugins/mcufinder/ => /home/alhasanbondok/.stmcufinder/plugins/mcufinder
2023-10-21 19:07:21,265 [INFO] DbMcusAds:125 - Set database path to: /home/alhasanbondok/.stmcufinder/plugins/mcufinder//mcu/
2023-10-21 19:07:21,265 [WARN] DbFile:41 - Overriding database path with different value: /home/alhasanbondok/.stmcufinder/plugins/mcufinder/ => /home/alhasanbondok/.stmcufinder/plugins/mcufinder
2023-10-21 19:07:21,265 [WARN] DbFile:41 - Overriding database path with different value: /home/alhasanbondok/.stmcufinder/plugins/mcufinder/ => /home/alhasanbondok/.stmcufinder/plugins/mcufinder
2023-10-21 19:07:21,265 [INFO] CrossReferenceDbSqlite:203 - Set database path to: /home/alhasanbondok/.stmcufinder/plugins/mcufinder//mcu/cs/
2023-10-21 19:07:21,409 [INFO] MainPanel:253 - HeapMemory: 563085312
2023-10-21 19:07:21,693 [INFO] DbMcusXml:78 - Set database path to: /app/stm32cubeide/plugins/com.st.stm32cube.common.mx_6.8.0.202302231600//db//mcu/
2023-10-21 19:07:21,693 [INFO] ApiDb:274 - Set plugin database path to: /app/stm32cubeide/plugins/com.st.stm32cube.common.mx_6.8.0.202302231600//db//plugins/boardmanager/
2023-10-21 19:07:21,693 [INFO] ApiDb:261 - Set plugin images path to: /app/stm32cubeide/plugins/com.st.stm32cube.common.mx_6.8.0.202302231600//db//plugins/mcufinder/images/
2023-10-21 19:07:21,694 [WARN] DbFile:41 - Overriding database path with different value: /home/alhasanbondok/.stmcufinder/plugins/mcufinder/ => /home/alhasanbondok/.stmcufinder/plugins/mcufinder
2023-10-21 19:07:21,695 [INFO] ApiDb:250 - Set database path to: /home/alhasanbondok/.stmcufinder/plugins/mcufinder//mcu/
2023-10-21 19:07:21,695 [WARN] DbFile:41 - Overriding database path with different value: /home/alhasanbondok/.stmcufinder/plugins/mcufinder/ => /home/alhasanbondok/.stmcufinder/plugins/mcufinder
2023-10-21 19:07:21,695 [INFO] DbMcusAds:125 - Set database path to: /home/alhasanbondok/.stmcufinder/plugins/mcufinder//mcu/
2023-10-21 19:07:21,695 [WARN] DbFile:41 - Overriding database path with different value: /home/alhasanbondok/.stmcufinder/plugins/mcufinder/ => /home/alhasanbondok/.stmcufinder/plugins/mcufinder
2023-10-21 19:07:21,695 [WARN] DbFile:41 - Overriding database path with different value: /home/alhasanbondok/.stmcufinder/plugins/mcufinder/ => /home/alhasanbondok/.stmcufinder/plugins/mcufinder
2023-10-21 19:07:21,696 [INFO] CrossReferenceDbSqlite:203 - Set database path to: /home/alhasanbondok/.stmcufinder/plugins/mcufinder//mcu/cs/
2023-10-21 19:07:21,763 [INFO] ApplicationProperties:184 - Using Application install path: /app/stm32cubeide/plugins/com.st.stm32cube.common.mx_6.8.0.202302231600
2023-10-21 19:07:21,773 [INFO] PluginManage:196 - Search for loadable plugins [exclusion list=, ]
2023-10-21 19:07:21,777 [INFO] PluginManage:310 - Check plugin analytics
2023-10-21 19:07:22,294 [INFO] AnalyticsPlugin:253 - Accepted Software Licenses: 
2023-10-21 19:07:22,295 [INFO] AnalyticsPlugin:255 - Accepted CMSIS Pack Licenses: 
2023-10-21 19:07:22,295 [INFO] AnalyticsPlugin:257 - Accepted Firmware Licenses: FW.F4.1.27.0
2023-10-21 19:07:22,321 [INFO] PluginManage:359 - Loaded plugin analytics (category:tool,tabindex:-1)
2023-10-21 19:07:22,323 [INFO] PluginManage:310 - Check plugin cadmodel
2023-10-21 19:07:22,465 [INFO] CADModel:105 - Init CAD model plugin
2023-10-21 19:07:22,472 [INFO] PluginManage:359 - Loaded plugin cadmodel (category:power,tabindex:5)
2023-10-21 19:07:22,473 [INFO] PluginManage:310 - Check plugin clock
2023-10-21 19:07:22,494 [INFO] PluginManage:359 - Loaded plugin clock (category:base,tabindex:2)
2023-10-21 19:07:22,494 [INFO] PluginManage:310 - Check plugin ddr
2023-10-21 19:07:22,507 [INFO] PluginManage:359 - Loaded plugin ddr (category:tool,tabindex:6)
2023-10-21 19:07:22,507 [INFO] PluginManage:310 - Check plugin filemanager
2023-10-21 19:07:22,927 [INFO] PluginManage:359 - Loaded plugin filemanager (category:base,tabindex:10)
2023-10-21 19:07:22,928 [INFO] PluginManage:310 - Check plugin ipmanager
2023-10-21 19:07:22,963 [INFO] PluginManage:359 - Loaded plugin ipmanager (category:base,tabindex:5)
2023-10-21 19:07:22,964 [INFO] PluginManage:310 - Check plugin lpbam
2023-10-21 19:07:23,029 [INFO] PluginManage:359 - Loaded plugin lpbam (category:base,tabindex:0)
2023-10-21 19:07:23,029 [INFO] PluginManage:310 - Check plugin pinoutandconfiguration
2023-10-21 19:07:23,073 [INFO] PluginManage:359 - Loaded plugin pinoutandconfiguration (category:base,tabindex:1)
2023-10-21 19:07:23,074 [INFO] PluginManage:310 - Check plugin pinoutconfig
2023-10-21 19:07:23,357 [WARN] SupportedApi:132 - Cannot load RTOS API schema: s4s-elt-must-match.1: The content of 'definitions' must match (annotation?, (simpleType | complexType)?, (unique | key | keyref)*)). A problem was found starting at: attribute.
2023-10-21 19:07:23,798 [INFO] PluginManage:359 - Loaded plugin pinoutconfig (category:base,tabindex:0)
2023-10-21 19:07:23,798 [INFO] PluginManage:310 - Check plugin power
2023-10-21 19:07:23,864 [INFO] PluginManage:359 - Loaded plugin power (category:power,tabindex:4)
2023-10-21 19:07:23,864 [INFO] PluginManage:310 - Check plugin projectmanager
2023-10-21 19:07:23,948 [INFO] PluginManage:359 - Loaded plugin projectmanager (category:projectmanager,tabindex:3)
2023-10-21 19:07:23,949 [INFO] PluginManage:310 - Check plugin thirdparty
2023-10-21 19:07:24,312 [INFO] PluginManage:359 - Loaded plugin thirdparty (category:base,tabindex:-1)
2023-10-21 19:07:24,313 [INFO] PluginManage:310 - Check plugin tools
2023-10-21 19:07:24,310 [WARN] IntegrityCheckThread:84 - waiting for thirdparty lock release [integrity check]
2023-10-21 19:07:24,315 [INFO] IntegrityCheckThread:86 - entering critical section [integrity check]
2023-10-21 19:07:24,318 [INFO] ThirdPartyUpdaterWithRetryManager:70 - Updater plugin not ready yet. [1/15]
2023-10-21 19:07:24,324 [INFO] PluginManage:359 - Loaded plugin tools (category:base,tabindex:7)
2023-10-21 19:07:24,324 [INFO] PluginManage:310 - Check plugin tutovideos
2023-10-21 19:07:24,781 [INFO] PluginManage:359 - Loaded plugin tutovideos (category:base,tabindex:-1)
2023-10-21 19:07:24,781 [INFO] PluginManage:310 - Check plugin updater
2023-10-21 19:07:24,826 [INFO] PluginManage:359 - Loaded plugin updater (category:base,tabindex:12)
2023-10-21 19:07:24,828 [INFO] PluginManage:283 - PluginManage : Loaded plugins [15]
2023-10-21 19:07:25,374 [INFO] PinOutPanel:1499 - setPackage(No Configuration,No Configuration)
2023-10-21 19:07:25,523 [INFO] CADModel:165 - CPN selected for project level
2023-10-21 19:07:25,523 [INFO] CADModel:114 - Register for checkConnection events
2023-10-21 19:07:25,564 [INFO] IPUIPlugin:80 - create IPUIPlugin
2023-10-21 19:07:25,572 [INFO] PluginManager:220 - loadIPPluginJar : add plateformsettings
2023-10-21 19:07:25,579 [INFO] IPUIPlugin:80 - create IPUIPlugin
2023-10-21 19:07:25,581 [INFO] PluginManager:220 - loadIPPluginJar : add dfsdm
2023-10-21 19:07:25,599 [INFO] IPUIPlugin:80 - create IPUIPlugin
2023-10-21 19:07:25,604 [INFO] PluginManager:220 - loadIPPluginJar : add gpio
2023-10-21 19:07:25,623 [INFO] IPUIPlugin:80 - create IPUIPlugin
2023-10-21 19:07:25,623 [INFO] PluginManager:220 - loadIPPluginJar : add opamp
2023-10-21 19:07:25,630 [INFO] IPUIPlugin:80 - create IPUIPlugin
2023-10-21 19:07:25,631 [INFO] PluginManager:220 - loadIPPluginJar : add pdm2pcm
2023-10-21 19:07:25,637 [INFO] IPUIPlugin:80 - create IPUIPlugin
2023-10-21 19:07:25,637 [INFO] PluginManager:220 - loadIPPluginJar : add ipddr
2023-10-21 19:07:25,653 [INFO] IPUIPlugin:80 - create IPUIPlugin
2023-10-21 19:07:25,653 [INFO] PluginManager:220 - loadIPPluginJar : add mdma
2023-10-21 19:07:25,660 [INFO] IPUIPlugin:80 - create IPUIPlugin
2023-10-21 19:07:25,661 [INFO] PluginManager:220 - loadIPPluginJar : add usart
2023-10-21 19:07:25,665 [INFO] IPUIPlugin:80 - create IPUIPlugin
2023-10-21 19:07:25,666 [INFO] PluginManager:220 - loadIPPluginJar : add tracer_emb
2023-10-21 19:07:25,670 [INFO] IPUIPlugin:80 - create IPUIPlugin
2023-10-21 19:07:25,670 [INFO] PluginManager:220 - loadIPPluginJar : add ucpd
2023-10-21 19:07:25,682 [INFO] IPUIPlugin:80 - create IPUIPlugin
2023-10-21 19:07:25,682 [INFO] PluginManager:220 - loadIPPluginJar : add freertos
2023-10-21 19:07:25,699 [INFO] IPUIPlugin:80 - create IPUIPlugin
2023-10-21 19:07:25,700 [INFO] PluginManager:220 - loadIPPluginJar : add fmc
2023-10-21 19:07:25,714 [INFO] IPUIPlugin:80 - create IPUIPlugin
2023-10-21 19:07:25,715 [INFO] PluginManager:220 - loadIPPluginJar : add linkedlist
2023-10-21 19:07:25,729 [INFO] IPUIPlugin:80 - create IPUIPlugin
2023-10-21 19:07:25,729 [INFO] PluginManager:220 - loadIPPluginJar : add dma
2023-10-21 19:07:25,735 [INFO] IPUIPlugin:80 - create IPUIPlugin
2023-10-21 19:07:25,735 [INFO] PluginManager:220 - loadIPPluginJar : add hash
2023-10-21 19:07:25,744 [INFO] IPUIPlugin:80 - create IPUIPlugin
2023-10-21 19:07:25,745 [INFO] PluginManager:220 - loadIPPluginJar : add stm32_wpan
2023-10-21 19:07:25,756 [INFO] IPUIPlugin:80 - create IPUIPlugin
2023-10-21 19:07:25,757 [INFO] PluginManager:220 - loadIPPluginJar : add i3c
2023-10-21 19:07:25,765 [INFO] IPUIPlugin:80 - create IPUIPlugin
2023-10-21 19:07:25,765 [INFO] PluginManager:220 - loadIPPluginJar : add touchsensing
2023-10-21 19:07:25,776 [INFO] IPUIPlugin:80 - create IPUIPlugin
2023-10-21 19:07:25,776 [INFO] PluginManager:220 - loadIPPluginJar : add cryp
2023-10-21 19:07:25,783 [INFO] IPUIPlugin:80 - create IPUIPlugin
2023-10-21 19:07:25,784 [INFO] PluginManager:220 - loadIPPluginJar : add nvic
2023-10-21 19:07:25,788 [INFO] IPUIPlugin:80 - create IPUIPlugin
2023-10-21 19:07:25,788 [INFO] PluginManager:220 - loadIPPluginJar : add ltdc
2023-10-21 19:07:25,793 [INFO] IPUIPlugin:80 - create IPUIPlugin
2023-10-21 19:07:25,793 [INFO] PluginManager:220 - loadIPPluginJar : add gtzc
2023-10-21 19:07:25,804 [INFO] IPUIPlugin:80 - create IPUIPlugin
2023-10-21 19:07:25,805 [INFO] PluginManager:220 - loadIPPluginJar : add usbx
2023-10-21 19:07:25,808 [INFO] IPUIPlugin:80 - create IPUIPlugin
2023-10-21 19:07:25,808 [INFO] PluginManager:220 - loadIPPluginJar : add ts
2023-10-21 19:07:25,811 [INFO] IPUIPlugin:80 - create IPUIPlugin
2023-10-21 19:07:25,811 [INFO] PluginManager:220 - loadIPPluginJar : add genericplugin
2023-10-21 19:07:25,816 [INFO] IPUIPlugin:80 - create IPUIPlugin
2023-10-21 19:07:25,816 [INFO] PluginManager:220 - loadIPPluginJar : add can
2023-10-21 19:07:25,822 [INFO] IPUIPlugin:80 - create IPUIPlugin
2023-10-21 19:07:25,822 [INFO] PluginManager:220 - loadIPPluginJar : add openamp
2023-10-21 19:07:25,824 [INFO] IPUIPlugin:80 - create IPUIPlugin
2023-10-21 19:07:25,825 [INFO] PluginManager:220 - loadIPPluginJar : add fatfs
2023-10-21 19:07:25,830 [INFO] IPUIPlugin:80 - create IPUIPlugin
2023-10-21 19:07:25,830 [INFO] PluginManager:220 - loadIPPluginJar : add i2s
2023-10-21 19:07:25,841 [INFO] IPUIPlugin:80 - create IPUIPlugin
2023-10-21 19:07:25,841 [INFO] PluginManager:220 - loadIPPluginJar : add adc
2023-10-21 19:07:25,862 [INFO] IPUIPlugin:80 - create IPUIPlugin
2023-10-21 19:07:25,867 [INFO] PluginManager:220 - loadIPPluginJar : add gic
2023-10-21 19:07:25,880 [INFO] IPUIPlugin:80 - create IPUIPlugin
2023-10-21 19:07:25,880 [INFO] PluginManager:220 - loadIPPluginJar : add sai
2023-10-21 19:07:25,885 [INFO] IPUIPlugin:80 - create IPUIPlugin
2023-10-21 19:07:25,886 [INFO] PluginManager:220 - loadIPPluginJar : add aes
2023-10-21 19:07:25,890 [INFO] IPUIPlugin:80 - create IPUIPlugin
2023-10-21 19:07:25,890 [INFO] PluginManager:220 - loadIPPluginJar : add spi
2023-10-21 19:07:25,896 [INFO] IPUIPlugin:80 - create IPUIPlugin
2023-10-21 19:07:25,896 [INFO] PluginManager:220 - loadIPPluginJar : add gfxmmu
2023-10-21 19:07:25,899 [INFO] IPUIPlugin:80 - create IPUIPlugin
2023-10-21 19:07:25,899 [INFO] PluginManager:220 - loadIPPluginJar : add quadspi
2023-10-21 19:07:25,907 [INFO] IPUIPlugin:80 - create IPUIPlugin
2023-10-21 19:07:25,907 [INFO] PluginManager:220 - loadIPPluginJar : add tim
2023-10-21 19:07:25,924 [INFO] IPUIPlugin:80 - create IPUIPlugin
2023-10-21 19:07:25,924 [INFO] PluginManager:220 - loadIPPluginJar : add tsc
2023-10-21 19:07:25,935 [INFO] IPUIPlugin:80 - create IPUIPlugin
2023-10-21 19:07:25,935 [INFO] PluginManager:220 - loadIPPluginJar : add i2c
2023-10-21 19:07:25,942 [INFO] IPUIPlugin:80 - create IPUIPlugin
2023-10-21 19:07:25,942 [INFO] PluginManager:220 - loadIPPluginJar : add lorawan
2023-10-21 19:07:25,951 [INFO] IPUIPlugin:80 - create IPUIPlugin
2023-10-21 19:07:25,952 [INFO] PluginManager:220 - loadIPPluginJar : add comp
2023-10-21 19:07:25,973 [INFO] IPUIPlugin:80 - create IPUIPlugin
2023-10-21 19:07:25,973 [INFO] PluginManager:220 - loadIPPluginJar : add resmgrutility
2023-10-21 19:07:25,979 [INFO] IPUIPlugin:80 - create IPUIPlugin
2023-10-21 19:07:25,980 [INFO] PluginManager:220 - loadIPPluginJar : add dma3
2023-10-21 19:07:26,153 [INFO] CADModel:165 - CPN selected for project level
2023-10-21 19:07:26,153 [INFO] CADModel:114 - Register for checkConnection events
2023-10-21 19:07:26,154 [FATAL] Updater:308 - Updater called before beeing initialized
2023-10-21 19:07:26,154 [ERROR] CADModel:125 - Updater not yet initialized, retry later 
2023-10-21 19:07:26,470 [INFO] CADModel:165 - CPN selected for project level
2023-10-21 19:07:26,471 [INFO] CADModel:114 - Register for checkConnection events
2023-10-21 19:07:26,471 [FATAL] Updater:308 - Updater called before beeing initialized
2023-10-21 19:07:26,471 [ERROR] CADModel:125 - Updater not yet initialized, retry later 
2023-10-21 19:07:26,477 [FATAL] Updater:308 - Updater called before beeing initialized
2023-10-21 19:07:26,747 [FATAL] Updater:308 - Updater called before beeing initialized
2023-10-21 19:07:26,769 [INFO] DbMcusAds:53 - JSON generation date=Tue Mar 07 09:50:55 CET 2023 (1678179055114)
2023-10-21 19:07:26,779 [FATAL] Updater:308 - Updater called before beeing initialized
2023-10-21 19:07:26,863 [WARN] DetailPanel:346 - Failed to get advertising image, set to default
2023-10-21 19:07:27,086 [FATAL] Updater:308 - Updater called before beeing initialized
2023-10-21 19:07:27,089 [FATAL] Updater:308 - Updater called before beeing initialized
2023-10-21 19:07:27,089 [FATAL] Updater:308 - Updater called before beeing initialized
2023-10-21 19:07:27,089 [WARN] DetailPanel:346 - Failed to get advertising image, set to default
2023-10-21 19:07:27,091 [FATAL] Updater:308 - Updater called before beeing initialized
2023-10-21 19:07:27,173 [ERROR] Updater:1120 - MainUpdater not yet initialized. External WinMGr cannot be set.
2023-10-21 19:07:27,176 [INFO] Updater:1056 - Updater Version found : 6.8.0
2023-10-21 19:07:27,208 [INFO] ApplicationProperties:184 - Using Application install path: /app/stm32cubeide/plugins/com.st.stm32cube.common.mx_6.8.0.202302231600
2023-10-21 19:07:27,320 [INFO] ThirdPartyUpdaterWithRetryManager:70 - Updater plugin not ready yet. [2/15]
2023-10-21 19:07:27,440 [INFO] MainUpdater:2854 - connection check result : 10
2023-10-21 19:07:27,441 [INFO] MainUpdater:283 - Updater Check For Update Now.
2023-10-21 19:07:27,442 [INFO] MicroXplorer:498 - Change Database Version : DB.6.0.80
2023-10-21 19:07:27,730 [INFO] CheckServerUpdateThread:120 - End of CheckServer Thread
2023-10-21 19:07:27,865 [INFO] MainUpdater:2854 - connection check result : 10
2023-10-21 19:07:27,867 [INFO] MainUpdater:2854 - connection check result : 10
2023-10-21 19:07:27,936 [INFO] MicroXplorer:468 - Change Database Path : 
2023-10-21 19:07:27,937 [INFO] MicroXplorer:498 - Change Database Version : DB.6.0.80
2023-10-21 19:07:27,938 [WARN] ThirdParty:871 - waiting for thirdparty lock release [close project]
2023-10-21 19:07:30,596 [WARN] PackLoader:240 - Cannot read IP mode file for STMicroelectronics.X-CUBE-SMBUS.2.1.0
2023-10-21 19:07:30,740 [WARN] PackLoader:240 - Cannot read IP mode file for STMicroelectronics.X-CUBE-AZRTOS-F7.1.1.0
2023-10-21 19:07:30,761 [WARN] PackLoader:240 - Cannot read IP mode file for STMicroelectronics.FP-SNS-MOTENV1.4.3.2
2023-10-21 19:07:30,782 [WARN] PackLoader:240 - Cannot read IP mode file for STMicroelectronics.X-CUBE-BLE1.6.2.4
2023-10-21 19:07:30,791 [WARN] PackLoader:240 - Cannot read IP mode file for STMicroelectronics.FP-SNS-FLIGHT1.5.0.2
2023-10-21 19:07:30,815 [WARN] PackLoader:240 - Cannot read IP mode file for STMicroelectronics.X-CUBE-DISPLAY.3.0.0
2023-10-21 19:07:30,843 [WARN] PackLoader:240 - Cannot read IP mode file for STMicroelectronics.X-CUBE-BLE1.7.0.0
2023-10-21 19:07:30,868 [WARN] PackLoader:240 - Cannot read IP mode file for emotas.I-CUBE-CANOPEN.1.3.0
2023-10-21 19:07:30,881 [WARN] PackLoader:240 - Cannot read IP mode file for STMicroelectronics.X-CUBE-TOUCHGFX.4.22.0
2023-10-21 19:07:30,886 [WARN] PackLoader:240 - Cannot read IP mode file for STMicroelectronics.X-CUBE-TOUCHGFX.4.22.1
2023-10-21 19:07:30,892 [WARN] PackLoader:240 - Cannot read IP mode file for STMicroelectronics.FP-SNS-SMARTAG2.1.2.0
2023-10-21 19:07:30,921 [INFO] LogOutputStream:77 - [STDOUT_REDIRECT] 1 : Invalid condition id : UX_CORESTACK_Condition cause : null
2023-10-21 19:07:30,922 [INFO] LogOutputStream:77 - [STDOUT_REDIRECT] 1 : Invalid condition id : UX_CORESTACK_Condition cause : null
2023-10-21 19:07:30,923 [INFO] LogOutputStream:77 - [STDOUT_REDIRECT] 1 : Invalid condition id : UX_CORESTACK_Condition cause : null
2023-10-21 19:07:30,923 [INFO] LogOutputStream:77 - [STDOUT_REDIRECT] 1 : Invalid condition id : UX_CORESTACK_Condition cause : null
2023-10-21 19:07:30,924 [INFO] LogOutputStream:77 - [STDOUT_REDIRECT] 1 : Invalid condition id : UX_CORESTACK_Condition cause : null
2023-10-21 19:07:30,997 [WARN] PackLoader:240 - Cannot read IP mode file for STMicroelectronics.X-CUBE-AZRTOS-WL.2.0.0
2023-10-21 19:07:31,035 [WARN] PackLoader:240 - Cannot read IP mode file for WES.I-CUBE-Cesium.1.3.0
2023-10-21 19:07:31,052 [WARN] PackLoader:240 - Cannot read IP mode file for STMicroelectronics.X-CUBE-BLE2.3.3.0
2023-10-21 19:07:31,065 [WARN] PackLoader:240 - Cannot read IP mode file for STMicroelectronics.X-CUBE-ALGOBUILD.1.3.0
2023-10-21 19:07:31,141 [WARN] PackLoader:240 - Cannot read IP mode file for STMicroelectronics.X-CUBE-AZRTOS-G0.1.1.0
2023-10-21 19:07:31,153 [WARN] PackLoader:240 - Cannot read IP mode file for STMicroelectronics.X-CUBE-NFC4.3.0.0
2023-10-21 19:07:31,161 [WARN] PackLoader:240 - Cannot read IP mode file for STMicroelectronics.FP-ATR-SIGFOX1.3.2.0
2023-10-21 19:07:31,250 [WARN] PackLoader:240 - Cannot read IP mode file for SEGGER.I-CUBE-embOS.1.3.1
2023-10-21 19:07:31,343 [WARN] PackLoader:240 - Cannot read IP mode file for STMicroelectronics.X-CUBE-GNSS1.6.0.0
2023-10-21 19:07:31,413 [WARN] PackLoader:240 - Cannot read IP mode file for STMicroelectronics.X-CUBE-AZRTOS-F4.1.1.0
2023-10-21 19:07:31,428 [WARN] PackLoader:240 - Cannot read IP mode file for wolfSSL.I-CUBE-wolfSSL.5.6.3
2023-10-21 19:07:31,472 [WARN] PackLoader:240 - Cannot read IP mode file for STMicroelectronics.X-CUBE-AZRTOS-L5.2.0.0
2023-10-21 19:07:31,600 [WARN] PackLoader:240 - Cannot read IP mode file for STMicroelectronics.X-CUBE-MEMS1.9.6.0
2023-10-21 19:07:31,942 [WARN] PackLoader:240 - Cannot read IP mode file for ITTIA_DB.I-CUBE-ITTIADB.8.8.0
2023-10-21 19:07:31,952 [WARN] PackLoader:240 - Cannot read IP mode file for STMicroelectronics.X-CUBE-BLEMGR.2.0.0
2023-10-21 19:07:31,990 [WARN] ConditionMgr:438 - getConditionDescription Invalid condition id : UX DEVICE CLASS RTOS Condition cause : null
2023-10-21 19:07:31,992 [WARN] ConditionMgr:438 - getConditionDescription Invalid condition id : UX DEVICE CLASS RTOS Condition cause : null
2023-10-21 19:07:31,997 [WARN] PackLoader:240 - Cannot read IP mode file for STMicroelectronics.X-CUBE-AZRTOS-H7.3.1.0
2023-10-21 19:07:31,999 [WARN] ConditionMgr:1039 - genDependencies : Invalid condition id : UX DEVICE CLASS RTOS Condition cause : null
2023-10-21 19:07:31,999 [WARN] ConditionMgr:1039 - genDependencies : Invalid condition id : UX DEVICE CLASS RTOS Condition cause : null
2023-10-21 19:07:32,001 [WARN] ConditionMgr:1039 - genDependencies : Invalid condition id : UX DEVICE CLASS RTOS Condition cause : null
2023-10-21 19:07:32,001 [WARN] ConditionMgr:1039 - genDependencies : Invalid condition id : UX DEVICE CLASS RTOS Condition cause : null
2023-10-21 19:07:32,002 [WARN] ConditionMgr:1039 - genDependencies : Invalid condition id : UX DEVICE CLASS RTOS Condition cause : null
2023-10-21 19:07:32,013 [WARN] PackLoader:240 - Cannot read IP mode file for STMicroelectronics.X-CUBE-NFC7.1.0.1
2023-10-21 19:07:32,033 [WARN] PackLoader:240 - Cannot read IP mode file for STMicroelectronics.X-CUBE-NFC6.3.0.0
2023-10-21 19:07:32,058 [WARN] PackLoader:240 - Cannot read IP mode file for STMicroelectronics.X-CUBE-EEPRMA1.4.1.0
2023-10-21 19:07:32,074 [WARN] PackLoader:240 - Cannot read IP mode file for STMicroelectronics.X-CUBE-AI.8.1.0
2023-10-21 19:07:32,122 [WARN] ConditionMgr:438 - getConditionDescription Invalid condition id : LAN8742 Phy interface Condition cause : null
2023-10-21 19:07:32,124 [WARN] PackLoader:240 - Cannot read IP mode file for STMicroelectronics.X-CUBE-AZRTOS-L4.2.0.0
2023-10-21 19:07:32,125 [WARN] ConditionMgr:1039 - genDependencies : Invalid condition id : LAN8742 Phy interface Condition cause : null
2023-10-21 19:07:32,126 [WARN] ConditionMgr:1039 - genDependencies : Invalid condition id : LAN8742 Phy interface Condition cause : null
2023-10-21 19:07:32,132 [WARN] ConditionMgr:1039 - genDependencies : Invalid condition id : LAN8742 Phy interface Condition cause : null
2023-10-21 19:07:32,144 [WARN] PackLoader:240 - Cannot read IP mode file for STMicroelectronics.X-CUBE-SFXS2LP1.4.0.0
2023-10-21 19:07:32,151 [WARN] PackLoader:240 - Cannot read IP mode file for STMicroelectronics.X-CUBE-ISPU.1.1.0
2023-10-21 19:07:32,184 [WARN] ConditionMgr:438 - getConditionDescription Invalid condition id : UX DEVICE CLASS RTOS Condition cause : null
2023-10-21 19:07:32,184 [WARN] ConditionMgr:438 - getConditionDescription Invalid condition id : UX DEVICE CLASS RTOS Condition cause : null
2023-10-21 19:07:32,198 [WARN] PackLoader:240 - Cannot read IP mode file for STMicroelectronics.X-CUBE-AZRTOS-WB.2.0.0
2023-10-21 19:07:32,200 [WARN] ConditionMgr:1039 - genDependencies : Invalid condition id : UX DEVICE CLASS RTOS Condition cause : null
2023-10-21 19:07:32,200 [WARN] ConditionMgr:1039 - genDependencies : Invalid condition id : UX DEVICE CLASS RTOS Condition cause : null
2023-10-21 19:07:32,201 [WARN] ConditionMgr:1039 - genDependencies : Invalid condition id : UX DEVICE CLASS RTOS Condition cause : null
2023-10-21 19:07:32,201 [WARN] ConditionMgr:1039 - genDependencies : Invalid condition id : UX DEVICE CLASS RTOS Condition cause : null
2023-10-21 19:07:32,201 [WARN] ConditionMgr:1039 - genDependencies : Invalid condition id : UX DEVICE CLASS RTOS Condition cause : null
2023-10-21 19:07:32,223 [WARN] PackLoader:240 - Cannot read IP mode file for STMicroelectronics.X-CUBE-FREERTOS.1.0.1
2023-10-21 19:07:32,284 [WARN] PackLoader:240 - Cannot read IP mode file for STMicroelectronics.X-CUBE-AZRTOS-L5.1.1.0
2023-10-21 19:07:32,293 [WARN] PackLoader:240 - Cannot read IP mode file for STMicroelectronics.X-CUBE-AI.8.0.1
2023-10-21 19:07:32,317 [WARN] PackLoader:240 - Cannot read IP mode file for STMicroelectronics.X-CUBE-SUBG2.5.0.0
2023-10-21 19:07:32,377 [WARN] PackLoader:240 - Cannot read IP mode file for STMicroelectronics.X-CUBE-TOF1.3.3.1
2023-10-21 19:07:32,432 [WARN] PackLoader:240 - Cannot read IP mode file for STMicroelectronics.X-CUBE-AZRTOS-G4.2.0.0
2023-10-21 19:07:32,456 [WARN] PackLoader:240 - Cannot read IP mode file for Infineon.AIROC-Wi-Fi-Bluetooth-STM32.1.5.1
2023-10-21 19:07:32,529 [WARN] PackLoader:240 - Cannot read IP mode file for STMicroelectronics.X-CUBE-MEMS1.10.0.0
2023-10-21 19:07:32,842 [WARN] PackLoader:240 - Cannot read IP mode file for STMicroelectronics.X-CUBE-FREERTOS.1.1.0
2023-10-21 19:07:32,847 [WARN] PackLoader:240 - Cannot read IP mode file for portGmbH.I-Cube-SoM-uGOAL.1.1.0
2023-10-21 19:07:32,852 [WARN] PackLoader:240 - Cannot read IP mode file for STMicroelectronics.X-CUBE-ALS.1.0.1
2023-10-21 19:07:32,869 [WARN] PackLoader:240 - Cannot read IP mode file for STMicroelectronics.X-CUBE-AZRTOS-WB.1.1.0
2023-10-21 19:07:32,877 [WARN] PackLoader:240 - Cannot read IP mode file for STMicroelectronics.FP-ATR-ASTRA1.2.0.0
2023-10-21 19:07:32,878 [INFO] ThirdParty:978 - Integrity check success = true
2023-10-21 19:07:32,878 [INFO] IntegrityCheckThread:100 - exiting critical section [integrity check]
2023-10-21 19:07:32,878 [INFO] IntegrityCheckThread:103 - End integrity checks thread
2023-10-21 19:07:32,879 [INFO] ThirdParty:873 - entering critical section [close project]
2023-10-21 19:07:32,880 [INFO] ThirdParty:883 - exiting critical section [close project]
2023-10-21 19:07:32,888 [INFO] PinOutPanel:1499 - setPackage(No Configuration,No Configuration)
2023-10-21 19:07:32,899 [INFO] UtilMem:75 - Begin LoadConfig() Used Memory: 447499856 Bytes (563085312)
2023-10-21 19:07:32,901 [INFO] MicroXplorer:468 - Change Database Path : 
2023-10-21 19:07:32,901 [INFO] MicroXplorer:498 - Change Database Version : DB.6.0.80
2023-10-21 19:07:32,901 [INFO] OpenFileManager:308 - Change cursor
2023-10-21 19:07:33,002 [INFO] Mcu:1937 - Initializing MCU STM32F446R(C-E)Tx STM32F446RETx STM32F446RET6
2023-10-21 19:07:37,120 [INFO] Context:659 - Trying to add GPIOservice into a context  which must be forbidden
2023-10-21 19:07:38,806 [INFO] RtosManager:555 - Registered RTOS mode: class=CMSIS, group=RTOS, mode=CMSIS_V1, owner=FREERTOS
2023-10-21 19:07:38,806 [INFO] RtosManager:555 - Registered RTOS mode: class=CMSIS, group=RTOS2, mode=CMSIS_V2, owner=FREERTOS
2023-10-21 19:07:38,807 [INFO] RtosManager:555 - Registered RTOS mode: class=RTOS, group=Core, mode=CMSIS_V1, owner=FREERTOS
2023-10-21 19:07:38,807 [INFO] RtosManager:555 - Registered RTOS mode: class=RTOS, group=Core, mode=CMSIS_V2, owner=FREERTOS
2023-10-21 19:07:38,808 [WARN] ModelIntegratedComponent:184 - Missing modes for component STMicroelectronics:FreeRTOS:0.0.1:STMicroelectronics:RTOS:FreeRTOS:Core:::10.2.0:
2023-10-21 19:07:38,902 [WARN] ModelIntegratedComponent:63 - No mode defined for component null
2023-10-21 19:07:38,902 [WARN] ModelIntegratedComponent:63 - No mode defined for component null
2023-10-21 19:07:38,903 [WARN] ModelIntegratedComponent:63 - No mode defined for component null
2023-10-21 19:07:38,903 [WARN] ModelIntegratedComponent:63 - No mode defined for component null
2023-10-21 19:07:38,903 [WARN] ModelIntegratedComponent:63 - No mode defined for component null
2023-10-21 19:07:38,903 [WARN] ModelIntegratedComponent:63 - No mode defined for component null
2023-10-21 19:07:38,903 [WARN] ModelIntegratedComponent:63 - No mode defined for component null
2023-10-21 19:07:38,903 [WARN] ModelIntegratedComponent:63 - No mode defined for component null
2023-10-21 19:07:38,903 [WARN] ModelIntegratedComponent:63 - No mode defined for component null
2023-10-21 19:07:38,903 [WARN] ModelIntegratedComponent:63 - No mode defined for component null
2023-10-21 19:07:38,903 [WARN] ModelIntegratedComponent:63 - No mode defined for component null
2023-10-21 19:07:38,904 [WARN] ModelIntegratedComponent:63 - No mode defined for component null
2023-10-21 19:07:38,904 [WARN] ModelIntegratedComponent:63 - No mode defined for component null
2023-10-21 19:07:38,904 [WARN] ModelIntegratedComponent:63 - No mode defined for component null
2023-10-21 19:07:38,904 [WARN] ModelIntegratedComponent:63 - No mode defined for component null
2023-10-21 19:07:38,904 [WARN] ModelIntegratedComponent:63 - No mode defined for component null
2023-10-21 19:07:38,904 [WARN] ModelIntegratedComponent:63 - No mode defined for component null
2023-10-21 19:07:38,904 [WARN] ModelIntegratedComponent:63 - No mode defined for component null
2023-10-21 19:07:38,904 [WARN] ModelIntegratedComponent:63 - No mode defined for component null
2023-10-21 19:07:38,904 [WARN] ModelIntegratedComponent:63 - No mode defined for component null
2023-10-21 19:07:38,905 [WARN] ModelIntegratedComponent:63 - No mode defined for component null
2023-10-21 19:07:38,905 [WARN] ModelIntegratedComponent:63 - No mode defined for component null
2023-10-21 19:07:38,905 [WARN] ModelIntegratedComponent:63 - No mode defined for component null
2023-10-21 19:07:38,905 [WARN] ModelIntegratedComponent:63 - No mode defined for component null
2023-10-21 19:07:38,905 [WARN] ModelIntegratedComponent:63 - No mode defined for component null
2023-10-21 19:07:38,905 [WARN] ModelIntegratedComponent:63 - No mode defined for component null
2023-10-21 19:07:38,905 [WARN] ModelIntegratedComponent:63 - No mode defined for component null
2023-10-21 19:07:38,905 [WARN] ModelIntegratedComponent:63 - No mode defined for component null
2023-10-21 19:07:38,905 [WARN] ModelIntegratedComponent:63 - No mode defined for component null
2023-10-21 19:07:38,906 [WARN] ModelIntegratedComponent:63 - No mode defined for component null
2023-10-21 19:07:38,906 [WARN] ModelIntegratedComponent:63 - No mode defined for component null
2023-10-21 19:07:38,906 [WARN] ModelIntegratedComponent:63 - No mode defined for component null
2023-10-21 19:07:38,906 [WARN] ModelIntegratedComponent:63 - No mode defined for component null
2023-10-21 19:07:39,556 [INFO] ThirdPartyModel:298 - Start build external matchings
2023-10-21 19:07:40,667 [INFO] ThirdPartyModel:316 - End build external matchings
2023-10-21 19:07:40,755 [INFO] ImportTextPane:194 - (OptionalMessage_ERROR) IP (RCC) : Invalid parameter (48MHZClocksFreq_Value)
2023-10-21 19:07:40,756 [INFO] ImportTextPane:194 - (OptionalMessage_ERROR) IP (RCC) : Invalid parameter (EthernetFreq_Value)
2023-10-21 19:07:40,767 [INFO] ImportTextPane:194 - (OptionalMessage_ERROR) IP (RCC) : Parameter (FLatency) has Id (AdvancedSettings) currently not set
2023-10-21 19:07:40,767 [INFO] ImportTextPane:194 - (OptionalMessage_ERROR) IP (RCC) : Invalid parameter (FamilyName)
2023-10-21 19:07:40,768 [INFO] ImportTextPane:194 - (OptionalMessage_ERROR) IP (RCC) : Invalid parameter (I2SClocksFreq_Value)
2023-10-21 19:07:40,770 [INFO] ImportTextPane:194 - (OptionalMessage_ERROR) IP (RCC) : Parameter (SDIOFreq_Value) has invalid value (168000000)
2023-10-21 19:07:40,770 [INFO] ImportTextPane:194 - (OptionalMessage_ERROR) IP (RCC) : Parameter (USBFreq_Value) has invalid value (168000000)
2023-10-21 19:07:40,772 [INFO] ImportTextPane:194 - (OptionalMessage_ERROR) IP (RCC) : Invalid parameter (VCOInputMFreq_Value)
2023-10-21 19:07:40,773 [INFO] ImportTextPane:194 - (OptionalMessage_ERROR) IP (RCC) : Invalid parameter (VcooutputI2S)
2023-10-21 19:07:41,496 [INFO] UtilMem:75 - End LoadConfig() Used Memory: 472099760 Bytes (563085312)
2023-10-21 19:07:41,669 [INFO] ApiDb:581 - Connected to CubeFinder SQLite database (/home/alhasanbondok/.stmcufinder/plugins/mcufinder/mcu/cube-finder-db.db)
2023-10-21 19:07:41,808 [INFO] ApiDb:668 - CubeFinder database Data Model version=2.1
2023-10-21 19:07:41,808 [INFO] ApiDb:669 - CubeFinder database Configuration version=3.0.37
2023-10-21 19:07:41,813 [INFO] ApiDb:670 - CubeFinder database generation date=2023-08-09 (1691586011)
2023-10-21 19:07:41,813 [INFO] ApiDb:671 - CubeFinder database FW Pack versions=[FP-ATR-ASTRA1_V2.0.0, FP-SNS-FLIGHT1_V5.0.1, FP-SNS-FLIGHT1_V5.0.2, FP-SNS-MOTENV1_V4.3.1, FP-SNS-MOTENV1_V4.3.2, STM32Cube_FW_C0_V1.1.0, STM32Cube_FW_F4_V1.27.1, STM32Cube_FW_F7_V1.17.0, STM32Cube_FW_G0_V1.6.1, STM32Cube_FW_G4_V1.5.1, STM32Cube_FW_H5_V0.5.1, STM32Cube_FW_H5_V1.1.0, STM32Cube_FW_H7_V1.11.0, STM32Cube_FW_L0_V1.12.2, STM32Cube_FW_L5_V1.5.0, STM32Cube_FW_U5_V1.3.0, STM32Cube_FW_U5_V1.3.0RC4, STM32Cube_FW_WBA_V1.0.0RC1, STM32Cube_FW_WBA_V1.1.0, STM32Cube_FW_WBA_V1.1.0RC1, STM32Cube_FW_WB_V1.15.0RC1, STM32Cube_FW_WB_V1.16.0, STM32Cube_FW_WB_V1.16.0RC2, STM32Cube_FW_WB_V1.17.0, STM32Cube_FW_WL_V1.3.0, X-CUBE-ALGOBUILD_V1.3.0, X-CUBE-ALS_V1.0.1, X-CUBE-AZRTOS-F4_V1.1.0, X-CUBE-AZRTOS-F7_V1.1.0, X-CUBE-AZRTOS-G0_V1.1.0, X-CUBE-AZRTOS-G4_V2.0.0, X-CUBE-AZRTOS-H7_V3.1.0, X-CUBE-AZRTOS-L4_V1.0.0, X-CUBE-AZRTOS-L4_V2.0.0, X-CUBE-AZRTOS-L5_V1.1.0, X-CUBE-AZRTOS-WB_V1.1.0, X-CUBE-AZRTOS-WL_V2.0.0, X-CUBE-BLE1_V7.0.0, X-CUBE-BLE2_V3.3.0, X-CUBE-BLEMGR_V2.0.0, X-CUBE-EEPRMA1_V4.1.0, X-CUBE-FREERTOS_V1.1.0, X-CUBE-GNSS1_V6.0.0, X-CUBE-MEMS1_V9.1.0, X-CUBE-MEMS1_V9.4.0, X-CUBE-MEMS1_V9.6.0, X-CUBE-NFC4_V3.0.0, X-CUBE-NFC7_V1.0.0, X-CUBE-SFXS2LP1_V4.0.0, X-CUBE-SUBG2_V5.0.0, X-CUBE-TOF1_V3.3.1]
2023-10-21 19:07:45,085 [INFO] ApiDb:240 - Found 297 in-development CPN: [B-G473E-ZEST1S, B-WB1M-WPAN1, B-WL5M-SUBG1, NUCLEO-C031C6, NUCLEO-H503RB, NUCLEO-H563ZI, NUCLEO-U545RE-Q, NUCLEO-U5A5ZJ-Q, NUCLEO-WBA52CG, STEVAL-PROTEUS1, STEVAL-STWINBX1, STM320518-EVAL, STM32C0116-DK, STM32C011D6Y3TR, STM32C011D6Y6TR, STM32C011F4P3, STM32C011F4P6, STM32C011F4U3, STM32C011F4U6TR, STM32C011F6P3, STM32C011F6P6, STM32C011F6U3, STM32C011F6U6TR, STM32C011J4M3, STM32C011J4M6, STM32C011J6M3, STM32C011J6M6, STM32C0316-DK, STM32C031C4T3, STM32C031C4T6, STM32C031C4U3, STM32C031C4U6, STM32C031C6T3, STM32C031C6T6, STM32C031C6U3, STM32C031C6U6, STM32C031F4P3, STM32C031F4P6, STM32C031F6P3, STM32C031F6P6, STM32C031G4U3, STM32C031G4U6, STM32C031G6U3, STM32C031G6U6, STM32C031K4T3, STM32C031K4T6, STM32C031K4U3, STM32C031K4U6, STM32C031K6T3, STM32C031K6T6, STM32C031K6U3, STM32C031K6U6, STM32G071K8TXN, STM32G071K8UXN, STM32G081GBU6N, STM32G081KBT6N, STM32G081KBUXN, STM32G0B1CCT6N, STM32G0B1KCT6, STM32G0B1NEY6TR, STM32G0B1RCT6N, STM32G0C1CCT6, STM32G0C1CCT6N, STM32G0C1CCU6N, STM32G0C1CET6N, STM32G0C1CEU6N, STM32G0C1KCT6, STM32G0C1NEY6TR, STM32G0C1RCI6N, STM32G0C1RCT6N, STM32G0C1REI6N, STM32G0C1RET6N, STM32G0C1VCI6, STM32G0C1VEI6, STM32G471CCT6, STM32G471CCU6, STM32G471CET3, STM32G471CET6, STM32G471CEU3, STM32G471CEU6, STM32G471MCT6, STM32G471MET3, STM32G471MET6, STM32G471MEY6TR, STM32G471QCT6, STM32G471QET3, STM32G471RCT6, STM32G471RET3, STM32G471RET6, STM32G471VCH6, STM32G471VCI6, STM32G471VCT6, STM32G471VEH3, STM32G471VEH6, STM32G471VEI3, STM32G471VEI6, STM32G471VET3, STM32G471VET6, STM32G474CCT6, STM32H503CBT6, STM32H503CBU6, STM32H503EBY6TR, STM32H503KBU6, STM32H503RBT6, STM32H562AGI6, STM32H562AII6, STM32H562IGK6, STM32H562IGT6, STM32H562IIK6, STM32H562IIT6, STM32H562RGT6, STM32H562RGV6, STM32H562RIT6, STM32H562RIV6, STM32H562VGT6, STM32H562VIT6, STM32H562ZGT6, STM32H562ZIT6, STM32H563AGI6, STM32H563AII3Q, STM32H563AII6, STM32H563IGK6, STM32H563IGT6, STM32H563IIK3Q, STM32H563IIK6, STM32H563IIT3Q, STM32H563IIT6, STM32H563MIY3QTR, STM32H563RGT6, STM32H563RGV6, STM32H563RIT6, STM32H563RIV6, STM32H563VGT6, STM32H563VIT3Q, STM32H563VIT6, STM32H563ZGT6, STM32H563ZIT3Q, STM32H563ZIT6, STM32H573AII3Q, STM32H573AII6, STM32H573I-DK, STM32H573IIK3Q, STM32H573IIK6, STM32H573IIT3Q, STM32H573IIT6, STM32H573MIY3QTR, STM32H573RIT6, STM32H573RIV6, STM32H573VIT3Q, STM32H573VIT6, STM32H573ZIT3Q, STM32H573ZIT6, STM32L4R5QGI6STR, STM32MP131AAE3, STM32MP131AAF3, STM32MP131AAG3, STM32MP131CAE3, STM32MP131CAF3, STM32MP131CAG3, STM32MP131DAE7, STM32MP131DAF7, STM32MP131DAG7, STM32MP131FAE7, STM32MP131FAF7, STM32MP131FAG7, STM32MP133AAE3, STM32MP133AAF3, STM32MP133AAG3, STM32MP133CAE3, STM32MP133CAF3, STM32MP133CAG3, STM32MP133DAE7, STM32MP133DAF7, STM32MP133DAG7, STM32MP133FAE7, STM32MP133FAF7, STM32MP133FAG7, STM32MP135AAE3, STM32MP135AAF3, STM32MP135AAG3, STM32MP135CAE3, STM32MP135CAF3, STM32MP135CAG3, STM32MP135DAE7, STM32MP135DAF7, STM32MP135DAG7, STM32MP135F-DK, STM32MP135FAE7, STM32MP135FAF7, STM32MP135FAF7T, STM32MP135FAF7U, STM32MP135FAG7, STM32U535CBT6, STM32U535CBT6Q, STM32U535CBU6, STM32U535CBU6Q, STM32U535CCT6, STM32U535CCT6Q, STM32U535CCU6, STM32U535CCU6Q, STM32U535CET6, STM32U535CET6Q, STM32U535CEU6, STM32U535CEU6Q, STM32U535JEY6QTR, STM32U535NCY6QTR, STM32U535NEY6QTR, STM32U535RBI6, STM32U535RBI6Q, STM32U535RBT6, STM32U535RBT6Q, STM32U535RCI6, STM32U535RCI6Q, STM32U535RCT6, STM32U535RCT6Q, STM32U535REI6, STM32U535REI6Q, STM32U535RET6, STM32U535RET6Q, STM32U535VCI6, STM32U535VCI6Q, STM32U535VCT6, STM32U535VCT6Q, STM32U535VEI6, STM32U535VEI6Q, STM32U535VET6, STM32U535VET6Q, STM32U545CET6, STM32U545CET6Q, STM32U545CEU6, STM32U545CEU6Q, STM32U545JEY6QTR, STM32U545NEY6QTR, STM32U545REI6, STM32U545REI6Q, STM32U545RET6, STM32U545RET6Q, STM32U545VEI6, STM32U545VEI6Q, STM32U545VET6, STM32U545VET6Q, STM32U595AIH6, STM32U595AIH6Q, STM32U595AJH6, STM32U595AJH6Q, STM32U595QII6, STM32U595QII6Q, STM32U595QJI6, STM32U595QJI6Q, STM32U595RIT6, STM32U595RIT6Q, STM32U595RJT6, STM32U595RJT6Q, STM32U595VIT6, STM32U595VIT6Q, STM32U595VJT6, STM32U595VJT6Q, STM32U595ZIT6, STM32U595ZIT6Q, STM32U595ZIY6QTR, STM32U595ZJT6, STM32U595ZJT6Q, STM32U595ZJY6QTR, STM32U599BJY6QTR, STM32U599NIH6Q, STM32U599NJH6Q, STM32U599VIT6Q, STM32U599VJT6, STM32U599VJT6Q, STM32U599ZIT6Q, STM32U599ZIY6QTR, STM32U599ZJT6Q, STM32U599ZJY6QTR, STM32U5A5AJH6, STM32U5A5AJH6Q, STM32U5A5QJI6, STM32U5A5QJI6Q, STM32U5A5RJT6, STM32U5A5RJT6Q, STM32U5A5VJT6, STM32U5A5VJT6Q, STM32U5A5ZJT6, STM32U5A5ZJT6Q, STM32U5A5ZJY6QTR, STM32U5A9BJY6QTR, STM32U5A9J-DK, STM32U5A9NJH6Q, STM32U5A9VJT6Q, STM32U5A9ZJT6Q, STM32U5A9ZJY6QTR, STM32WB1MMCH6, STM32WBA52CEU6, STM32WBA52CEU6T, STM32WBA52CGU6, STM32WBA52CGU6T, STM32WL5MOCH6, STM32WL5MOCH6TR]
2023-10-21 19:07:45,098 [INFO] DbMcus:216 - Found 3825 MCUs, 3825 are supported
2023-10-21 19:07:45,101 [INFO] ApiDb:423 - Load user favorites file /home/alhasanbondok/.stm32cubeide/favorites.mcus.txt: 0 item(s)
2023-10-21 19:07:45,101 [INFO] ApiDb:427 - User favorites MCUs=[]
2023-10-21 19:07:45,101 [INFO] DbMcus:222 - Set 0 / 0 favorites MCUs
2023-10-21 19:07:45,743 [WARN] ThirdParty:833 - waiting for thirdparty lock release [change project]
2023-10-21 19:07:45,743 [INFO] ThirdParty:835 - entering critical section [change project]
2023-10-21 19:07:45,744 [INFO] ThirdParty:1030 - CMSIS Pack Vendor :STMicroelectronics X-CUBE-ISPU 1.1.0
2023-10-21 19:07:45,744 [INFO] ThirdParty:1030 - CMSIS Pack Vendor :STMicroelectronics X-CUBE-GNSS1 6.0.0
2023-10-21 19:07:45,744 [INFO] ThirdParty:1030 - CMSIS Pack Vendor :STMicroelectronics USB_HOST 2.0.0
2023-10-21 19:07:45,744 [INFO] ThirdParty:1030 - CMSIS Pack Vendor :STMicroelectronics X-CUBE-AZRTOS-F4 1.1.0
2023-10-21 19:07:45,744 [INFO] ThirdParty:1030 - CMSIS Pack Vendor :STMicroelectronics LIBJPEG 8.0.0
2023-10-21 19:07:45,744 [INFO] ThirdParty:1030 - CMSIS Pack Vendor :wolfSSL I-CUBE-wolfSSL 5.6.3
2023-10-21 19:07:45,744 [INFO] ThirdParty:1030 - CMSIS Pack Vendor :STMicroelectronics X-CUBE-SMBUS 2.1.0
2023-10-21 19:07:45,745 [INFO] ThirdParty:1030 - CMSIS Pack Vendor :STMicroelectronics USB_DEVICE 3.0.0
2023-10-21 19:07:45,745 [INFO] ThirdParty:1030 - CMSIS Pack Vendor :STMicroelectronics X-CUBE-AZRTOS-WB 2.0.0
2023-10-21 19:07:45,745 [INFO] ThirdParty:1030 - CMSIS Pack Vendor :STMicroelectronics X-CUBE-FREERTOS 1.0.1
2023-10-21 19:07:45,745 [INFO] ThirdParty:1030 - CMSIS Pack Vendor :STMicroelectronics X-CUBE-AZRTOS-F7 1.1.0
2023-10-21 19:07:45,745 [INFO] ThirdParty:1030 - CMSIS Pack Vendor :STMicroelectronics X-CUBE-AZRTOS-L5 2.0.0
2023-10-21 19:07:45,745 [INFO] ThirdParty:1030 - CMSIS Pack Vendor :STMicroelectronics USB_DEVICE 2.0.0
2023-10-21 19:07:45,745 [INFO] ThirdParty:1030 - CMSIS Pack Vendor :STMicroelectronics X-CUBE-MEMS1 9.6.0
2023-10-21 19:07:45,745 [INFO] ThirdParty:1030 - CMSIS Pack Vendor :ITTIA_DB I-CUBE-ITTIADB 8.8.0
2023-10-21 19:07:45,745 [INFO] ThirdParty:1030 - CMSIS Pack Vendor :STMicroelectronics FP-SNS-MOTENV1 4.3.2
2023-10-21 19:07:45,745 [INFO] ThirdParty:1030 - CMSIS Pack Vendor :STMicroelectronics X-CUBE-ALGOBUILD 1.3.0
2023-10-21 19:07:45,745 [INFO] ThirdParty:1030 - CMSIS Pack Vendor :STMicroelectronics X-CUBE-BLE1 6.2.4
2023-10-21 19:07:45,746 [INFO] ThirdParty:1030 - CMSIS Pack Vendor :STMicroelectronics X-CUBE-AZRTOS-L5 1.1.0
2023-10-21 19:07:45,746 [INFO] ThirdParty:1030 - CMSIS Pack Vendor :STMicroelectronics FreeRTOS 0.0.1
2023-10-21 19:07:45,746 [INFO] ThirdParty:1030 - CMSIS Pack Vendor :STMicroelectronics X-CUBE-AZRTOS-G0 1.1.0
2023-10-21 19:07:45,746 [INFO] ThirdParty:1030 - CMSIS Pack Vendor :STMicroelectronics X-CUBE-BLEMGR 2.0.0
2023-10-21 19:07:45,746 [INFO] ThirdParty:1030 - CMSIS Pack Vendor :STMicroelectronics X-CUBE-AI 8.0.1
2023-10-21 19:07:45,746 [INFO] ThirdParty:1030 - CMSIS Pack Vendor :STMicroelectronics X-CUBE-NFC4 3.0.0
2023-10-21 19:07:45,746 [INFO] ThirdParty:1030 - CMSIS Pack Vendor :STMicroelectronics X-CUBE-SUBG2 5.0.0
2023-10-21 19:07:45,746 [INFO] ThirdParty:1030 - CMSIS Pack Vendor :STMicroelectronics STM32_WPAN 1.0.0
2023-10-21 19:07:45,746 [INFO] ThirdParty:1030 - CMSIS Pack Vendor :STMicroelectronics lwIP 2.0.3
2023-10-21 19:07:45,746 [INFO] ThirdParty:1030 - CMSIS Pack Vendor :STMicroelectronics FP-SNS-FLIGHT1 5.0.2
2023-10-21 19:07:45,746 [INFO] ThirdParty:1030 - CMSIS Pack Vendor :STMicroelectronics USB_HOST 1.0.0
2023-10-21 19:07:45,747 [INFO] ThirdParty:1030 - CMSIS Pack Vendor :STMicroelectronics X-CUBE-TOF1 3.3.1
2023-10-21 19:07:45,747 [INFO] ThirdParty:1030 - CMSIS Pack Vendor :STMicroelectronics X-CUBE-AZRTOS-G4 2.0.0
2023-10-21 19:07:45,747 [INFO] ThirdParty:1030 - CMSIS Pack Vendor :STMicroelectronics PDM2PCM 3.1.0
2023-10-21 19:07:45,747 [INFO] ThirdParty:1030 - CMSIS Pack Vendor :STMicroelectronics X-CUBE-AZRTOS-H7 3.1.0
2023-10-21 19:07:45,747 [INFO] ThirdParty:1030 - CMSIS Pack Vendor :Infineon AIROC-Wi-Fi-Bluetooth-STM32 1.5.1
2023-10-21 19:07:45,747 [INFO] ThirdParty:1030 - CMSIS Pack Vendor :STMicroelectronics PDM2PCM 3.3.0
2023-10-21 19:07:45,747 [INFO] ThirdParty:1030 - CMSIS Pack Vendor :STMicroelectronics X-CUBE-DISPLAY 3.0.0
2023-10-21 19:07:45,747 [INFO] ThirdParty:1030 - CMSIS Pack Vendor :STMicroelectronics X-CUBE-BLE1 7.0.0
2023-10-21 19:07:45,747 [INFO] ThirdParty:1030 - CMSIS Pack Vendor :STMicroelectronics FP-ATR-SIGFOX1 3.2.0
2023-10-21 19:07:45,748 [INFO] ThirdParty:1030 - CMSIS Pack Vendor :STMicroelectronics HAL Drivers 0.0.0
2023-10-21 19:07:45,748 [INFO] ThirdParty:1030 - CMSIS Pack Vendor :STMicroelectronics MBEDTLS 2.16.2
2023-10-21 19:07:45,748 [INFO] ThirdParty:1030 - CMSIS Pack Vendor :emotas I-CUBE-CANOPEN 1.3.0
2023-10-21 19:07:45,748 [INFO] ThirdParty:1030 - CMSIS Pack Vendor :STMicroelectronics X-CUBE-MEMS1 10.0.0
2023-10-21 19:07:45,748 [INFO] ThirdParty:1030 - CMSIS Pack Vendor :STMicroelectronics X-CUBE-FREERTOS 1.1.0
2023-10-21 19:07:45,748 [INFO] ThirdParty:1030 - CMSIS Pack Vendor :STMicroelectronics X-CUBE-TOUCHGFX 4.22.0
2023-10-21 19:07:45,749 [INFO] ThirdParty:1030 - CMSIS Pack Vendor :STMicroelectronics X-CUBE-NFC7 1.0.1
2023-10-21 19:07:45,749 [INFO] ThirdParty:1030 - CMSIS Pack Vendor :STMicroelectronics MBEDTLS 2.14.1
2023-10-21 19:07:45,749 [INFO] ThirdParty:1030 - CMSIS Pack Vendor :STMicroelectronics X-CUBE-TOUCHGFX 4.22.1
2023-10-21 19:07:45,749 [INFO] ThirdParty:1030 - CMSIS Pack Vendor :STMicroelectronics X-CUBE-NFC6 3.0.0
2023-10-21 19:07:45,749 [INFO] ThirdParty:1030 - CMSIS Pack Vendor :STMicroelectronics X-CUBE-EEPRMA1 4.1.0
2023-10-21 19:07:45,749 [INFO] ThirdParty:1030 - CMSIS Pack Vendor :portGmbH I-Cube-SoM-uGOAL 1.1.0
2023-10-21 19:07:45,749 [INFO] ThirdParty:1030 - CMSIS Pack Vendor :STMicroelectronics X-CUBE-ALS 1.0.1
2023-10-21 19:07:45,749 [INFO] ThirdParty:1030 - CMSIS Pack Vendor :STMicroelectronics ThreadX 1.0.0
2023-10-21 19:07:45,749 [INFO] ThirdParty:1030 - CMSIS Pack Vendor :STMicroelectronics FP-SNS-SMARTAG2 1.2.0
2023-10-21 19:07:45,749 [INFO] ThirdParty:1030 - CMSIS Pack Vendor :STMicroelectronics X-CUBE-AZRTOS-WB 1.1.0
2023-10-21 19:07:45,750 [INFO] ThirdParty:1030 - CMSIS Pack Vendor :STMicroelectronics X-CUBE-AZRTOS-WL 2.0.0
2023-10-21 19:07:45,750 [INFO] ThirdParty:1030 - CMSIS Pack Vendor :SEGGER I-CUBE-embOS 1.3.1
2023-10-21 19:07:45,750 [INFO] ThirdParty:1030 - CMSIS Pack Vendor :STMicroelectronics USB_DEVICE 1.0.0
2023-10-21 19:07:45,750 [INFO] ThirdParty:1030 - CMSIS Pack Vendor :STMicroelectronics X-CUBE-AI 8.1.0
2023-10-21 19:07:45,750 [INFO] ThirdParty:1030 - CMSIS Pack Vendor :STMicroelectronics X-CUBE-AZRTOS-L4 2.0.0
2023-10-21 19:07:45,750 [INFO] ThirdParty:1030 - CMSIS Pack Vendor :STMicroelectronics ThreadX 0.0.2
2023-10-21 19:07:45,750 [INFO] ThirdParty:1030 - CMSIS Pack Vendor :WES I-CUBE-Cesium 1.3.0
2023-10-21 19:07:45,750 [INFO] ThirdParty:1030 - CMSIS Pack Vendor :STMicroelectronics FP-ATR-ASTRA1 2.0.0
2023-10-21 19:07:45,750 [INFO] ThirdParty:1030 - CMSIS Pack Vendor :STMicroelectronics lwIP 2.1.2
2023-10-21 19:07:45,750 [INFO] ThirdParty:1030 - CMSIS Pack Vendor :STMicroelectronics X-CUBE-SFXS2LP1 4.0.0
2023-10-21 19:07:45,750 [INFO] ThirdParty:1030 - CMSIS Pack Vendor :STMicroelectronics X-CUBE-BLE2 3.3.0
2023-10-21 19:07:45,751 [INFO] ThirdParty:1030 - CMSIS Pack Vendor :STMicroelectronics PDM2PCM 3.2.0
2023-10-21 19:07:45,751 [INFO] ThirdParty:841 - exiting critical section [change project]
2023-10-21 19:07:47,001 [INFO] PinOutPanel:1499 - setPackage(No Configuration,No Configuration)
2023-10-21 19:07:47,003 [INFO] PinOutPanel:1499 - setPackage(STM32F446RETx,LQFP64)
2023-10-21 19:07:48,947 [INFO] UtilMem:75 - Before build in PCC Used Memory: 226964504 Bytes (563085312)
2023-10-21 19:07:50,832 [INFO] UtilMem:75 - After build in PCC Used Memory: 424829784 Bytes (563085312)
2023-10-21 19:07:51,012 [INFO] IPUIPlugin:80 - create IPUIPlugin
2023-10-21 19:07:51,012 [INFO] IPUIPlugin:80 - create IPUIPlugin
2023-10-21 19:07:51,012 [INFO] IPUIPlugin:80 - create IPUIPlugin
2023-10-21 19:07:51,012 [INFO] IPUIPlugin:80 - create IPUIPlugin
2023-10-21 19:07:51,013 [INFO] IPUIPlugin:80 - create IPUIPlugin
2023-10-21 19:07:51,013 [INFO] IPUIPlugin:80 - create IPUIPlugin
2023-10-21 19:07:51,013 [INFO] IPUIPlugin:80 - create IPUIPlugin
2023-10-21 19:07:51,014 [INFO] IPUIPlugin:80 - create IPUIPlugin
2023-10-21 19:07:51,014 [INFO] IPUIPlugin:80 - create IPUIPlugin
2023-10-21 19:07:51,014 [INFO] IPUIPlugin:80 - create IPUIPlugin
2023-10-21 19:07:51,015 [INFO] IPUIPlugin:80 - create IPUIPlugin
2023-10-21 19:07:51,015 [INFO] IPUIPlugin:80 - create IPUIPlugin
2023-10-21 19:07:51,015 [INFO] IPUIPlugin:80 - create IPUIPlugin
2023-10-21 19:07:51,016 [INFO] IPUIPlugin:80 - create IPUIPlugin
2023-10-21 19:07:51,017 [INFO] IPUIPlugin:80 - create IPUIPlugin
2023-10-21 19:07:51,017 [INFO] IPUIPlugin:80 - create IPUIPlugin
2023-10-21 19:07:51,018 [INFO] IPUIPlugin:80 - create IPUIPlugin
2023-10-21 19:07:51,019 [INFO] IPUIPlugin:80 - create IPUIPlugin
2023-10-21 19:07:51,019 [INFO] IPUIPlugin:80 - create IPUIPlugin
2023-10-21 19:07:51,020 [INFO] IPUIPlugin:80 - create IPUIPlugin
2023-10-21 19:07:51,020 [INFO] IPUIPlugin:80 - create IPUIPlugin
2023-10-21 19:07:51,021 [INFO] IPUIPlugin:80 - create IPUIPlugin
2023-10-21 19:07:51,023 [INFO] IPUIPlugin:80 - create IPUIPlugin
2023-10-21 19:07:51,024 [INFO] IPUIPlugin:80 - create IPUIPlugin
2023-10-21 19:07:51,025 [INFO] IPUIPlugin:80 - create IPUIPlugin
2023-10-21 19:07:51,026 [INFO] IPUIPlugin:80 - create IPUIPlugin
2023-10-21 19:07:51,027 [INFO] IPUIPlugin:80 - create IPUIPlugin
2023-10-21 19:07:51,028 [INFO] IPUIPlugin:80 - create IPUIPlugin
2023-10-21 19:07:51,029 [INFO] IPUIPlugin:80 - create IPUIPlugin
2023-10-21 19:07:51,029 [INFO] IPUIPlugin:80 - create IPUIPlugin
2023-10-21 19:07:51,030 [INFO] IPUIPlugin:80 - create IPUIPlugin
2023-10-21 19:07:51,031 [INFO] IPUIPlugin:80 - create IPUIPlugin
2023-10-21 19:07:51,032 [INFO] IPUIPlugin:80 - create IPUIPlugin
2023-10-21 19:07:51,033 [INFO] IPUIPlugin:80 - create IPUIPlugin
2023-10-21 19:07:51,035 [INFO] IPUIPlugin:80 - create IPUIPlugin
2023-10-21 19:07:51,036 [INFO] IPUIPlugin:80 - create IPUIPlugin
2023-10-21 19:07:51,037 [INFO] IPUIPlugin:80 - create IPUIPlugin
2023-10-21 19:07:51,037 [INFO] IPUIPlugin:80 - create IPUIPlugin
2023-10-21 19:07:51,038 [INFO] IPUIPlugin:80 - create IPUIPlugin
2023-10-21 19:07:51,039 [INFO] IPUIPlugin:80 - create IPUIPlugin
2023-10-21 19:07:51,040 [INFO] IPUIPlugin:80 - create IPUIPlugin
2023-10-21 19:07:51,041 [INFO] IPUIPlugin:80 - create IPUIPlugin
2023-10-21 19:07:51,042 [INFO] IPUIPlugin:80 - create IPUIPlugin
2023-10-21 19:07:51,043 [INFO] IPUIPlugin:80 - create IPUIPlugin
2023-10-21 19:07:51,044 [INFO] IPUIPlugin:80 - create IPUIPlugin
2023-10-21 19:07:51,045 [INFO] IPUIPlugin:80 - create IPUIPlugin
2023-10-21 19:07:51,046 [INFO] IPUIPlugin:80 - create IPUIPlugin
2023-10-21 19:07:51,047 [INFO] IPUIPlugin:80 - create IPUIPlugin
2023-10-21 19:07:51,048 [INFO] IPUIPlugin:80 - create IPUIPlugin
2023-10-21 19:07:51,048 [INFO] IPUIPlugin:80 - create IPUIPlugin
2023-10-21 19:07:51,049 [INFO] IPUIPlugin:80 - create IPUIPlugin
2023-10-21 19:07:51,050 [INFO] IPUIPlugin:80 - create IPUIPlugin
2023-10-21 19:07:51,050 [INFO] IPUIPlugin:80 - create IPUIPlugin
2023-10-21 19:07:51,051 [INFO] IPUIPlugin:80 - create IPUIPlugin
2023-10-21 19:07:51,051 [INFO] IPUIPlugin:80 - create IPUIPlugin
2023-10-21 19:07:51,053 [INFO] IPUIPlugin:80 - create IPUIPlugin
2023-10-21 19:07:51,054 [INFO] IPUIPlugin:80 - create IPUIPlugin
2023-10-21 19:07:51,055 [INFO] IPUIPlugin:80 - create IPUIPlugin
2023-10-21 19:07:51,057 [INFO] IPUIPlugin:80 - create IPUIPlugin
2023-10-21 19:07:51,059 [INFO] IPUIPlugin:80 - create IPUIPlugin
2023-10-21 19:07:51,363 [INFO] ApiDbMcu:507 - Load IP Config File for PDM2PCM
2023-10-21 19:07:51,862 [INFO] CADModel:165 - CPN selected for project levelSTM32F446RET6
2023-10-21 19:07:51,862 [INFO] CADModel:114 - Register for checkConnection events
2023-10-21 19:07:51,923 [INFO] OpenFileManager:328 - Restore cursor
