2023-10-22 10:58:11,172 [INFO] Activator:176 - 


2023-10-22 10:58:11,180 [INFO] Activator:177 - !SESSION log4j initialized
2023-10-22 10:58:20,054 [INFO] LogOutputStream:77 - [STDOUT_REDIRECT] 
2023-10-22 10:58:42,968 [ERROR] LogOutputStream:75 - [STDERR_REDIRECT] SLF4J: Failed to load class "org.slf4j.impl.StaticLoggerBinder".
2023-10-22 10:58:42,970 [ERROR] LogOutputStream:75 - [STDERR_REDIRECT] SLF4J: Defaulting to no-operation (NOP) logger implementation
2023-10-22 10:58:42,972 [ERROR] LogOutputStream:75 - [STDERR_REDIRECT] SLF4J: See http://www.slf4j.org/codes.html#StaticLoggerBinder for further details.
2023-10-22 12:52:21,254 [INFO] ApplicationProperties:184 - Using Application install path: /app/stm32cubeide/plugins/com.st.stm32cube.common.mx_6.8.0.202302231600
2023-10-22 12:52:21,309 [INFO] DbMcusXml:78 - Set database path to: /app/stm32cubeide/plugins/com.st.stm32cube.common.mx_6.8.0.202302231600//db//mcu/
2023-10-22 12:52:21,309 [INFO] ApiDb:274 - Set plugin database path to: /app/stm32cubeide/plugins/com.st.stm32cube.common.mx_6.8.0.202302231600//db//plugins/boardmanager/
2023-10-22 12:52:21,323 [WARN] ApiDb:259 - Overriding images path with different value:  => /app/stm32cubeide/plugins/com.st.stm32cube.common.mx_6.8.0.202302231600//db//plugins/mcufinder/images/
2023-10-22 12:52:21,352 [INFO] ApiDb:250 - Set database path to: /home/alhasanbondok/.stmcufinder/plugins/mcufinder//mcu/
2023-10-22 12:52:21,354 [INFO] DbMcusAds:125 - Set database path to: /home/alhasanbondok/.stmcufinder/plugins/mcufinder//mcu/
2023-10-22 12:52:21,891 [INFO] CrossReferenceDbSqlite:203 - Set database path to: /home/alhasanbondok/.stmcufinder/plugins/mcufinder//mcu/cs/
2023-10-22 12:52:22,100 [INFO] RulesReader:64 - Compatibility file has been processed (293 Rules)
2023-10-22 12:52:22,224 [INFO] DbMcusXml:78 - Set database path to: /app/stm32cubeide/plugins/com.st.stm32cube.common.mx_6.8.0.202302231600//db//mcu/
2023-10-22 12:52:22,225 [INFO] ApiDb:274 - Set plugin database path to: /app/stm32cubeide/plugins/com.st.stm32cube.common.mx_6.8.0.202302231600//db//plugins/boardmanager/
2023-10-22 12:52:22,225 [INFO] ApiDb:261 - Set plugin images path to: /app/stm32cubeide/plugins/com.st.stm32cube.common.mx_6.8.0.202302231600//db//plugins/mcufinder/images/
2023-10-22 12:52:22,225 [WARN] DbFile:41 - Overriding database path with different value: /home/alhasanbondok/.stmcufinder/plugins/mcufinder/ => /home/alhasanbondok/.stmcufinder/plugins/mcufinder
2023-10-22 12:52:22,225 [INFO] ApiDb:250 - Set database path to: /home/alhasanbondok/.stmcufinder/plugins/mcufinder//mcu/
2023-10-22 12:52:22,225 [WARN] DbFile:41 - Overriding database path with different value: /home/alhasanbondok/.stmcufinder/plugins/mcufinder/ => /home/alhasanbondok/.stmcufinder/plugins/mcufinder
2023-10-22 12:52:22,226 [INFO] DbMcusAds:125 - Set database path to: /home/alhasanbondok/.stmcufinder/plugins/mcufinder//mcu/
2023-10-22 12:52:22,226 [WARN] DbFile:41 - Overriding database path with different value: /home/alhasanbondok/.stmcufinder/plugins/mcufinder/ => /home/alhasanbondok/.stmcufinder/plugins/mcufinder
2023-10-22 12:52:22,226 [WARN] DbFile:41 - Overriding database path with different value: /home/alhasanbondok/.stmcufinder/plugins/mcufinder/ => /home/alhasanbondok/.stmcufinder/plugins/mcufinder
2023-10-22 12:52:22,226 [INFO] CrossReferenceDbSqlite:203 - Set database path to: /home/alhasanbondok/.stmcufinder/plugins/mcufinder//mcu/cs/
2023-10-22 12:52:22,361 [INFO] MainPanel:253 - HeapMemory: 565182464
2023-10-22 12:52:22,589 [INFO] DbMcusXml:78 - Set database path to: /app/stm32cubeide/plugins/com.st.stm32cube.common.mx_6.8.0.202302231600//db//mcu/
2023-10-22 12:52:22,590 [INFO] ApiDb:274 - Set plugin database path to: /app/stm32cubeide/plugins/com.st.stm32cube.common.mx_6.8.0.202302231600//db//plugins/boardmanager/
2023-10-22 12:52:22,590 [INFO] ApiDb:261 - Set plugin images path to: /app/stm32cubeide/plugins/com.st.stm32cube.common.mx_6.8.0.202302231600//db//plugins/mcufinder/images/
2023-10-22 12:52:22,590 [WARN] DbFile:41 - Overriding database path with different value: /home/alhasanbondok/.stmcufinder/plugins/mcufinder/ => /home/alhasanbondok/.stmcufinder/plugins/mcufinder
2023-10-22 12:52:22,591 [INFO] ApiDb:250 - Set database path to: /home/alhasanbondok/.stmcufinder/plugins/mcufinder//mcu/
2023-10-22 12:52:22,591 [WARN] DbFile:41 - Overriding database path with different value: /home/alhasanbondok/.stmcufinder/plugins/mcufinder/ => /home/alhasanbondok/.stmcufinder/plugins/mcufinder
2023-10-22 12:52:22,591 [INFO] DbMcusAds:125 - Set database path to: /home/alhasanbondok/.stmcufinder/plugins/mcufinder//mcu/
2023-10-22 12:52:22,591 [WARN] DbFile:41 - Overriding database path with different value: /home/alhasanbondok/.stmcufinder/plugins/mcufinder/ => /home/alhasanbondok/.stmcufinder/plugins/mcufinder
2023-10-22 12:52:22,591 [WARN] DbFile:41 - Overriding database path with different value: /home/alhasanbondok/.stmcufinder/plugins/mcufinder/ => /home/alhasanbondok/.stmcufinder/plugins/mcufinder
2023-10-22 12:52:22,592 [INFO] CrossReferenceDbSqlite:203 - Set database path to: /home/alhasanbondok/.stmcufinder/plugins/mcufinder//mcu/cs/
2023-10-22 12:52:22,626 [INFO] ApplicationProperties:184 - Using Application install path: /app/stm32cubeide/plugins/com.st.stm32cube.common.mx_6.8.0.202302231600
2023-10-22 12:52:22,631 [INFO] PluginManage:196 - Search for loadable plugins [exclusion list=, ]
2023-10-22 12:52:22,634 [INFO] PluginManage:310 - Check plugin analytics
2023-10-22 12:52:22,935 [INFO] AnalyticsPlugin:253 - Accepted Software Licenses: 
2023-10-22 12:52:22,936 [INFO] AnalyticsPlugin:255 - Accepted CMSIS Pack Licenses: 
2023-10-22 12:52:22,936 [INFO] AnalyticsPlugin:257 - Accepted Firmware Licenses: FW.F4.1.27.0
2023-10-22 12:52:22,949 [INFO] PluginManage:359 - Loaded plugin analytics (category:tool,tabindex:-1)
2023-10-22 12:52:22,950 [INFO] PluginManage:310 - Check plugin cadmodel
2023-10-22 12:52:23,084 [INFO] CADModel:105 - Init CAD model plugin
2023-10-22 12:52:23,085 [INFO] PluginManage:359 - Loaded plugin cadmodel (category:power,tabindex:5)
2023-10-22 12:52:23,085 [INFO] PluginManage:310 - Check plugin clock
2023-10-22 12:52:23,110 [INFO] PluginManage:359 - Loaded plugin clock (category:base,tabindex:2)
2023-10-22 12:52:23,111 [INFO] PluginManage:310 - Check plugin ddr
2023-10-22 12:52:23,116 [INFO] PluginManage:359 - Loaded plugin ddr (category:tool,tabindex:6)
2023-10-22 12:52:23,116 [INFO] PluginManage:310 - Check plugin filemanager
2023-10-22 12:52:23,392 [INFO] PluginManage:359 - Loaded plugin filemanager (category:base,tabindex:10)
2023-10-22 12:52:23,393 [INFO] PluginManage:310 - Check plugin ipmanager
2023-10-22 12:52:23,405 [INFO] PluginManage:359 - Loaded plugin ipmanager (category:base,tabindex:5)
2023-10-22 12:52:23,405 [INFO] PluginManage:310 - Check plugin lpbam
2023-10-22 12:52:23,426 [INFO] PluginManage:359 - Loaded plugin lpbam (category:base,tabindex:0)
2023-10-22 12:52:23,426 [INFO] PluginManage:310 - Check plugin pinoutandconfiguration
2023-10-22 12:52:23,444 [INFO] PluginManage:359 - Loaded plugin pinoutandconfiguration (category:base,tabindex:1)
2023-10-22 12:52:23,445 [INFO] PluginManage:310 - Check plugin pinoutconfig
2023-10-22 12:52:23,607 [WARN] SupportedApi:132 - Cannot load RTOS API schema: s4s-elt-must-match.1: The content of 'definitions' must match (annotation?, (simpleType | complexType)?, (unique | key | keyref)*)). A problem was found starting at: attribute.
2023-10-22 12:52:23,870 [INFO] PluginManage:359 - Loaded plugin pinoutconfig (category:base,tabindex:0)
2023-10-22 12:52:23,870 [INFO] PluginManage:310 - Check plugin power
2023-10-22 12:52:23,890 [INFO] PluginManage:359 - Loaded plugin power (category:power,tabindex:4)
2023-10-22 12:52:23,890 [INFO] PluginManage:310 - Check plugin projectmanager
2023-10-22 12:52:23,932 [INFO] PluginManage:359 - Loaded plugin projectmanager (category:projectmanager,tabindex:3)
2023-10-22 12:52:23,932 [INFO] PluginManage:310 - Check plugin thirdparty
2023-10-22 12:52:24,168 [INFO] PluginManage:359 - Loaded plugin thirdparty (category:base,tabindex:-1)
2023-10-22 12:52:24,168 [INFO] PluginManage:310 - Check plugin tools
2023-10-22 12:52:24,173 [INFO] PluginManage:359 - Loaded plugin tools (category:base,tabindex:7)
2023-10-22 12:52:24,173 [INFO] PluginManage:310 - Check plugin tutovideos
2023-10-22 12:52:24,175 [WARN] IntegrityCheckThread:84 - waiting for thirdparty lock release [integrity check]
2023-10-22 12:52:24,179 [INFO] IntegrityCheckThread:86 - entering critical section [integrity check]
2023-10-22 12:52:24,183 [INFO] ThirdPartyUpdaterWithRetryManager:70 - Updater plugin not ready yet. [1/15]
2023-10-22 12:52:24,508 [INFO] PluginManage:359 - Loaded plugin tutovideos (category:base,tabindex:-1)
2023-10-22 12:52:24,512 [INFO] PluginManage:310 - Check plugin updater
2023-10-22 12:52:24,546 [INFO] PluginManage:359 - Loaded plugin updater (category:base,tabindex:12)
2023-10-22 12:52:24,547 [INFO] PluginManage:283 - PluginManage : Loaded plugins [15]
2023-10-22 12:52:25,030 [INFO] PinOutPanel:1499 - setPackage(No Configuration,No Configuration)
2023-10-22 12:52:25,145 [INFO] CADModel:165 - CPN selected for project level
2023-10-22 12:52:25,145 [INFO] CADModel:114 - Register for checkConnection events
2023-10-22 12:52:25,171 [INFO] IPUIPlugin:80 - create IPUIPlugin
2023-10-22 12:52:25,177 [INFO] PluginManager:220 - loadIPPluginJar : add plateformsettings
2023-10-22 12:52:25,184 [INFO] IPUIPlugin:80 - create IPUIPlugin
2023-10-22 12:52:25,184 [INFO] PluginManager:220 - loadIPPluginJar : add dfsdm
2023-10-22 12:52:25,192 [INFO] IPUIPlugin:80 - create IPUIPlugin
2023-10-22 12:52:25,193 [INFO] PluginManager:220 - loadIPPluginJar : add gpio
2023-10-22 12:52:25,204 [INFO] IPUIPlugin:80 - create IPUIPlugin
2023-10-22 12:52:25,205 [INFO] PluginManager:220 - loadIPPluginJar : add opamp
2023-10-22 12:52:25,210 [INFO] IPUIPlugin:80 - create IPUIPlugin
2023-10-22 12:52:25,211 [INFO] PluginManager:220 - loadIPPluginJar : add pdm2pcm
2023-10-22 12:52:25,217 [INFO] IPUIPlugin:80 - create IPUIPlugin
2023-10-22 12:52:25,217 [INFO] PluginManager:220 - loadIPPluginJar : add ipddr
2023-10-22 12:52:25,228 [INFO] IPUIPlugin:80 - create IPUIPlugin
2023-10-22 12:52:25,229 [INFO] PluginManager:220 - loadIPPluginJar : add mdma
2023-10-22 12:52:25,233 [INFO] IPUIPlugin:80 - create IPUIPlugin
2023-10-22 12:52:25,234 [INFO] PluginManager:220 - loadIPPluginJar : add usart
2023-10-22 12:52:25,236 [INFO] IPUIPlugin:80 - create IPUIPlugin
2023-10-22 12:52:25,236 [INFO] PluginManager:220 - loadIPPluginJar : add tracer_emb
2023-10-22 12:52:25,239 [INFO] IPUIPlugin:80 - create IPUIPlugin
2023-10-22 12:52:25,239 [INFO] PluginManager:220 - loadIPPluginJar : add ucpd
2023-10-22 12:52:25,250 [INFO] IPUIPlugin:80 - create IPUIPlugin
2023-10-22 12:52:25,251 [INFO] PluginManager:220 - loadIPPluginJar : add freertos
2023-10-22 12:52:25,257 [INFO] IPUIPlugin:80 - create IPUIPlugin
2023-10-22 12:52:25,258 [INFO] PluginManager:220 - loadIPPluginJar : add fmc
2023-10-22 12:52:25,270 [INFO] IPUIPlugin:80 - create IPUIPlugin
2023-10-22 12:52:25,270 [INFO] PluginManager:220 - loadIPPluginJar : add linkedlist
2023-10-22 12:52:25,280 [INFO] IPUIPlugin:80 - create IPUIPlugin
2023-10-22 12:52:25,280 [INFO] PluginManager:220 - loadIPPluginJar : add dma
2023-10-22 12:52:25,284 [INFO] IPUIPlugin:80 - create IPUIPlugin
2023-10-22 12:52:25,284 [INFO] PluginManager:220 - loadIPPluginJar : add hash
2023-10-22 12:52:25,291 [INFO] IPUIPlugin:80 - create IPUIPlugin
2023-10-22 12:52:25,292 [INFO] PluginManager:220 - loadIPPluginJar : add stm32_wpan
2023-10-22 12:52:25,296 [INFO] IPUIPlugin:80 - create IPUIPlugin
2023-10-22 12:52:25,296 [INFO] PluginManager:220 - loadIPPluginJar : add i3c
2023-10-22 12:52:25,301 [INFO] IPUIPlugin:80 - create IPUIPlugin
2023-10-22 12:52:25,302 [INFO] PluginManager:220 - loadIPPluginJar : add touchsensing
2023-10-22 12:52:25,305 [INFO] IPUIPlugin:80 - create IPUIPlugin
2023-10-22 12:52:25,305 [INFO] PluginManager:220 - loadIPPluginJar : add cryp
2023-10-22 12:52:25,314 [INFO] IPUIPlugin:80 - create IPUIPlugin
2023-10-22 12:52:25,314 [INFO] PluginManager:220 - loadIPPluginJar : add nvic
2023-10-22 12:52:25,316 [INFO] IPUIPlugin:80 - create IPUIPlugin
2023-10-22 12:52:25,316 [INFO] PluginManager:220 - loadIPPluginJar : add ltdc
2023-10-22 12:52:25,320 [INFO] IPUIPlugin:80 - create IPUIPlugin
2023-10-22 12:52:25,321 [INFO] PluginManager:220 - loadIPPluginJar : add gtzc
2023-10-22 12:52:25,325 [INFO] IPUIPlugin:80 - create IPUIPlugin
2023-10-22 12:52:25,325 [INFO] PluginManager:220 - loadIPPluginJar : add usbx
2023-10-22 12:52:25,328 [INFO] IPUIPlugin:80 - create IPUIPlugin
2023-10-22 12:52:25,328 [INFO] PluginManager:220 - loadIPPluginJar : add ts
2023-10-22 12:52:25,331 [INFO] IPUIPlugin:80 - create IPUIPlugin
2023-10-22 12:52:25,331 [INFO] PluginManager:220 - loadIPPluginJar : add genericplugin
2023-10-22 12:52:25,335 [INFO] IPUIPlugin:80 - create IPUIPlugin
2023-10-22 12:52:25,336 [INFO] PluginManager:220 - loadIPPluginJar : add can
2023-10-22 12:52:25,340 [INFO] IPUIPlugin:80 - create IPUIPlugin
2023-10-22 12:52:25,340 [INFO] PluginManager:220 - loadIPPluginJar : add openamp
2023-10-22 12:52:25,343 [INFO] IPUIPlugin:80 - create IPUIPlugin
2023-10-22 12:52:25,343 [INFO] PluginManager:220 - loadIPPluginJar : add fatfs
2023-10-22 12:52:25,348 [INFO] IPUIPlugin:80 - create IPUIPlugin
2023-10-22 12:52:25,349 [INFO] PluginManager:220 - loadIPPluginJar : add i2s
2023-10-22 12:52:25,360 [INFO] IPUIPlugin:80 - create IPUIPlugin
2023-10-22 12:52:25,360 [INFO] PluginManager:220 - loadIPPluginJar : add adc
2023-10-22 12:52:25,373 [INFO] IPUIPlugin:80 - create IPUIPlugin
2023-10-22 12:52:25,374 [INFO] PluginManager:220 - loadIPPluginJar : add gic
2023-10-22 12:52:25,381 [INFO] IPUIPlugin:80 - create IPUIPlugin
2023-10-22 12:52:25,381 [INFO] PluginManager:220 - loadIPPluginJar : add sai
2023-10-22 12:52:25,386 [INFO] IPUIPlugin:80 - create IPUIPlugin
2023-10-22 12:52:25,387 [INFO] PluginManager:220 - loadIPPluginJar : add aes
2023-10-22 12:52:25,393 [INFO] IPUIPlugin:80 - create IPUIPlugin
2023-10-22 12:52:25,393 [INFO] PluginManager:220 - loadIPPluginJar : add spi
2023-10-22 12:52:25,405 [INFO] IPUIPlugin:80 - create IPUIPlugin
2023-10-22 12:52:25,405 [INFO] PluginManager:220 - loadIPPluginJar : add gfxmmu
2023-10-22 12:52:25,408 [INFO] IPUIPlugin:80 - create IPUIPlugin
2023-10-22 12:52:25,408 [INFO] PluginManager:220 - loadIPPluginJar : add quadspi
2023-10-22 12:52:25,411 [INFO] IPUIPlugin:80 - create IPUIPlugin
2023-10-22 12:52:25,412 [INFO] PluginManager:220 - loadIPPluginJar : add tim
2023-10-22 12:52:25,422 [INFO] IPUIPlugin:80 - create IPUIPlugin
2023-10-22 12:52:25,422 [INFO] PluginManager:220 - loadIPPluginJar : add tsc
2023-10-22 12:52:25,428 [INFO] IPUIPlugin:80 - create IPUIPlugin
2023-10-22 12:52:25,428 [INFO] PluginManager:220 - loadIPPluginJar : add i2c
2023-10-22 12:52:25,433 [INFO] IPUIPlugin:80 - create IPUIPlugin
2023-10-22 12:52:25,433 [INFO] PluginManager:220 - loadIPPluginJar : add lorawan
2023-10-22 12:52:25,435 [INFO] IPUIPlugin:80 - create IPUIPlugin
2023-10-22 12:52:25,436 [INFO] PluginManager:220 - loadIPPluginJar : add comp
2023-10-22 12:52:25,444 [INFO] IPUIPlugin:80 - create IPUIPlugin
2023-10-22 12:52:25,444 [INFO] PluginManager:220 - loadIPPluginJar : add resmgrutility
2023-10-22 12:52:25,447 [INFO] IPUIPlugin:80 - create IPUIPlugin
2023-10-22 12:52:25,447 [INFO] PluginManager:220 - loadIPPluginJar : add dma3
2023-10-22 12:52:25,600 [INFO] CADModel:165 - CPN selected for project level
2023-10-22 12:52:25,600 [INFO] CADModel:114 - Register for checkConnection events
2023-10-22 12:52:25,601 [FATAL] Updater:308 - Updater called before beeing initialized
2023-10-22 12:52:25,601 [ERROR] CADModel:125 - Updater not yet initialized, retry later 
2023-10-22 12:52:25,872 [INFO] CADModel:165 - CPN selected for project level
2023-10-22 12:52:25,872 [INFO] CADModel:114 - Register for checkConnection events
2023-10-22 12:52:25,872 [FATAL] Updater:308 - Updater called before beeing initialized
2023-10-22 12:52:25,872 [ERROR] CADModel:125 - Updater not yet initialized, retry later 
2023-10-22 12:52:25,882 [FATAL] Updater:308 - Updater called before beeing initialized
2023-10-22 12:52:26,049 [FATAL] Updater:308 - Updater called before beeing initialized
2023-10-22 12:52:26,060 [INFO] DbMcusAds:53 - JSON generation date=Tue Mar 07 09:50:55 CET 2023 (1678179055114)
2023-10-22 12:52:26,061 [FATAL] Updater:308 - Updater called before beeing initialized
2023-10-22 12:52:26,128 [WARN] DetailPanel:346 - Failed to get advertising image, set to default
2023-10-22 12:52:26,308 [FATAL] Updater:308 - Updater called before beeing initialized
2023-10-22 12:52:26,312 [FATAL] Updater:308 - Updater called before beeing initialized
2023-10-22 12:52:26,312 [FATAL] Updater:308 - Updater called before beeing initialized
2023-10-22 12:52:26,312 [WARN] DetailPanel:346 - Failed to get advertising image, set to default
2023-10-22 12:52:26,314 [FATAL] Updater:308 - Updater called before beeing initialized
2023-10-22 12:52:26,383 [ERROR] Updater:1120 - MainUpdater not yet initialized. External WinMGr cannot be set.
2023-10-22 12:52:26,387 [INFO] Updater:1056 - Updater Version found : 6.8.0
2023-10-22 12:52:26,432 [INFO] ApplicationProperties:184 - Using Application install path: /app/stm32cubeide/plugins/com.st.stm32cube.common.mx_6.8.0.202302231600
2023-10-22 12:52:26,624 [INFO] MainUpdater:2854 - connection check result : 10
2023-10-22 12:52:26,625 [INFO] MainUpdater:283 - Updater Check For Update Now.
2023-10-22 12:52:26,625 [INFO] MicroXplorer:498 - Change Database Version : DB.6.0.80
2023-10-22 12:52:26,843 [INFO] CheckServerUpdateThread:120 - End of CheckServer Thread
2023-10-22 12:52:27,035 [INFO] MainUpdater:2854 - connection check result : 10
2023-10-22 12:52:27,037 [INFO] MainUpdater:2854 - connection check result : 10
2023-10-22 12:52:27,104 [INFO] MicroXplorer:468 - Change Database Path : 
2023-10-22 12:52:27,106 [INFO] MicroXplorer:498 - Change Database Version : DB.6.0.80
2023-10-22 12:52:27,107 [WARN] ThirdParty:871 - waiting for thirdparty lock release [close project]
2023-10-22 12:52:27,534 [WARN] PackLoader:240 - Cannot read IP mode file for STMicroelectronics.X-CUBE-SMBUS.2.1.0
2023-10-22 12:52:27,626 [WARN] PackLoader:240 - Cannot read IP mode file for STMicroelectronics.X-CUBE-AZRTOS-F7.1.1.0
2023-10-22 12:52:27,648 [WARN] PackLoader:240 - Cannot read IP mode file for STMicroelectronics.FP-SNS-MOTENV1.4.3.2
2023-10-22 12:52:27,662 [WARN] PackLoader:240 - Cannot read IP mode file for STMicroelectronics.X-CUBE-BLE1.6.2.4
2023-10-22 12:52:27,683 [WARN] PackLoader:240 - Cannot read IP mode file for STMicroelectronics.FP-SNS-FLIGHT1.5.0.2
2023-10-22 12:52:27,707 [WARN] PackLoader:240 - Cannot read IP mode file for STMicroelectronics.X-CUBE-DISPLAY.3.0.0
2023-10-22 12:52:27,737 [WARN] PackLoader:240 - Cannot read IP mode file for STMicroelectronics.X-CUBE-BLE1.7.0.0
2023-10-22 12:52:27,766 [WARN] PackLoader:240 - Cannot read IP mode file for emotas.I-CUBE-CANOPEN.1.3.0
2023-10-22 12:52:27,779 [WARN] PackLoader:240 - Cannot read IP mode file for STMicroelectronics.X-CUBE-TOUCHGFX.4.22.0
2023-10-22 12:52:27,792 [WARN] PackLoader:240 - Cannot read IP mode file for STMicroelectronics.X-CUBE-TOUCHGFX.4.22.1
2023-10-22 12:52:27,810 [WARN] PackLoader:240 - Cannot read IP mode file for STMicroelectronics.FP-SNS-SMARTAG2.1.2.0
2023-10-22 12:52:27,847 [INFO] LogOutputStream:77 - [STDOUT_REDIRECT] 1 : Invalid condition id : UX_CORESTACK_Condition cause : null
2023-10-22 12:52:27,848 [INFO] LogOutputStream:77 - [STDOUT_REDIRECT] 1 : Invalid condition id : UX_CORESTACK_Condition cause : null
2023-10-22 12:52:27,849 [INFO] LogOutputStream:77 - [STDOUT_REDIRECT] 1 : Invalid condition id : UX_CORESTACK_Condition cause : null
2023-10-22 12:52:27,851 [INFO] LogOutputStream:77 - [STDOUT_REDIRECT] 1 : Invalid condition id : UX_CORESTACK_Condition cause : null
2023-10-22 12:52:27,851 [INFO] LogOutputStream:77 - [STDOUT_REDIRECT] 1 : Invalid condition id : UX_CORESTACK_Condition cause : null
2023-10-22 12:52:27,865 [WARN] PackLoader:240 - Cannot read IP mode file for STMicroelectronics.X-CUBE-AZRTOS-WL.2.0.0
2023-10-22 12:52:27,880 [WARN] PackLoader:240 - Cannot read IP mode file for WES.I-CUBE-Cesium.1.3.0
2023-10-22 12:52:27,887 [WARN] PackLoader:240 - Cannot read IP mode file for STMicroelectronics.X-CUBE-BLE2.3.3.0
2023-10-22 12:52:27,903 [WARN] PackLoader:240 - Cannot read IP mode file for STMicroelectronics.X-CUBE-ALGOBUILD.1.3.0
2023-10-22 12:52:27,946 [WARN] PackLoader:240 - Cannot read IP mode file for STMicroelectronics.X-CUBE-AZRTOS-G0.1.1.0
2023-10-22 12:52:27,960 [WARN] PackLoader:240 - Cannot read IP mode file for STMicroelectronics.X-CUBE-NFC4.3.0.0
2023-10-22 12:52:27,966 [WARN] PackLoader:240 - Cannot read IP mode file for STMicroelectronics.FP-ATR-SIGFOX1.3.2.0
2023-10-22 12:52:28,033 [WARN] PackLoader:240 - Cannot read IP mode file for SEGGER.I-CUBE-embOS.1.3.1
2023-10-22 12:52:28,099 [WARN] PackLoader:240 - Cannot read IP mode file for STMicroelectronics.X-CUBE-GNSS1.6.0.0
2023-10-22 12:52:28,124 [WARN] PackLoader:240 - Cannot read IP mode file for STMicroelectronics.X-CUBE-AZRTOS-F4.1.1.0
2023-10-22 12:52:28,134 [WARN] PackLoader:240 - Cannot read IP mode file for wolfSSL.I-CUBE-wolfSSL.5.6.3
2023-10-22 12:52:28,163 [WARN] PackLoader:240 - Cannot read IP mode file for STMicroelectronics.X-CUBE-AZRTOS-L5.2.0.0
2023-10-22 12:52:28,256 [WARN] PackLoader:240 - Cannot read IP mode file for STMicroelectronics.X-CUBE-MEMS1.9.6.0
2023-10-22 12:52:28,502 [WARN] PackLoader:240 - Cannot read IP mode file for ITTIA_DB.I-CUBE-ITTIADB.8.8.0
2023-10-22 12:52:28,513 [WARN] PackLoader:240 - Cannot read IP mode file for STMicroelectronics.X-CUBE-BLEMGR.2.0.0
2023-10-22 12:52:28,551 [WARN] ConditionMgr:438 - getConditionDescription Invalid condition id : UX DEVICE CLASS RTOS Condition cause : null
2023-10-22 12:52:28,552 [WARN] ConditionMgr:438 - getConditionDescription Invalid condition id : UX DEVICE CLASS RTOS Condition cause : null
2023-10-22 12:52:28,559 [WARN] PackLoader:240 - Cannot read IP mode file for STMicroelectronics.X-CUBE-AZRTOS-H7.3.1.0
2023-10-22 12:52:28,561 [WARN] ConditionMgr:1039 - genDependencies : Invalid condition id : UX DEVICE CLASS RTOS Condition cause : null
2023-10-22 12:52:28,561 [WARN] ConditionMgr:1039 - genDependencies : Invalid condition id : UX DEVICE CLASS RTOS Condition cause : null
2023-10-22 12:52:28,563 [WARN] ConditionMgr:1039 - genDependencies : Invalid condition id : UX DEVICE CLASS RTOS Condition cause : null
2023-10-22 12:52:28,564 [WARN] ConditionMgr:1039 - genDependencies : Invalid condition id : UX DEVICE CLASS RTOS Condition cause : null
2023-10-22 12:52:28,565 [WARN] ConditionMgr:1039 - genDependencies : Invalid condition id : UX DEVICE CLASS RTOS Condition cause : null
2023-10-22 12:52:28,637 [WARN] PackLoader:240 - Cannot read IP mode file for STMicroelectronics.X-CUBE-NFC7.1.0.1
2023-10-22 12:52:28,654 [WARN] PackLoader:240 - Cannot read IP mode file for STMicroelectronics.X-CUBE-NFC6.3.0.0
2023-10-22 12:52:28,664 [WARN] PackLoader:240 - Cannot read IP mode file for STMicroelectronics.X-CUBE-EEPRMA1.4.1.0
2023-10-22 12:52:28,671 [WARN] PackLoader:240 - Cannot read IP mode file for STMicroelectronics.X-CUBE-AI.8.1.0
2023-10-22 12:52:28,733 [WARN] ConditionMgr:438 - getConditionDescription Invalid condition id : LAN8742 Phy interface Condition cause : null
2023-10-22 12:52:28,734 [WARN] PackLoader:240 - Cannot read IP mode file for STMicroelectronics.X-CUBE-AZRTOS-L4.2.0.0
2023-10-22 12:52:28,736 [WARN] ConditionMgr:1039 - genDependencies : Invalid condition id : LAN8742 Phy interface Condition cause : null
2023-10-22 12:52:28,736 [WARN] ConditionMgr:1039 - genDependencies : Invalid condition id : LAN8742 Phy interface Condition cause : null
2023-10-22 12:52:28,737 [WARN] ConditionMgr:1039 - genDependencies : Invalid condition id : LAN8742 Phy interface Condition cause : null
2023-10-22 12:52:28,750 [WARN] PackLoader:240 - Cannot read IP mode file for STMicroelectronics.X-CUBE-SFXS2LP1.4.0.0
2023-10-22 12:52:28,760 [WARN] PackLoader:240 - Cannot read IP mode file for STMicroelectronics.X-CUBE-ISPU.1.1.0
2023-10-22 12:52:28,776 [WARN] ConditionMgr:438 - getConditionDescription Invalid condition id : UX DEVICE CLASS RTOS Condition cause : null
2023-10-22 12:52:28,776 [WARN] ConditionMgr:438 - getConditionDescription Invalid condition id : UX DEVICE CLASS RTOS Condition cause : null
2023-10-22 12:52:28,780 [WARN] PackLoader:240 - Cannot read IP mode file for STMicroelectronics.X-CUBE-AZRTOS-WB.2.0.0
2023-10-22 12:52:28,781 [WARN] ConditionMgr:1039 - genDependencies : Invalid condition id : UX DEVICE CLASS RTOS Condition cause : null
2023-10-22 12:52:28,781 [WARN] ConditionMgr:1039 - genDependencies : Invalid condition id : UX DEVICE CLASS RTOS Condition cause : null
2023-10-22 12:52:28,782 [WARN] ConditionMgr:1039 - genDependencies : Invalid condition id : UX DEVICE CLASS RTOS Condition cause : null
2023-10-22 12:52:28,783 [WARN] ConditionMgr:1039 - genDependencies : Invalid condition id : UX DEVICE CLASS RTOS Condition cause : null
2023-10-22 12:52:28,783 [WARN] ConditionMgr:1039 - genDependencies : Invalid condition id : UX DEVICE CLASS RTOS Condition cause : null
2023-10-22 12:52:28,789 [WARN] PackLoader:240 - Cannot read IP mode file for STMicroelectronics.X-CUBE-FREERTOS.1.0.1
2023-10-22 12:52:28,819 [WARN] PackLoader:240 - Cannot read IP mode file for STMicroelectronics.X-CUBE-AZRTOS-L5.1.1.0
2023-10-22 12:52:28,826 [WARN] PackLoader:240 - Cannot read IP mode file for STMicroelectronics.X-CUBE-AI.8.0.1
2023-10-22 12:52:28,864 [WARN] PackLoader:240 - Cannot read IP mode file for STMicroelectronics.X-CUBE-SUBG2.5.0.0
2023-10-22 12:52:28,896 [WARN] PackLoader:240 - Cannot read IP mode file for STMicroelectronics.X-CUBE-TOF1.3.3.1
2023-10-22 12:52:28,922 [WARN] PackLoader:240 - Cannot read IP mode file for STMicroelectronics.X-CUBE-AZRTOS-G4.2.0.0
2023-10-22 12:52:28,937 [WARN] PackLoader:240 - Cannot read IP mode file for Infineon.AIROC-Wi-Fi-Bluetooth-STM32.1.5.1
2023-10-22 12:52:28,991 [WARN] PackLoader:240 - Cannot read IP mode file for STMicroelectronics.X-CUBE-MEMS1.10.0.0
2023-10-22 12:52:29,245 [WARN] PackLoader:240 - Cannot read IP mode file for STMicroelectronics.X-CUBE-FREERTOS.1.1.0
2023-10-22 12:52:29,260 [WARN] PackLoader:240 - Cannot read IP mode file for portGmbH.I-Cube-SoM-uGOAL.1.1.0
2023-10-22 12:52:29,266 [WARN] PackLoader:240 - Cannot read IP mode file for STMicroelectronics.X-CUBE-ALS.1.0.1
2023-10-22 12:52:29,295 [WARN] PackLoader:240 - Cannot read IP mode file for STMicroelectronics.X-CUBE-AZRTOS-WB.1.1.0
2023-10-22 12:52:29,302 [WARN] PackLoader:240 - Cannot read IP mode file for STMicroelectronics.FP-ATR-ASTRA1.2.0.0
2023-10-22 12:52:29,304 [INFO] ThirdParty:978 - Integrity check success = true
2023-10-22 12:52:29,308 [INFO] IntegrityCheckThread:100 - exiting critical section [integrity check]
2023-10-22 12:52:29,308 [INFO] IntegrityCheckThread:103 - End integrity checks thread
2023-10-22 12:52:29,308 [INFO] ThirdParty:873 - entering critical section [close project]
2023-10-22 12:52:29,313 [INFO] ThirdParty:883 - exiting critical section [close project]
2023-10-22 12:52:29,334 [INFO] PinOutPanel:1499 - setPackage(No Configuration,No Configuration)
2023-10-22 12:52:29,346 [INFO] UtilMem:75 - Begin LoadConfig() Used Memory: 282453008 Bytes (565182464)
2023-10-22 12:52:29,348 [INFO] MicroXplorer:468 - Change Database Path : 
2023-10-22 12:52:29,348 [INFO] MicroXplorer:498 - Change Database Version : DB.6.0.80
2023-10-22 12:52:29,348 [INFO] OpenFileManager:308 - Change cursor
2023-10-22 12:52:29,430 [INFO] Mcu:1937 - Initializing MCU STM32F446R(C-E)Tx STM32F446RETx STM32F446RET6
2023-10-22 12:52:33,270 [INFO] Context:659 - Trying to add GPIOservice into a context  which must be forbidden
2023-10-22 12:52:34,872 [INFO] RtosManager:555 - Registered RTOS mode: class=CMSIS, group=RTOS, mode=CMSIS_V1, owner=FREERTOS
2023-10-22 12:52:34,873 [INFO] RtosManager:555 - Registered RTOS mode: class=CMSIS, group=RTOS2, mode=CMSIS_V2, owner=FREERTOS
2023-10-22 12:52:34,873 [INFO] RtosManager:555 - Registered RTOS mode: class=RTOS, group=Core, mode=CMSIS_V1, owner=FREERTOS
2023-10-22 12:52:34,873 [INFO] RtosManager:555 - Registered RTOS mode: class=RTOS, group=Core, mode=CMSIS_V2, owner=FREERTOS
2023-10-22 12:52:34,875 [WARN] ModelIntegratedComponent:184 - Missing modes for component STMicroelectronics:FreeRTOS:0.0.1:STMicroelectronics:RTOS:FreeRTOS:Core:::10.2.0:
2023-10-22 12:52:34,941 [WARN] ModelIntegratedComponent:63 - No mode defined for component null
2023-10-22 12:52:34,942 [WARN] ModelIntegratedComponent:63 - No mode defined for component null
2023-10-22 12:52:34,942 [WARN] ModelIntegratedComponent:63 - No mode defined for component null
2023-10-22 12:52:34,942 [WARN] ModelIntegratedComponent:63 - No mode defined for component null
2023-10-22 12:52:34,942 [WARN] ModelIntegratedComponent:63 - No mode defined for component null
2023-10-22 12:52:34,942 [WARN] ModelIntegratedComponent:63 - No mode defined for component null
2023-10-22 12:52:34,942 [WARN] ModelIntegratedComponent:63 - No mode defined for component null
2023-10-22 12:52:34,942 [WARN] ModelIntegratedComponent:63 - No mode defined for component null
2023-10-22 12:52:34,942 [WARN] ModelIntegratedComponent:63 - No mode defined for component null
2023-10-22 12:52:34,942 [WARN] ModelIntegratedComponent:63 - No mode defined for component null
2023-10-22 12:52:34,942 [WARN] ModelIntegratedComponent:63 - No mode defined for component null
2023-10-22 12:52:34,943 [WARN] ModelIntegratedComponent:63 - No mode defined for component null
2023-10-22 12:52:34,943 [WARN] ModelIntegratedComponent:63 - No mode defined for component null
2023-10-22 12:52:34,943 [WARN] ModelIntegratedComponent:63 - No mode defined for component null
2023-10-22 12:52:34,943 [WARN] ModelIntegratedComponent:63 - No mode defined for component null
2023-10-22 12:52:34,943 [WARN] ModelIntegratedComponent:63 - No mode defined for component null
2023-10-22 12:52:34,943 [WARN] ModelIntegratedComponent:63 - No mode defined for component null
2023-10-22 12:52:34,943 [WARN] ModelIntegratedComponent:63 - No mode defined for component null
2023-10-22 12:52:34,943 [WARN] ModelIntegratedComponent:63 - No mode defined for component null
2023-10-22 12:52:34,943 [WARN] ModelIntegratedComponent:63 - No mode defined for component null
2023-10-22 12:52:34,943 [WARN] ModelIntegratedComponent:63 - No mode defined for component null
2023-10-22 12:52:34,943 [WARN] ModelIntegratedComponent:63 - No mode defined for component null
2023-10-22 12:52:34,943 [WARN] ModelIntegratedComponent:63 - No mode defined for component null
2023-10-22 12:52:34,943 [WARN] ModelIntegratedComponent:63 - No mode defined for component null
2023-10-22 12:52:34,944 [WARN] ModelIntegratedComponent:63 - No mode defined for component null
2023-10-22 12:52:34,944 [WARN] ModelIntegratedComponent:63 - No mode defined for component null
2023-10-22 12:52:34,944 [WARN] ModelIntegratedComponent:63 - No mode defined for component null
2023-10-22 12:52:34,944 [WARN] ModelIntegratedComponent:63 - No mode defined for component null
2023-10-22 12:52:34,944 [WARN] ModelIntegratedComponent:63 - No mode defined for component null
2023-10-22 12:52:34,944 [WARN] ModelIntegratedComponent:63 - No mode defined for component null
2023-10-22 12:52:34,944 [WARN] ModelIntegratedComponent:63 - No mode defined for component null
2023-10-22 12:52:34,944 [WARN] ModelIntegratedComponent:63 - No mode defined for component null
2023-10-22 12:52:34,944 [WARN] ModelIntegratedComponent:63 - No mode defined for component null
2023-10-22 12:52:35,500 [INFO] ThirdPartyModel:298 - Start build external matchings
2023-10-22 12:52:36,446 [INFO] ThirdPartyModel:316 - End build external matchings
2023-10-22 12:52:36,526 [INFO] ImportTextPane:194 - (OptionalMessage_ERROR) IP (RCC) : Invalid parameter (48MHZClocksFreq_Value)
2023-10-22 12:52:36,527 [INFO] ImportTextPane:194 - (OptionalMessage_ERROR) IP (RCC) : Invalid parameter (EthernetFreq_Value)
2023-10-22 12:52:36,534 [INFO] ImportTextPane:194 - (OptionalMessage_ERROR) IP (RCC) : Parameter (FLatency) has Id (AdvancedSettings) currently not set
2023-10-22 12:52:36,534 [INFO] ImportTextPane:194 - (OptionalMessage_ERROR) IP (RCC) : Invalid parameter (FamilyName)
2023-10-22 12:52:36,535 [INFO] ImportTextPane:194 - (OptionalMessage_ERROR) IP (RCC) : Invalid parameter (I2SClocksFreq_Value)
2023-10-22 12:52:36,537 [INFO] ImportTextPane:194 - (OptionalMessage_ERROR) IP (RCC) : Parameter (SDIOFreq_Value) has invalid value (168000000)
2023-10-22 12:52:36,538 [INFO] ImportTextPane:194 - (OptionalMessage_ERROR) IP (RCC) : Parameter (USBFreq_Value) has invalid value (168000000)
2023-10-22 12:52:36,540 [INFO] ImportTextPane:194 - (OptionalMessage_ERROR) IP (RCC) : Invalid parameter (VCOInputMFreq_Value)
2023-10-22 12:52:36,541 [INFO] ImportTextPane:194 - (OptionalMessage_ERROR) IP (RCC) : Invalid parameter (VcooutputI2S)
2023-10-22 12:52:37,327 [INFO] UtilMem:75 - End LoadConfig() Used Memory: 352488776 Bytes (565182464)
2023-10-22 12:52:37,599 [INFO] ApiDb:581 - Connected to CubeFinder SQLite database (/home/alhasanbondok/.stmcufinder/plugins/mcufinder/mcu/cube-finder-db.db)
2023-10-22 12:52:37,728 [INFO] ApiDb:668 - CubeFinder database Data Model version=2.1
2023-10-22 12:52:37,729 [INFO] ApiDb:669 - CubeFinder database Configuration version=3.0.37
2023-10-22 12:52:37,731 [INFO] ApiDb:670 - CubeFinder database generation date=2023-08-09 (1691586011)
2023-10-22 12:52:37,732 [INFO] ApiDb:671 - CubeFinder database FW Pack versions=[FP-ATR-ASTRA1_V2.0.0, FP-SNS-FLIGHT1_V5.0.1, FP-SNS-FLIGHT1_V5.0.2, FP-SNS-MOTENV1_V4.3.1, FP-SNS-MOTENV1_V4.3.2, STM32Cube_FW_C0_V1.1.0, STM32Cube_FW_F4_V1.27.1, STM32Cube_FW_F7_V1.17.0, STM32Cube_FW_G0_V1.6.1, STM32Cube_FW_G4_V1.5.1, STM32Cube_FW_H5_V0.5.1, STM32Cube_FW_H5_V1.1.0, STM32Cube_FW_H7_V1.11.0, STM32Cube_FW_L0_V1.12.2, STM32Cube_FW_L5_V1.5.0, STM32Cube_FW_U5_V1.3.0, STM32Cube_FW_U5_V1.3.0RC4, STM32Cube_FW_WBA_V1.0.0RC1, STM32Cube_FW_WBA_V1.1.0, STM32Cube_FW_WBA_V1.1.0RC1, STM32Cube_FW_WB_V1.15.0RC1, STM32Cube_FW_WB_V1.16.0, STM32Cube_FW_WB_V1.16.0RC2, STM32Cube_FW_WB_V1.17.0, STM32Cube_FW_WL_V1.3.0, X-CUBE-ALGOBUILD_V1.3.0, X-CUBE-ALS_V1.0.1, X-CUBE-AZRTOS-F4_V1.1.0, X-CUBE-AZRTOS-F7_V1.1.0, X-CUBE-AZRTOS-G0_V1.1.0, X-CUBE-AZRTOS-G4_V2.0.0, X-CUBE-AZRTOS-H7_V3.1.0, X-CUBE-AZRTOS-L4_V1.0.0, X-CUBE-AZRTOS-L4_V2.0.0, X-CUBE-AZRTOS-L5_V1.1.0, X-CUBE-AZRTOS-WB_V1.1.0, X-CUBE-AZRTOS-WL_V2.0.0, X-CUBE-BLE1_V7.0.0, X-CUBE-BLE2_V3.3.0, X-CUBE-BLEMGR_V2.0.0, X-CUBE-EEPRMA1_V4.1.0, X-CUBE-FREERTOS_V1.1.0, X-CUBE-GNSS1_V6.0.0, X-CUBE-MEMS1_V9.1.0, X-CUBE-MEMS1_V9.4.0, X-CUBE-MEMS1_V9.6.0, X-CUBE-NFC4_V3.0.0, X-CUBE-NFC7_V1.0.0, X-CUBE-SFXS2LP1_V4.0.0, X-CUBE-SUBG2_V5.0.0, X-CUBE-TOF1_V3.3.1]
2023-10-22 12:52:40,852 [INFO] ApiDb:240 - Found 297 in-development CPN: [B-G473E-ZEST1S, B-WB1M-WPAN1, B-WL5M-SUBG1, NUCLEO-C031C6, NUCLEO-H503RB, NUCLEO-H563ZI, NUCLEO-U545RE-Q, NUCLEO-U5A5ZJ-Q, NUCLEO-WBA52CG, STEVAL-PROTEUS1, STEVAL-STWINBX1, STM320518-EVAL, STM32C0116-DK, STM32C011D6Y3TR, STM32C011D6Y6TR, STM32C011F4P3, STM32C011F4P6, STM32C011F4U3, STM32C011F4U6TR, STM32C011F6P3, STM32C011F6P6, STM32C011F6U3, STM32C011F6U6TR, STM32C011J4M3, STM32C011J4M6, STM32C011J6M3, STM32C011J6M6, STM32C0316-DK, STM32C031C4T3, STM32C031C4T6, STM32C031C4U3, STM32C031C4U6, STM32C031C6T3, STM32C031C6T6, STM32C031C6U3, STM32C031C6U6, STM32C031F4P3, STM32C031F4P6, STM32C031F6P3, STM32C031F6P6, STM32C031G4U3, STM32C031G4U6, STM32C031G6U3, STM32C031G6U6, STM32C031K4T3, STM32C031K4T6, STM32C031K4U3, STM32C031K4U6, STM32C031K6T3, STM32C031K6T6, STM32C031K6U3, STM32C031K6U6, STM32G071K8TXN, STM32G071K8UXN, STM32G081GBU6N, STM32G081KBT6N, STM32G081KBUXN, STM32G0B1CCT6N, STM32G0B1KCT6, STM32G0B1NEY6TR, STM32G0B1RCT6N, STM32G0C1CCT6, STM32G0C1CCT6N, STM32G0C1CCU6N, STM32G0C1CET6N, STM32G0C1CEU6N, STM32G0C1KCT6, STM32G0C1NEY6TR, STM32G0C1RCI6N, STM32G0C1RCT6N, STM32G0C1REI6N, STM32G0C1RET6N, STM32G0C1VCI6, STM32G0C1VEI6, STM32G471CCT6, STM32G471CCU6, STM32G471CET3, STM32G471CET6, STM32G471CEU3, STM32G471CEU6, STM32G471MCT6, STM32G471MET3, STM32G471MET6, STM32G471MEY6TR, STM32G471QCT6, STM32G471QET3, STM32G471RCT6, STM32G471RET3, STM32G471RET6, STM32G471VCH6, STM32G471VCI6, STM32G471VCT6, STM32G471VEH3, STM32G471VEH6, STM32G471VEI3, STM32G471VEI6, STM32G471VET3, STM32G471VET6, STM32G474CCT6, STM32H503CBT6, STM32H503CBU6, STM32H503EBY6TR, STM32H503KBU6, STM32H503RBT6, STM32H562AGI6, STM32H562AII6, STM32H562IGK6, STM32H562IGT6, STM32H562IIK6, STM32H562IIT6, STM32H562RGT6, STM32H562RGV6, STM32H562RIT6, STM32H562RIV6, STM32H562VGT6, STM32H562VIT6, STM32H562ZGT6, STM32H562ZIT6, STM32H563AGI6, STM32H563AII3Q, STM32H563AII6, STM32H563IGK6, STM32H563IGT6, STM32H563IIK3Q, STM32H563IIK6, STM32H563IIT3Q, STM32H563IIT6, STM32H563MIY3QTR, STM32H563RGT6, STM32H563RGV6, STM32H563RIT6, STM32H563RIV6, STM32H563VGT6, STM32H563VIT3Q, STM32H563VIT6, STM32H563ZGT6, STM32H563ZIT3Q, STM32H563ZIT6, STM32H573AII3Q, STM32H573AII6, STM32H573I-DK, STM32H573IIK3Q, STM32H573IIK6, STM32H573IIT3Q, STM32H573IIT6, STM32H573MIY3QTR, STM32H573RIT6, STM32H573RIV6, STM32H573VIT3Q, STM32H573VIT6, STM32H573ZIT3Q, STM32H573ZIT6, STM32L4R5QGI6STR, STM32MP131AAE3, STM32MP131AAF3, STM32MP131AAG3, STM32MP131CAE3, STM32MP131CAF3, STM32MP131CAG3, STM32MP131DAE7, STM32MP131DAF7, STM32MP131DAG7, STM32MP131FAE7, STM32MP131FAF7, STM32MP131FAG7, STM32MP133AAE3, STM32MP133AAF3, STM32MP133AAG3, STM32MP133CAE3, STM32MP133CAF3, STM32MP133CAG3, STM32MP133DAE7, STM32MP133DAF7, STM32MP133DAG7, STM32MP133FAE7, STM32MP133FAF7, STM32MP133FAG7, STM32MP135AAE3, STM32MP135AAF3, STM32MP135AAG3, STM32MP135CAE3, STM32MP135CAF3, STM32MP135CAG3, STM32MP135DAE7, STM32MP135DAF7, STM32MP135DAG7, STM32MP135F-DK, STM32MP135FAE7, STM32MP135FAF7, STM32MP135FAF7T, STM32MP135FAF7U, STM32MP135FAG7, STM32U535CBT6, STM32U535CBT6Q, STM32U535CBU6, STM32U535CBU6Q, STM32U535CCT6, STM32U535CCT6Q, STM32U535CCU6, STM32U535CCU6Q, STM32U535CET6, STM32U535CET6Q, STM32U535CEU6, STM32U535CEU6Q, STM32U535JEY6QTR, STM32U535NCY6QTR, STM32U535NEY6QTR, STM32U535RBI6, STM32U535RBI6Q, STM32U535RBT6, STM32U535RBT6Q, STM32U535RCI6, STM32U535RCI6Q, STM32U535RCT6, STM32U535RCT6Q, STM32U535REI6, STM32U535REI6Q, STM32U535RET6, STM32U535RET6Q, STM32U535VCI6, STM32U535VCI6Q, STM32U535VCT6, STM32U535VCT6Q, STM32U535VEI6, STM32U535VEI6Q, STM32U535VET6, STM32U535VET6Q, STM32U545CET6, STM32U545CET6Q, STM32U545CEU6, STM32U545CEU6Q, STM32U545JEY6QTR, STM32U545NEY6QTR, STM32U545REI6, STM32U545REI6Q, STM32U545RET6, STM32U545RET6Q, STM32U545VEI6, STM32U545VEI6Q, STM32U545VET6, STM32U545VET6Q, STM32U595AIH6, STM32U595AIH6Q, STM32U595AJH6, STM32U595AJH6Q, STM32U595QII6, STM32U595QII6Q, STM32U595QJI6, STM32U595QJI6Q, STM32U595RIT6, STM32U595RIT6Q, STM32U595RJT6, STM32U595RJT6Q, STM32U595VIT6, STM32U595VIT6Q, STM32U595VJT6, STM32U595VJT6Q, STM32U595ZIT6, STM32U595ZIT6Q, STM32U595ZIY6QTR, STM32U595ZJT6, STM32U595ZJT6Q, STM32U595ZJY6QTR, STM32U599BJY6QTR, STM32U599NIH6Q, STM32U599NJH6Q, STM32U599VIT6Q, STM32U599VJT6, STM32U599VJT6Q, STM32U599ZIT6Q, STM32U599ZIY6QTR, STM32U599ZJT6Q, STM32U599ZJY6QTR, STM32U5A5AJH6, STM32U5A5AJH6Q, STM32U5A5QJI6, STM32U5A5QJI6Q, STM32U5A5RJT6, STM32U5A5RJT6Q, STM32U5A5VJT6, STM32U5A5VJT6Q, STM32U5A5ZJT6, STM32U5A5ZJT6Q, STM32U5A5ZJY6QTR, STM32U5A9BJY6QTR, STM32U5A9J-DK, STM32U5A9NJH6Q, STM32U5A9VJT6Q, STM32U5A9ZJT6Q, STM32U5A9ZJY6QTR, STM32WB1MMCH6, STM32WBA52CEU6, STM32WBA52CEU6T, STM32WBA52CGU6, STM32WBA52CGU6T, STM32WL5MOCH6, STM32WL5MOCH6TR]
2023-10-22 12:52:40,856 [INFO] DbMcus:216 - Found 3825 MCUs, 3825 are supported
2023-10-22 12:52:40,861 [INFO] ApiDb:423 - Load user favorites file /home/alhasanbondok/.stm32cubeide/favorites.mcus.txt: 0 item(s)
2023-10-22 12:52:40,862 [INFO] ApiDb:427 - User favorites MCUs=[]
2023-10-22 12:52:40,862 [INFO] DbMcus:222 - Set 0 / 0 favorites MCUs
2023-10-22 12:52:41,971 [WARN] ThirdParty:833 - waiting for thirdparty lock release [change project]
2023-10-22 12:52:41,971 [INFO] ThirdParty:835 - entering critical section [change project]
2023-10-22 12:52:41,971 [INFO] ThirdParty:1030 - CMSIS Pack Vendor :STMicroelectronics X-CUBE-ISPU 1.1.0
2023-10-22 12:52:41,971 [INFO] ThirdParty:1030 - CMSIS Pack Vendor :STMicroelectronics X-CUBE-GNSS1 6.0.0
2023-10-22 12:52:41,971 [INFO] ThirdParty:1030 - CMSIS Pack Vendor :STMicroelectronics USB_HOST 2.0.0
2023-10-22 12:52:41,972 [INFO] ThirdParty:1030 - CMSIS Pack Vendor :STMicroelectronics X-CUBE-AZRTOS-F4 1.1.0
2023-10-22 12:52:41,972 [INFO] ThirdParty:1030 - CMSIS Pack Vendor :STMicroelectronics LIBJPEG 8.0.0
2023-10-22 12:52:41,972 [INFO] ThirdParty:1030 - CMSIS Pack Vendor :wolfSSL I-CUBE-wolfSSL 5.6.3
2023-10-22 12:52:41,972 [INFO] ThirdParty:1030 - CMSIS Pack Vendor :STMicroelectronics X-CUBE-SMBUS 2.1.0
2023-10-22 12:52:41,972 [INFO] ThirdParty:1030 - CMSIS Pack Vendor :STMicroelectronics USB_DEVICE 3.0.0
2023-10-22 12:52:41,972 [INFO] ThirdParty:1030 - CMSIS Pack Vendor :STMicroelectronics X-CUBE-AZRTOS-WB 2.0.0
2023-10-22 12:52:41,973 [INFO] ThirdParty:1030 - CMSIS Pack Vendor :STMicroelectronics X-CUBE-FREERTOS 1.0.1
2023-10-22 12:52:41,973 [INFO] ThirdParty:1030 - CMSIS Pack Vendor :STMicroelectronics X-CUBE-AZRTOS-F7 1.1.0
2023-10-22 12:52:41,973 [INFO] ThirdParty:1030 - CMSIS Pack Vendor :STMicroelectronics X-CUBE-AZRTOS-L5 2.0.0
2023-10-22 12:52:41,973 [INFO] ThirdParty:1030 - CMSIS Pack Vendor :STMicroelectronics USB_DEVICE 2.0.0
2023-10-22 12:52:41,974 [INFO] ThirdParty:1030 - CMSIS Pack Vendor :STMicroelectronics X-CUBE-MEMS1 9.6.0
2023-10-22 12:52:41,974 [INFO] ThirdParty:1030 - CMSIS Pack Vendor :ITTIA_DB I-CUBE-ITTIADB 8.8.0
2023-10-22 12:52:41,975 [INFO] ThirdParty:1030 - CMSIS Pack Vendor :STMicroelectronics FP-SNS-MOTENV1 4.3.2
2023-10-22 12:52:41,975 [INFO] ThirdParty:1030 - CMSIS Pack Vendor :STMicroelectronics X-CUBE-ALGOBUILD 1.3.0
2023-10-22 12:52:41,975 [INFO] ThirdParty:1030 - CMSIS Pack Vendor :STMicroelectronics X-CUBE-BLE1 6.2.4
2023-10-22 12:52:41,975 [INFO] ThirdParty:1030 - CMSIS Pack Vendor :STMicroelectronics X-CUBE-AZRTOS-L5 1.1.0
2023-10-22 12:52:41,975 [INFO] ThirdParty:1030 - CMSIS Pack Vendor :STMicroelectronics FreeRTOS 0.0.1
2023-10-22 12:52:41,975 [INFO] ThirdParty:1030 - CMSIS Pack Vendor :STMicroelectronics X-CUBE-AZRTOS-G0 1.1.0
2023-10-22 12:52:41,975 [INFO] ThirdParty:1030 - CMSIS Pack Vendor :STMicroelectronics X-CUBE-BLEMGR 2.0.0
2023-10-22 12:52:41,975 [INFO] ThirdParty:1030 - CMSIS Pack Vendor :STMicroelectronics X-CUBE-AI 8.0.1
2023-10-22 12:52:41,975 [INFO] ThirdParty:1030 - CMSIS Pack Vendor :STMicroelectronics X-CUBE-NFC4 3.0.0
2023-10-22 12:52:41,976 [INFO] ThirdParty:1030 - CMSIS Pack Vendor :STMicroelectronics X-CUBE-SUBG2 5.0.0
2023-10-22 12:52:41,976 [INFO] ThirdParty:1030 - CMSIS Pack Vendor :STMicroelectronics STM32_WPAN 1.0.0
2023-10-22 12:52:41,976 [INFO] ThirdParty:1030 - CMSIS Pack Vendor :STMicroelectronics lwIP 2.0.3
2023-10-22 12:52:41,976 [INFO] ThirdParty:1030 - CMSIS Pack Vendor :STMicroelectronics FP-SNS-FLIGHT1 5.0.2
2023-10-22 12:52:41,976 [INFO] ThirdParty:1030 - CMSIS Pack Vendor :STMicroelectronics USB_HOST 1.0.0
2023-10-22 12:52:41,976 [INFO] ThirdParty:1030 - CMSIS Pack Vendor :STMicroelectronics X-CUBE-TOF1 3.3.1
2023-10-22 12:52:41,976 [INFO] ThirdParty:1030 - CMSIS Pack Vendor :STMicroelectronics X-CUBE-AZRTOS-G4 2.0.0
2023-10-22 12:52:41,976 [INFO] ThirdParty:1030 - CMSIS Pack Vendor :STMicroelectronics PDM2PCM 3.1.0
2023-10-22 12:52:41,976 [INFO] ThirdParty:1030 - CMSIS Pack Vendor :STMicroelectronics X-CUBE-AZRTOS-H7 3.1.0
2023-10-22 12:52:41,977 [INFO] ThirdParty:1030 - CMSIS Pack Vendor :Infineon AIROC-Wi-Fi-Bluetooth-STM32 1.5.1
2023-10-22 12:52:41,978 [INFO] ThirdParty:1030 - CMSIS Pack Vendor :STMicroelectronics PDM2PCM 3.3.0
2023-10-22 12:52:41,978 [INFO] ThirdParty:1030 - CMSIS Pack Vendor :STMicroelectronics X-CUBE-DISPLAY 3.0.0
2023-10-22 12:52:41,978 [INFO] ThirdParty:1030 - CMSIS Pack Vendor :STMicroelectronics X-CUBE-BLE1 7.0.0
2023-10-22 12:52:41,979 [INFO] ThirdParty:1030 - CMSIS Pack Vendor :STMicroelectronics FP-ATR-SIGFOX1 3.2.0
2023-10-22 12:52:41,979 [INFO] ThirdParty:1030 - CMSIS Pack Vendor :STMicroelectronics HAL Drivers 0.0.0
2023-10-22 12:52:41,979 [INFO] ThirdParty:1030 - CMSIS Pack Vendor :STMicroelectronics MBEDTLS 2.16.2
2023-10-22 12:52:41,979 [INFO] ThirdParty:1030 - CMSIS Pack Vendor :emotas I-CUBE-CANOPEN 1.3.0
2023-10-22 12:52:41,979 [INFO] ThirdParty:1030 - CMSIS Pack Vendor :STMicroelectronics X-CUBE-MEMS1 10.0.0
2023-10-22 12:52:41,979 [INFO] ThirdParty:1030 - CMSIS Pack Vendor :STMicroelectronics X-CUBE-FREERTOS 1.1.0
2023-10-22 12:52:41,980 [INFO] ThirdParty:1030 - CMSIS Pack Vendor :STMicroelectronics X-CUBE-TOUCHGFX 4.22.0
2023-10-22 12:52:41,980 [INFO] ThirdParty:1030 - CMSIS Pack Vendor :STMicroelectronics X-CUBE-NFC7 1.0.1
2023-10-22 12:52:41,980 [INFO] ThirdParty:1030 - CMSIS Pack Vendor :STMicroelectronics MBEDTLS 2.14.1
2023-10-22 12:52:41,981 [INFO] ThirdParty:1030 - CMSIS Pack Vendor :STMicroelectronics X-CUBE-TOUCHGFX 4.22.1
2023-10-22 12:52:41,981 [INFO] ThirdParty:1030 - CMSIS Pack Vendor :STMicroelectronics X-CUBE-NFC6 3.0.0
2023-10-22 12:52:41,981 [INFO] ThirdParty:1030 - CMSIS Pack Vendor :STMicroelectronics X-CUBE-EEPRMA1 4.1.0
2023-10-22 12:52:41,981 [INFO] ThirdParty:1030 - CMSIS Pack Vendor :portGmbH I-Cube-SoM-uGOAL 1.1.0
2023-10-22 12:52:41,981 [INFO] ThirdParty:1030 - CMSIS Pack Vendor :STMicroelectronics X-CUBE-ALS 1.0.1
2023-10-22 12:52:41,981 [INFO] ThirdParty:1030 - CMSIS Pack Vendor :STMicroelectronics ThreadX 1.0.0
2023-10-22 12:52:41,982 [INFO] ThirdParty:1030 - CMSIS Pack Vendor :STMicroelectronics FP-SNS-SMARTAG2 1.2.0
2023-10-22 12:52:41,982 [INFO] ThirdParty:1030 - CMSIS Pack Vendor :STMicroelectronics X-CUBE-AZRTOS-WB 1.1.0
2023-10-22 12:52:41,982 [INFO] ThirdParty:1030 - CMSIS Pack Vendor :STMicroelectronics X-CUBE-AZRTOS-WL 2.0.0
2023-10-22 12:52:41,982 [INFO] ThirdParty:1030 - CMSIS Pack Vendor :SEGGER I-CUBE-embOS 1.3.1
2023-10-22 12:52:41,982 [INFO] ThirdParty:1030 - CMSIS Pack Vendor :STMicroelectronics USB_DEVICE 1.0.0
2023-10-22 12:52:41,982 [INFO] ThirdParty:1030 - CMSIS Pack Vendor :STMicroelectronics X-CUBE-AI 8.1.0
2023-10-22 12:52:41,982 [INFO] ThirdParty:1030 - CMSIS Pack Vendor :STMicroelectronics X-CUBE-AZRTOS-L4 2.0.0
2023-10-22 12:52:41,982 [INFO] ThirdParty:1030 - CMSIS Pack Vendor :STMicroelectronics ThreadX 0.0.2
2023-10-22 12:52:41,982 [INFO] ThirdParty:1030 - CMSIS Pack Vendor :WES I-CUBE-Cesium 1.3.0
2023-10-22 12:52:41,982 [INFO] ThirdParty:1030 - CMSIS Pack Vendor :STMicroelectronics FP-ATR-ASTRA1 2.0.0
2023-10-22 12:52:41,983 [INFO] ThirdParty:1030 - CMSIS Pack Vendor :STMicroelectronics lwIP 2.1.2
2023-10-22 12:52:41,983 [INFO] ThirdParty:1030 - CMSIS Pack Vendor :STMicroelectronics X-CUBE-SFXS2LP1 4.0.0
2023-10-22 12:52:41,983 [INFO] ThirdParty:1030 - CMSIS Pack Vendor :STMicroelectronics X-CUBE-BLE2 3.3.0
2023-10-22 12:52:41,983 [INFO] ThirdParty:1030 - CMSIS Pack Vendor :STMicroelectronics PDM2PCM 3.2.0
2023-10-22 12:52:41,983 [INFO] ThirdParty:841 - exiting critical section [change project]
2023-10-22 12:52:43,381 [INFO] PinOutPanel:1499 - setPackage(No Configuration,No Configuration)
2023-10-22 12:52:43,384 [INFO] PinOutPanel:1499 - setPackage(STM32F446RETx,LQFP64)
2023-10-22 12:52:45,147 [INFO] UtilMem:75 - Before build in PCC Used Memory: 236261888 Bytes (565182464)
2023-10-22 12:52:47,678 [INFO] UtilMem:75 - After build in PCC Used Memory: 193199776 Bytes (565182464)
2023-10-22 12:52:47,855 [INFO] IPUIPlugin:80 - create IPUIPlugin
2023-10-22 12:52:47,856 [INFO] IPUIPlugin:80 - create IPUIPlugin
2023-10-22 12:52:47,856 [INFO] IPUIPlugin:80 - create IPUIPlugin
2023-10-22 12:52:47,860 [INFO] IPUIPlugin:80 - create IPUIPlugin
2023-10-22 12:52:47,861 [INFO] IPUIPlugin:80 - create IPUIPlugin
2023-10-22 12:52:47,861 [INFO] IPUIPlugin:80 - create IPUIPlugin
2023-10-22 12:52:47,861 [INFO] IPUIPlugin:80 - create IPUIPlugin
2023-10-22 12:52:47,862 [INFO] IPUIPlugin:80 - create IPUIPlugin
2023-10-22 12:52:47,862 [INFO] IPUIPlugin:80 - create IPUIPlugin
2023-10-22 12:52:47,862 [INFO] IPUIPlugin:80 - create IPUIPlugin
2023-10-22 12:52:47,863 [INFO] IPUIPlugin:80 - create IPUIPlugin
2023-10-22 12:52:47,863 [INFO] IPUIPlugin:80 - create IPUIPlugin
2023-10-22 12:52:47,863 [INFO] IPUIPlugin:80 - create IPUIPlugin
2023-10-22 12:52:47,864 [INFO] IPUIPlugin:80 - create IPUIPlugin
2023-10-22 12:52:47,864 [INFO] IPUIPlugin:80 - create IPUIPlugin
2023-10-22 12:52:47,864 [INFO] IPUIPlugin:80 - create IPUIPlugin
2023-10-22 12:52:47,865 [INFO] IPUIPlugin:80 - create IPUIPlugin
2023-10-22 12:52:47,865 [INFO] IPUIPlugin:80 - create IPUIPlugin
2023-10-22 12:52:47,866 [INFO] IPUIPlugin:80 - create IPUIPlugin
2023-10-22 12:52:47,867 [INFO] IPUIPlugin:80 - create IPUIPlugin
2023-10-22 12:52:47,867 [INFO] IPUIPlugin:80 - create IPUIPlugin
2023-10-22 12:52:47,868 [INFO] IPUIPlugin:80 - create IPUIPlugin
2023-10-22 12:52:47,869 [INFO] IPUIPlugin:80 - create IPUIPlugin
2023-10-22 12:52:47,871 [INFO] IPUIPlugin:80 - create IPUIPlugin
2023-10-22 12:52:47,872 [INFO] IPUIPlugin:80 - create IPUIPlugin
2023-10-22 12:52:47,874 [INFO] IPUIPlugin:80 - create IPUIPlugin
2023-10-22 12:52:47,875 [INFO] IPUIPlugin:80 - create IPUIPlugin
2023-10-22 12:52:47,876 [INFO] IPUIPlugin:80 - create IPUIPlugin
2023-10-22 12:52:47,876 [INFO] IPUIPlugin:80 - create IPUIPlugin
2023-10-22 12:52:47,876 [INFO] IPUIPlugin:80 - create IPUIPlugin
2023-10-22 12:52:47,877 [INFO] IPUIPlugin:80 - create IPUIPlugin
2023-10-22 12:52:47,877 [INFO] IPUIPlugin:80 - create IPUIPlugin
2023-10-22 12:52:47,878 [INFO] IPUIPlugin:80 - create IPUIPlugin
2023-10-22 12:52:47,878 [INFO] IPUIPlugin:80 - create IPUIPlugin
2023-10-22 12:52:47,879 [INFO] IPUIPlugin:80 - create IPUIPlugin
2023-10-22 12:52:47,879 [INFO] IPUIPlugin:80 - create IPUIPlugin
2023-10-22 12:52:47,880 [INFO] IPUIPlugin:80 - create IPUIPlugin
2023-10-22 12:52:47,880 [INFO] IPUIPlugin:80 - create IPUIPlugin
2023-10-22 12:52:47,881 [INFO] IPUIPlugin:80 - create IPUIPlugin
2023-10-22 12:52:47,882 [INFO] IPUIPlugin:80 - create IPUIPlugin
2023-10-22 12:52:47,883 [INFO] IPUIPlugin:80 - create IPUIPlugin
2023-10-22 12:52:47,883 [INFO] IPUIPlugin:80 - create IPUIPlugin
2023-10-22 12:52:47,884 [INFO] IPUIPlugin:80 - create IPUIPlugin
2023-10-22 12:52:47,885 [INFO] IPUIPlugin:80 - create IPUIPlugin
2023-10-22 12:52:47,885 [INFO] IPUIPlugin:80 - create IPUIPlugin
2023-10-22 12:52:47,886 [INFO] IPUIPlugin:80 - create IPUIPlugin
2023-10-22 12:52:47,886 [INFO] IPUIPlugin:80 - create IPUIPlugin
2023-10-22 12:52:47,887 [INFO] IPUIPlugin:80 - create IPUIPlugin
2023-10-22 12:52:47,887 [INFO] IPUIPlugin:80 - create IPUIPlugin
2023-10-22 12:52:47,891 [INFO] IPUIPlugin:80 - create IPUIPlugin
2023-10-22 12:52:47,891 [INFO] IPUIPlugin:80 - create IPUIPlugin
2023-10-22 12:52:47,892 [INFO] IPUIPlugin:80 - create IPUIPlugin
2023-10-22 12:52:47,892 [INFO] IPUIPlugin:80 - create IPUIPlugin
2023-10-22 12:52:47,892 [INFO] IPUIPlugin:80 - create IPUIPlugin
2023-10-22 12:52:47,893 [INFO] IPUIPlugin:80 - create IPUIPlugin
2023-10-22 12:52:47,894 [INFO] IPUIPlugin:80 - create IPUIPlugin
2023-10-22 12:52:47,898 [INFO] IPUIPlugin:80 - create IPUIPlugin
2023-10-22 12:52:47,900 [INFO] IPUIPlugin:80 - create IPUIPlugin
2023-10-22 12:52:47,902 [INFO] IPUIPlugin:80 - create IPUIPlugin
2023-10-22 12:52:47,903 [INFO] IPUIPlugin:80 - create IPUIPlugin
2023-10-22 12:52:48,011 [INFO] ApiDbMcu:507 - Load IP Config File for PDM2PCM
2023-10-22 12:52:48,459 [INFO] CADModel:165 - CPN selected for project levelSTM32F446RET6
2023-10-22 12:52:48,459 [INFO] CADModel:114 - Register for checkConnection events
2023-10-22 12:52:48,511 [INFO] OpenFileManager:328 - Restore cursor
